Log file open, 05/12/18 02:33:22
LogWindows: Failed to load 'aqProf.dll' (GetLastError=126)
LogWindows: File 'aqProf.dll' does not exist
LogWindows: Failed to load 'VtuneApi.dll' (GetLastError=126)
LogWindows: File 'VtuneApi.dll' does not exist
LogWindows: Failed to load 'VtuneApi32e.dll' (GetLastError=126)
LogWindows: File 'VtuneApi32e.dll' does not exist
LogInit: Display: Running engine for game: ue4jam
LogPlatformFile: Not using cached read wrapper
LogInit: Display: RandInit(1830421430) SRandInit(1830421430).
LogTaskGraph: Started task graph with 5 named threads and 14 total threads with 3 sets of task threads.
LogStats: Stats thread started at 0.210222
LogD3D11RHI: Aftermath initialized
LogPluginManager: Mounting plugin Paper2D
LogPluginManager: Mounting plugin LightPropagationVolume
LogPluginManager: Mounting plugin CodeLiteSourceCodeAccess
LogPluginManager: Mounting plugin GitSourceControl
LogPluginManager: Mounting plugin KDevelopSourceCodeAccess
LogPluginManager: Mounting plugin NullSourceCodeAccess
LogPluginManager: Mounting plugin PerforceSourceControl
LogPluginManager: Mounting plugin SubversionSourceControl
LogPluginManager: Mounting plugin UObjectPlugin
LogPluginManager: Mounting plugin VisualStudioSourceCodeAccess
LogPluginManager: Mounting plugin XCodeSourceCodeAccess
LogPluginManager: Mounting plugin AssetManagerEditor
LogPluginManager: Mounting plugin AudioCapture
LogPluginManager: Mounting plugin FacialAnimation
LogPluginManager: Mounting plugin GameplayTagsEditor
LogPluginManager: Mounting plugin MobileLauncherProfileWizard
LogPluginManager: Mounting plugin PluginBrowser
LogPluginManager: Mounting plugin SpeedTreeImporter
LogPluginManager: Mounting plugin AlembicImporter
LogPluginManager: Mounting plugin CharacterAI
LogPluginManager: Mounting plugin HTML5Networking
LogPluginManager: Mounting plugin AndroidMedia
LogPluginManager: Mounting plugin AvfMedia
LogPluginManager: Mounting plugin MediaPlayerEditor
LogPluginManager: Mounting plugin WmfMedia
LogPluginManager: Mounting plugin TcpMessaging
LogPluginManager: Mounting plugin UdpMessaging
LogPluginManager: Mounting plugin LevelSequenceEditor
LogPluginManager: Mounting plugin MatineeToLevelSequence
LogPluginManager: Mounting plugin OnlineSubsystemGooglePlay
LogPluginManager: Mounting plugin OnlineSubsystemIOS
LogPluginManager: Mounting plugin OnlineSubsystem
LogPluginManager: Mounting plugin OnlineSubsystemNull
LogPluginManager: Mounting plugin OnlineSubsystemUtils
LogPluginManager: Mounting plugin AndroidDeviceProfileSelector
LogPluginManager: Mounting plugin AndroidMoviePlayer
LogPluginManager: Mounting plugin AndroidPermission
LogPluginManager: Mounting plugin AppleMoviePlayer
LogPluginManager: Mounting plugin ArchVisCharacter
LogPluginManager: Mounting plugin CableComponent
LogPluginManager: Mounting plugin CustomMeshComponent
LogPluginManager: Mounting plugin ExampleDeviceProfileSelector
LogPluginManager: Mounting plugin GoogleCloudMessaging
LogPluginManager: Mounting plugin ImmediatePhysics
LogPluginManager: Mounting plugin IOSDeviceProfileSelector
LogPluginManager: Mounting plugin LinuxDeviceProfileSelector
LogPluginManager: Mounting plugin LocationServicesBPLibrary
LogPluginManager: Mounting plugin MobilePatchingUtils
LogPluginManager: Mounting plugin OculusVR
LogPluginManager: Mounting plugin PhysXVehicles
LogPluginManager: Mounting plugin ProceduralMeshComponent
LogPluginManager: Mounting plugin RuntimePhysXCooking
LogPluginManager: Mounting plugin SteamVR
LogPluginManager: Mounting plugin WindowsMoviePlayer
LogInit: Using libcurl 7.47.1
LogInit:  - built for x86_64-pc-win32
LogInit:  - supports SSL with OpenSSL/1.0.2g
LogInit:  - supports HTTP deflate (compression) using libz 1.2.8
LogInit:  - other features:
LogInit:      CURL_VERSION_SSL
LogInit:      CURL_VERSION_LIBZ
LogInit:      CURL_VERSION_IPV6
LogInit:      CURL_VERSION_ASYNCHDNS
LogInit:      CURL_VERSION_LARGEFILE
LogInit:      CURL_VERSION_IDN
LogInit:  CurlRequestOptions (configurable via config and command line):
LogInit:  - bVerifyPeer = false  - Libcurl will NOT verify peer certificate
LogInit:  - bUseHttpProxy = false  - Libcurl will NOT use HTTP proxy
LogInit:  - bDontReuseConnections = false  - Libcurl will reuse connections
LogInit:  - CertBundlePath = nullptr  - Libcurl will use whatever was configured at build time.
LogInit: Build: ++UE4+Release-4.17-CL-3658906
LogInit: Engine Version: 4.17.2-3658906+++UE4+Release-4.17
LogInit: Compatible Engine Version: 4.17.0-3573198+++UE4+Release-4.17
LogInit: Net CL: 3573198
LogDevObjectVersion: Number of dev versions registered: 16
LogDevObjectVersion:   Dev-Blueprints (B0D832E4-1F89-4F0D-ACCF-7EB736FD4AA2): 10
LogDevObjectVersion:   Dev-Build (E1C64328-A22C-4D53-A36C-8E866417BD8C): 0
LogDevObjectVersion:   Dev-Core (375EC13C-06E4-48FB-B500-84F0262A717E): 2
LogDevObjectVersion:   Dev-Editor (E4B068ED-F494-42E9-A231-DA0B2E46BB41): 20
LogDevObjectVersion:   Dev-Framework (CFFC743F-43B0-4480-9391-14DF171D2073): 28
LogDevObjectVersion:   Dev-Mobile (B02B49B5-BB20-44E9-A304-32B752E40360): 0
LogDevObjectVersion:   Dev-Networking (A4E4105C-59A1-49B5-A7C5-40C4547EDFEE): 0
LogDevObjectVersion:   Dev-Online (39C831C9-5AE6-47DC-9A44-9C173E1C8E7C): 0
LogDevObjectVersion:   Dev-Physics (78F01B33-EBEA-4F98-B9B4-84EACCB95AA2): 0
LogDevObjectVersion:   Dev-Platform (6631380F-2D4D-43E0-8009-CF276956A95A): 0
LogDevObjectVersion:   Dev-Rendering (12F88B9F-8875-4AFC-A67C-D90C383ABD29): 19
LogDevObjectVersion:   Dev-Sequencer (7B5AE74C-D270-4C10-A958-57980B212A5A): 4
LogDevObjectVersion:   Dev-VR (D7296918-1DD6-4BDD-9DE2-64A83CC13884): 0
LogDevObjectVersion:   Dev-LoadTimes (C2A15278-BFE7-4AFE-6C17-90FF531DF755): 1
LogDevObjectVersion:   Private-Geometry (6EACA3D4-40EC-4CC1-B786-8BED09428FC5): 1
LogDevObjectVersion:   Dev-AnimPhys (29E575DD-E0A3-4627-9D10-D276232CDCEA): 7
LogInit: Compiled (64-bit): Sep 22 2017 13:47:16
LogInit: Compiled with Visual C++: 19.00.24215.01
LogInit: Build Configuration: Development
LogInit: Branch Name: ++UE4+Release-4.17
LogInit: Command line:  
LogInit: Base directory: C:/Program Files/Epic Games/UE_4.17/Engine/Binaries/Win64/
LogInit: Installed Engine Build: 1
LogInit: Presizing for max 8388607 objects, including 0 objects not considered by GC, pre-allocating 0 bytes for permanent pool.
LogInit: Object subsystem initialized
[2018.05.12-01.33.24:279][  0]LogInit: Selected Device Profile: [Windows]
[2018.05.12-01.33.24:279][  0]LogInit: Applying CVar settings loaded from the selected device profile: [Windows]
[2018.05.12-01.33.24:359][  0]LogInit: Computer: CHARLIE-SAN
[2018.05.12-01.33.24:359][  0]LogInit: User: Charlie
[2018.05.12-01.33.24:359][  0]LogInit: CPU Page size=4096, Cores=4
[2018.05.12-01.33.24:359][  0]LogInit: High frequency timer resolution =3.020483 MHz
[2018.05.12-01.33.24:359][  0]LogMemory: Memory total: Physical=8.0GB (8GB approx)
[2018.05.12-01.33.24:359][  0]LogMemory: Platform Memory Stats for Windows
[2018.05.12-01.33.24:359][  0]LogMemory: Process Physical Memory: 277.98 MB used, 277.98 MB peak
[2018.05.12-01.33.24:359][  0]LogMemory: Process Virtual Memory: 274.18 MB used, 274.18 MB peak
[2018.05.12-01.33.24:359][  0]LogMemory: Physical Memory: 6860.40 MB used,  1286.97 MB free, 8147.37 MB total
[2018.05.12-01.33.24:359][  0]LogMemory: Virtual Memory: 706.38 MB used,  1286.97 MB free, 134217728.00 MB total
[2018.05.12-01.33.24:981][  0]LogInit: Using OS detected language (en-GB).
[2018.05.12-01.33.24:981][  0]LogInit: Using OS detected locale (en-GB).
[2018.05.12-01.33.25:659][  0]LogTextLocalizationManager: No specific localization for 'en-GB' exists, so the 'en' localization will be used.
[2018.05.12-01.33.30:168][  0]LogD3D11RHI: D3D11 adapters:
[2018.05.12-01.33.30:835][  0]LogD3D11RHI:    0. 'NVIDIA GeForce GTX 970' (Feature Level 11_0)
[2018.05.12-01.33.30:835][  0]LogD3D11RHI:       4043/0/4073 MB DedicatedVideo/DedicatedSystem/SharedSystem, Outputs:2, VendorId:0x10de
[2018.05.12-01.33.30:839][  0]LogD3D11RHI:    1. 'Microsoft Basic Render Driver' (Feature Level 11_0)
[2018.05.12-01.33.30:839][  0]LogD3D11RHI:       0/0/4073 MB DedicatedVideo/DedicatedSystem/SharedSystem, Outputs:0, VendorId:0x1414
[2018.05.12-01.33.30:839][  0]LogD3D11RHI: Chosen D3D11 Adapter: 0
[2018.05.12-01.33.30:848][  0]LogD3D11RHI: Creating new Direct3DDevice
[2018.05.12-01.33.30:848][  0]LogD3D11RHI:     GPU DeviceId: 0x13c2 (for the marketing name, search the web for "GPU Device Id")
[2018.05.12-01.33.30:848][  0]LogWindows: EnumDisplayDevices:
[2018.05.12-01.33.30:848][  0]LogWindows:    0. 'NVIDIA GeForce GTX 970' (P:1 D:1)
[2018.05.12-01.33.30:849][  0]LogWindows:    1. 'NVIDIA GeForce GTX 970' (P:0 D:1)
[2018.05.12-01.33.30:849][  0]LogWindows:    2. 'NVIDIA GeForce GTX 970' (P:0 D:0)
[2018.05.12-01.33.30:849][  0]LogWindows:    3. 'NVIDIA GeForce GTX 970' (P:0 D:0)
[2018.05.12-01.33.30:849][  0]LogWindows:    4. 'LMIMIRR' (P:0 D:0)
[2018.05.12-01.33.30:849][  0]LogWindows: DebugString: GetVideoDriverDetailsInvalid PrimaryIsNotTheChoosenAdapter GetVideoDriverDetailsInvalid PrimaryIsNotTheChoosenAdapter GetVideoDriverDetailsInvalid PrimaryIsNotTheChoosenAdapter GetVideoDriverDetailsInvalid PrimaryIsNotTheChoosenAdapter GetVideoDriverDetailsInvalid PrimaryIsNotTheChoosenAdapter FoundDriverCount:0 
[2018.05.12-01.33.30:849][  0]LogD3D11RHI:     Adapter Name: NVIDIA GeForce GTX 970
[2018.05.12-01.33.30:849][  0]LogD3D11RHI:   Driver Version: Unknown (internal:Unknown, unified:Unknown)
[2018.05.12-01.33.30:849][  0]LogD3D11RHI:      Driver Date: Unknown
[2018.05.12-01.33.30:849][  0]LogRHI: Texture pool is 1361 MB (70% of 1945 MB)
[2018.05.12-01.33.30:959][  0]LogD3D11RHI: Async texture creation enabled
[2018.05.12-01.33.31:262][  0]LogD3D11RHI: GPU Timing Frequency: 1000.000000 (Debug: 2 4)
[2018.05.12-01.33.31:388][  0]LogShaderCompilers: Guid format shader working directory is -15 characters bigger than the processId version (../../../../../../Users/Charlie.CHARLIE-SAN/Documents/GitHub/UE4JAM/ue4jam/Intermediate/Shaders/WorkingDirectory/13196/).
[2018.05.12-01.33.31:388][  0]LogShaderCompilers: Cleaned the shader compiler working directory 'C:/Users/Charlie.CHARLIE-SAN/AppData/Local/Temp/UnrealShaderWorkingDir/C627310B4E80FA354A3033925714DDA2/'.
[2018.05.12-01.33.31:398][  0]LogShaderCompilers: Display: Using Local Shader Compiler.
[2018.05.12-01.33.35:755][  0]LogTemp: Display: Loaded TP AllDesktopTargetPlatform
[2018.05.12-01.33.35:859][  0]LogTemp: Display: Loaded TP MacClientTargetPlatform
[2018.05.12-01.33.36:110][  0]LogTemp: Display: Loaded TP MacNoEditorTargetPlatform
[2018.05.12-01.33.36:213][  0]LogTemp: Display: Loaded TP MacServerTargetPlatform
[2018.05.12-01.33.36:372][  0]LogTemp: Display: Loaded TP MacTargetPlatform
[2018.05.12-01.33.36:470][  0]LogTemp: Display: Loaded TP WindowsClientTargetPlatform
[2018.05.12-01.33.36:568][  0]LogTemp: Display: Loaded TP WindowsNoEditorTargetPlatform
[2018.05.12-01.33.36:669][  0]LogTemp: Display: Loaded TP WindowsServerTargetPlatform
[2018.05.12-01.33.36:767][  0]LogTemp: Display: Loaded TP WindowsTargetPlatform
[2018.05.12-01.33.36:875][  0]LogTemp: Display: Loaded TP AndroidTargetPlatform
[2018.05.12-01.33.36:974][  0]LogTemp: Display: Loaded TP Android_ASTCTargetPlatform
[2018.05.12-01.33.37:071][  0]LogTemp: Display: Loaded TP Android_ATCTargetPlatform
[2018.05.12-01.33.37:168][  0]LogTemp: Display: Loaded TP Android_DXTTargetPlatform
[2018.05.12-01.33.37:268][  0]LogTemp: Display: Loaded TP Android_ETC1TargetPlatform
[2018.05.12-01.33.37:369][  0]LogTemp: Display: Loaded TP Android_ETC2TargetPlatform
[2018.05.12-01.33.37:563][  0]LogTemp: Display: Loaded TP Android_MultiTargetPlatform
[2018.05.12-01.33.37:563][  0]LogTemp: Display: Loaded TP Android_PVRTCTargetPlatform
[2018.05.12-01.33.37:690][  0]LogTemp: Display: Loaded TP HTML5TargetPlatform
[2018.05.12-01.33.37:921][  0]LogTemp: Display: Loaded TP IOSTargetPlatform
[2018.05.12-01.33.37:976][  0]LogTemp: Display: Loaded TP TVOSTargetPlatform
[2018.05.12-01.33.38:091][  0]LogTemp: Display: Loaded TP LinuxClientTargetPlatform
[2018.05.12-01.33.38:269][  0]LogTemp: Display: Loaded TP LinuxNoEditorTargetPlatform
[2018.05.12-01.33.38:425][  0]LogTemp: Display: Loaded TP LinuxServerTargetPlatform
[2018.05.12-01.33.38:549][  0]LogTemp: Display: Loaded TP LinuxTargetPlatform
[2018.05.12-01.33.38:549][  0]LogTargetPlatformManager: Display: Building Assets For Windows
[2018.05.12-01.33.40:503][  0]LogDerivedDataCache: Display: Max Cache Size: 512 MB
[2018.05.12-01.33.41:411][  0]LogDerivedDataCache: Loaded boot cache 0.88s 93MB C:/Users/Charlie.CHARLIE-SAN/AppData/Local/UnrealEngine/4.17/DerivedDataCache/Boot.ddc.
[2018.05.12-01.33.41:411][  0]LogDerivedDataCache: Display: Loaded Boot cache: C:/Users/Charlie.CHARLIE-SAN/AppData/Local/UnrealEngine/4.17/DerivedDataCache/Boot.ddc
[2018.05.12-01.33.41:411][  0]LogDerivedDataCache: FDerivedDataBackendGraph:  Pak pak cache file ../../../../../../Users/Charlie.CHARLIE-SAN/Documents/GitHub/UE4JAM/ue4jam/DerivedDataCache/DDC.ddp not found, will not use a pak cache.
[2018.05.12-01.33.41:411][  0]LogDerivedDataCache: Unable to find inner node Pak for hierarchical cache Hierarchy.
[2018.05.12-01.33.41:411][  0]LogDerivedDataCache: FDerivedDataBackendGraph:  CompressedPak pak cache file ../../../../../../Users/Charlie.CHARLIE-SAN/Documents/GitHub/UE4JAM/ue4jam/DerivedDataCache/Compressed.ddp not found, will not use a pak cache.
[2018.05.12-01.33.41:411][  0]LogDerivedDataCache: Unable to find inner node CompressedPak for hierarchical cache Hierarchy.
[2018.05.12-01.33.41:474][  0]LogDerivedDataCache: Display: Pak cache opened for reading ../../../Engine/DerivedDataCache/Compressed.ddp.
[2018.05.12-01.33.41:487][  0]LogDerivedDataCache: Using Local data cache path C:/Users/Charlie.CHARLIE-SAN/AppData/Local/UnrealEngine/Common/DerivedDataCache: Writable
[2018.05.12-01.33.41:594][  0]LogMaterial: Verifying Global Shaders for PCD3D_SM5
[2018.05.12-01.33.41:595][  0]LogSlate: Using Freetype 2.6.0
[2018.05.12-01.33.41:743][  0]LogSlate: SlateFontCache - WITH_FREETYPE: 1, WITH_HARFBUZZ: 1
[2018.05.12-01.33.41:743][  0]LogSlate: SlateFontCache - WITH_FREETYPE: 1, WITH_HARFBUZZ: 1
[2018.05.12-01.33.47:793][  0]LogAssetRegistry: FAssetRegistry took 0.0292 seconds to start up
[2018.05.12-01.33.49:352][  0]LogInit: Selected Device Profile: [Windows]
[2018.05.12-01.34.00:351][  0]LogSimplygon: Simplygon DLL not present - disabling.
[2018.05.12-01.34.02:121][  0]LogMeshReduction: Using SimplygonSwarm for distributed automatic mesh merging
[2018.05.12-01.34.02:154][  0]LogMeshReduction: Using QuadricMeshReduction for automatic static mesh reduction
[2018.05.12-01.34.02:154][  0]LogMeshReduction: No automatic skeletal mesh reduction module available
[2018.05.12-01.34.02:154][  0]LogMeshReduction: No automatic mesh merging module available
[2018.05.12-01.34.02:154][  0]LogMeshMerging: No automatic mesh merging module available
[2018.05.12-01.34.04:040][  0]LogContentStreaming: Texture pool size is 0.00 MB
[2018.05.12-01.34.11:418][  0]LogNetVersion: ue4jam , NetCL: 3573198, EngineNetVer: 2, GameNetVer: 0 (Checksum: 3671380056)
[2018.05.12-01.34.13:141][  0]LogPackageLocalizationCache: Processed 5 localized package path(s) for 2 prioritized culture(s) in 0.127559 seconds
[2018.05.12-01.34.13:182][  0]LogUObjectArray: 35825 objects as part of root set at end of initial load.
[2018.05.12-01.34.13:182][  0]LogUObjectAllocator: 7529112 out of 0 bytes used by permanent object pool.
[2018.05.12-01.34.13:182][  0]LogUObjectArray: CloseDisregardForGC: 0/0 objects in disregard for GC pool
[2018.05.12-01.34.13:357][  0]LogInit: WinSock: version 1.1 (2.2), MaxSocks=32767, MaxUdp=65467
[2018.05.12-01.34.45:583][  0]LogTcpMessaging: Initializing TcpMessaging bridge
[2018.05.12-01.34.45:667][  0]LogUdpMessaging: Initializing bridge on interface 0.0.0.0:0 to multicast group 230.0.0.1:6666.
[2018.05.12-01.34.49:757][  0]LogMaterial: Uniform references updated for custom material expression Custom.
[2018.05.12-01.34.52:617][  0]SourceControl: Source control is disabled
[2018.05.12-01.34.52:649][  0]SourceControl: Source control is disabled
[2018.05.12-01.34.53:202][  0]SourceControl: Source control is disabled
[2018.05.12-01.34.53:642][  0]SourceControl: Source control is disabled
[2018.05.12-01.34.58:820][  0]LogAndroidPermission: UAndroidPermissionCallbackProxy::GetInstance
[2018.05.12-01.35.00:280][  0]LogOcInput: OculusInput pre-init called
[2018.05.12-01.35.03:101][  0]LogEngine: Initializing Engine...
[2018.05.12-01.35.04:743][  0]LogHMD: Failed to initialize OpenVR with code 108
[2018.05.12-01.35.07:138][  0]LogStats: UGameplayTagsManager::ConstructGameplayTagTree: Construct from data asset -  0.000 s
[2018.05.12-01.35.07:138][  0]LogStats: UGameplayTagsManager::ConstructGameplayTagTree: GameplayTagTreeChangedEvent.Broadcast -  0.000 s
[2018.05.12-01.35.08:589][  0]LogAIModule: Creating AISystem for world Untitled
[2018.05.12-01.35.09:184][  0]LogInit: XAudio2 using 'T24D390 (NVIDIA High Definition Audio)' : 2 channels at 48 kHz using 16 bits per sample (channel mask 0x3)
[2018.05.12-01.35.09:299][  0]LogInit: FAudioDevice initialized.
[2018.05.12-01.35.09:472][  0]LogDerivedDataCache: Saved boot cache 0.17s 93MB C:/Users/Charlie.CHARLIE-SAN/AppData/Local/UnrealEngine/4.17/DerivedDataCache/Boot.ddc.
[2018.05.12-01.35.09:479][  0]LogInit: Texture streaming: Enabled
[2018.05.12-01.35.12:794][  0]LogEngineSessionManager: EngineSessionManager initialized
[2018.05.12-01.35.15:140][  0]LogInit: Transaction tracking system initialized
[2018.05.12-01.35.16:889][  0]BlueprintLog: New page: Editor Load
[2018.05.12-01.35.24:680][  0]LocalizationService: Localization service is disabled
[2018.05.12-01.35.30:571][  0]LogConsoleResponse: Display: 
[2018.05.12-01.35.36:510][  0]LogFileCache: Scanning file cache for directory 'C:/Users/Charlie.CHARLIE-SAN/Documents/GitHub/UE4JAM/ue4jam/Content/' took 0.04s
[2018.05.12-01.35.36:510][  0]LogCook: Display: Max memory allowance for cook 16384mb min free memory 0mb
[2018.05.12-01.35.36:511][  0]LogCook: Display: Mobile HDR setting 1
[2018.05.12-01.35.36:606][  0]LogGameplayTags: Display: UGameplayTagsManager::DoneAddingNativeTags. DelegateIsBound: 0
[2018.05.12-01.35.47:525][  0]SourceControl: Source control is disabled
[2018.05.12-01.35.47:677][  0]Cmd: MAP LOAD FILE="../../../../../../Users/Charlie.CHARLIE-SAN/Documents/GitHub/UE4JAM/ue4jam/Content/2DSideScrollerBP/Maps/2DSideScrollerExampleMap.umap" TEMPLATE=0 SHOWPROGRESS=1 FEATURELEVEL=3
[2018.05.12-01.35.47:745][  0]LightingResults: New page: Lighting Build
[2018.05.12-01.35.48:833][  0]MapCheck: New page: Map Check
[2018.05.12-01.35.48:833][  0]LightingResults: New page: Lighting Build
[2018.05.12-01.35.58:962][  0]LogAIModule: Creating AISystem for world 2DSideScrollerExampleMap
[2018.05.12-01.36.00:977][  0]LogEditorServer: Finished looking for orphan Actors (0.000 secs)
[2018.05.12-01.36.01:793][  0]Cmd: MAP CHECKDEP NOCLEARLOG
[2018.05.12-01.36.01:993][  0]MapCheck: Map check complete: 0 Error(s), 0 Warning(s), took 199.832ms to complete.
[2018.05.12-01.36.02:024][  0]LogFileHelpers: Loading map '2DSideScrollerExampleMap' took 14.359
[2018.05.12-01.36.09:957][  0]LogCollectionManager: Loaded 0 collections in 0.003056 seconds
[2018.05.12-01.36.10:835][  0]LogFileCache: Scanning file cache for directory 'C:/Users/Charlie.CHARLIE-SAN/Documents/GitHub/UE4JAM/ue4jam/Saved/Collections/' took 0.01s
[2018.05.12-01.36.10:835][  0]LogFileCache: Scanning file cache for directory 'C:/Users/Charlie.CHARLIE-SAN/Documents/GitHub/UE4JAM/ue4jam/Content/Developers/Charlie/Collections/' took 0.01s
[2018.05.12-01.36.10:835][  0]LogFileCache: Scanning file cache for directory 'C:/Users/Charlie.CHARLIE-SAN/Documents/GitHub/UE4JAM/ue4jam/Content/Collections/' took 0.01s
[2018.05.12-01.36.10:835][  0]LogCollectionManager: Rebuilt the GUID cache for 0 collections in 0.000001 seconds
[2018.05.12-01.36.10:850][  0]LogContentBrowser: Native class hierarchy populated in 0.0124 seconds. Added 2386 classes and 500 folders.
[2018.05.12-01.36.11:333][  0]LogContentBrowser: Native class hierarchy updated for 'WidgetCarousel' in 0.0033 seconds. Added 0 classes and 0 folders.
[2018.05.12-01.36.19:180][  0]LogContentBrowser: Native class hierarchy updated for 'AddContentDialog' in 0.0016 seconds. Added 0 classes and 0 folders.
[2018.05.12-01.36.20:427][  0]LogContentBrowser: Native class hierarchy updated for 'SceneOutliner' in 0.0011 seconds. Added 1 classes and 2 folders.
[2018.05.12-01.36.28:026][  0]LogSlate: Took 0.121506 seconds to synchronously load lazily loaded font '../../../Engine/Content/Slate/Fonts/Roboto-Regular.ttf' (155K)
[2018.05.12-01.36.28:531][  0]LogSlate: Took 0.233433 seconds to synchronously load lazily loaded font '../../../Engine/Content/Slate/Fonts/Roboto-Bold.ttf' (160K)
[2018.05.12-01.36.29:204][  0]LogSlate: Took 0.037556 seconds to synchronously load lazily loaded font '../../../Engine/Content/Editor/Slate/Fonts/FontAwesome.ttf' (139K)
[2018.05.12-01.36.33:442][  0]LogRenderer: Reallocating scene render targets to support 1208x620 Format 10 NumSamples 1 (Frame:1).
[2018.05.12-01.36.41:607][  0]LogContentBrowser: Native class hierarchy updated for 'HierarchicalLODOutliner' in 0.0011 seconds. Added 1 classes and 2 folders.
[2018.05.12-01.36.41:608][  0]LogLoad: (Engine Initialization) Total time: 203.97 seconds
[2018.05.12-01.36.41:608][  0]LogLoad: (Engine Initialization) Total Blueprint compile time: 0.00 seconds
[2018.05.12-01.36.41:687][  0]LogExternalProfiler: Found external profiler: VSPerf
[2018.05.12-01.36.41:687][  0]LogExternalProfiler: Using external profiler: VSPerf
[2018.05.12-01.36.44:223][  0]LogContentStreaming: Texture pool size now 1000 MB
[2018.05.12-01.36.48:010][  1]LogSlate: Took 0.072704 seconds to synchronously load lazily loaded font '../../../Engine/Content/Slate/Fonts/Roboto-Light.ttf' (159K)
[2018.05.12-01.36.49:168][  4]LogAssetRegistry: Asset discovery search completed in 181.3971 seconds
[2018.05.12-01.36.49:269][  4]LogCollectionManager: Rebuilt the object cache for 0 collections in 0.000001 seconds (found 0 objects)
[2018.05.12-01.36.49:301][  4]LogCollectionManager: Fixed up redirectors for 0 collections in 0.032292 seconds (updated 0 objects)
[2018.05.12-01.46.21:172][354]LogTemp: Repeating last play command: Selected Viewport
[2018.05.12-01.46.21:359][354]LogBlueprintUserMessages: Early PlayInEditor Detection: Level '/Game/2DSideScrollerBP/Maps/2DSideScrollerExampleMap.2DSideScrollerExampleMap:PersistentLevel' has LevelScriptBlueprint '/Game/2DSideScrollerBP/Maps/2DSideScrollerExampleMap.2DSideScrollerExampleMap:PersistentLevel.2DSideScrollerExampleMap' with GeneratedClass '/Game/2DSideScrollerBP/Maps/2DSideScrollerExampleMap.2DSideScrollerExampleMap_C' with ClassGeneratedBy '/Game/2DSideScrollerBP/Maps/2DSideScrollerExampleMap.2DSideScrollerExampleMap:PersistentLevel.2DSideScrollerExampleMap'
[2018.05.12-01.46.21:371][354]LogPlayLevel: PlayLevel: No blueprints needed recompiling
[2018.05.12-01.46.21:528][354]PIE: New page: PIE session: 2DSideScrollerExampleMap (12 May 2018 03:46:21)
[2018.05.12-01.46.21:549][354]LogPlayLevel: Creating play world package: /Game/2DSideScrollerBP/Maps/UEDPIE_0_2DSideScrollerExampleMap
[2018.05.12-01.46.21:646][354]LogPlayLevel: PIE: StaticDuplicateObject took: (0.095591s)
[2018.05.12-01.46.21:664][354]LogAIModule: Creating AISystem for world 2DSideScrollerExampleMap
[2018.05.12-01.46.21:680][354]LogPlayLevel: PIE: World Init took: (0.033896s)
[2018.05.12-01.46.21:694][354]LogPlayLevel: PIE: Created PIE world by copying editor world from /Game/2DSideScrollerBP/Maps/2DSideScrollerExampleMap.2DSideScrollerExampleMap to /Game/2DSideScrollerBP/Maps/UEDPIE_0_2DSideScrollerExampleMap.2DSideScrollerExampleMap (0.146751s)
[2018.05.12-01.46.21:745][354]LogInit: XAudio2 using 'T24D390 (NVIDIA High Definition Audio)' : 2 channels at 48 kHz using 16 bits per sample (channel mask 0x3)
[2018.05.12-01.46.21:757][354]LogInit: FAudioDevice initialized.
[2018.05.12-01.46.21:857][354]LogLoad: Game class is '2DSideScrollerGameMode_C'
[2018.05.12-01.46.22:092][354]LogWorld: Bringing World /Game/2DSideScrollerBP/Maps/UEDPIE_0_2DSideScrollerExampleMap.2DSideScrollerExampleMap up for play (max tick rate 0) at 2018.05.12-02.46.22
[2018.05.12-01.46.22:193][354]LogWorld: Bringing up level for play took: 0.111956
[2018.05.12-01.46.22:468][354]LogContentBrowser: Native class hierarchy updated for 'MovieSceneCapture' in 0.0010 seconds. Added 11 classes and 0 folders.
[2018.05.12-01.46.22:722][354]PIE: Play in editor start time for /Game/2DSideScrollerBP/Maps/UEDPIE_0_2DSideScrollerExampleMap 0.529
[2018.05.12-01.46.22:722][354]LogBlueprintUserMessages: Late PlayInEditor Detection: Level '/Game/2DSideScrollerBP/Maps/2DSideScrollerExampleMap.2DSideScrollerExampleMap:PersistentLevel' has LevelScriptBlueprint '/Game/2DSideScrollerBP/Maps/2DSideScrollerExampleMap.2DSideScrollerExampleMap:PersistentLevel.2DSideScrollerExampleMap' with GeneratedClass '/Game/2DSideScrollerBP/Maps/2DSideScrollerExampleMap.2DSideScrollerExampleMap_C' with ClassGeneratedBy '/Game/2DSideScrollerBP/Maps/2DSideScrollerExampleMap.2DSideScrollerExampleMap:PersistentLevel.2DSideScrollerExampleMap'
[2018.05.12-01.46.32:203][367]LogBlueprintUserMessages: Early EndPlayMap Detection: Level '/Game/2DSideScrollerBP/Maps/2DSideScrollerExampleMap.2DSideScrollerExampleMap:PersistentLevel' has LevelScriptBlueprint '/Game/2DSideScrollerBP/Maps/2DSideScrollerExampleMap.2DSideScrollerExampleMap:PersistentLevel.2DSideScrollerExampleMap' with GeneratedClass '/Game/2DSideScrollerBP/Maps/2DSideScrollerExampleMap.2DSideScrollerExampleMap_C' with ClassGeneratedBy '/Game/2DSideScrollerBP/Maps/2DSideScrollerExampleMap.2DSideScrollerExampleMap:PersistentLevel.2DSideScrollerExampleMap'
[2018.05.12-01.46.32:461][367]LogBlueprintUserMessages: Late EndPlayMap Detection: Level '/Game/2DSideScrollerBP/Maps/2DSideScrollerExampleMap.2DSideScrollerExampleMap:PersistentLevel' has LevelScriptBlueprint '/Game/2DSideScrollerBP/Maps/2DSideScrollerExampleMap.2DSideScrollerExampleMap:PersistentLevel.2DSideScrollerExampleMap' with GeneratedClass '/Game/2DSideScrollerBP/Maps/2DSideScrollerExampleMap.2DSideScrollerExampleMap_C' with ClassGeneratedBy '/Game/2DSideScrollerBP/Maps/2DSideScrollerExampleMap.2DSideScrollerExampleMap:PersistentLevel.2DSideScrollerExampleMap'
[2018.05.12-01.46.44:882][611]LogSlate: Took 0.000338 seconds to synchronously load lazily loaded font '../../../Engine/Content/Slate/Fonts/Roboto-Light.ttf' (159K)
[2018.05.12-01.46.45:522][611]LogSlate: Took 0.000444 seconds to synchronously load lazily loaded font '../../../Engine/Content/Slate/Fonts/Roboto-Regular.ttf' (155K)
[2018.05.12-01.46.46:699][611]LogContentBrowser: Native class hierarchy updated for 'BlueprintGraph' in 0.0013 seconds. Added 113 classes and 0 folders.
[2018.05.12-01.46.50:588][611]LogSlate: Took 0.000343 seconds to synchronously load lazily loaded font '../../../Engine/Content/Slate/Fonts/Roboto-Light.ttf' (159K)
[2018.05.12-01.46.50:669][611]LogSlate: Took 0.078863 seconds to synchronously load lazily loaded font '../../../Engine/Content/Editor/Slate/Fonts/Roboto-BoldCondensed.ttf' (158K)
[2018.05.12-01.48.01:469][129]LogFactory: FactoryCreateFile: Texture with ReimportTextureFactory (0 0 ../../../../../../Users/Charlie.CHARLIE-SAN/Desktop/AlchemyGame/lead.png)
[2018.05.12-01.48.02:000][129]LogTexture: Display: Building textures: lead (BGRA8, 324X323)
[2018.05.12-01.48.14:183][555]PIE: UWidget::RemoveFromParent() called on '/Engine/Transient.Image_233' which has no UMG parent (if it was added directly to a native Slate widget via TakeWidget() then it must be removed explicitly rather than via RemoveFromParent())
[2018.05.12-01.48.14:225][555]PIE: UWidget::RemoveFromParent() called on '/Engine/Transient.Image_233' which has no UMG parent (if it was added directly to a native Slate widget via TakeWidget() then it must be removed explicitly rather than via RemoveFromParent())
[2018.05.12-01.48.14:227][555]PIE: UWidget::RemoveFromParent() called on '/Engine/Transient.Image_235' which has no UMG parent (if it was added directly to a native Slate widget via TakeWidget() then it must be removed explicitly rather than via RemoveFromParent())
[2018.05.12-01.48.14:255][556]PIE: UWidget::RemoveFromParent() called on '/Engine/Transient.Image_237' which has no UMG parent (if it was added directly to a native Slate widget via TakeWidget() then it must be removed explicitly rather than via RemoveFromParent())
[2018.05.12-01.48.14:279][557]PIE: UWidget::RemoveFromParent() called on '/Engine/Transient.Image_239' which has no UMG parent (if it was added directly to a native Slate widget via TakeWidget() then it must be removed explicitly rather than via RemoveFromParent())
[2018.05.12-01.48.14:301][558]PIE: UWidget::RemoveFromParent() called on '/Engine/Transient.Image_241' which has no UMG parent (if it was added directly to a native Slate widget via TakeWidget() then it must be removed explicitly rather than via RemoveFromParent())
[2018.05.12-01.48.14:323][559]PIE: UWidget::RemoveFromParent() called on '/Engine/Transient.Image_243' which has no UMG parent (if it was added directly to a native Slate widget via TakeWidget() then it must be removed explicitly rather than via RemoveFromParent())
[2018.05.12-01.48.14:344][560]PIE: UWidget::RemoveFromParent() called on '/Engine/Transient.Image_245' which has no UMG parent (if it was added directly to a native Slate widget via TakeWidget() then it must be removed explicitly rather than via RemoveFromParent())
[2018.05.12-01.48.14:367][561]PIE: UWidget::RemoveFromParent() called on '/Engine/Transient.Image_247' which has no UMG parent (if it was added directly to a native Slate widget via TakeWidget() then it must be removed explicitly rather than via RemoveFromParent())
[2018.05.12-01.48.14:388][562]PIE: UWidget::RemoveFromParent() called on '/Engine/Transient.Image_249' which has no UMG parent (if it was added directly to a native Slate widget via TakeWidget() then it must be removed explicitly rather than via RemoveFromParent())
[2018.05.12-01.48.14:410][563]PIE: UWidget::RemoveFromParent() called on '/Engine/Transient.Image_251' which has no UMG parent (if it was added directly to a native Slate widget via TakeWidget() then it must be removed explicitly rather than via RemoveFromParent())
[2018.05.12-01.48.14:431][564]PIE: UWidget::RemoveFromParent() called on '/Engine/Transient.Image_253' which has no UMG parent (if it was added directly to a native Slate widget via TakeWidget() then it must be removed explicitly rather than via RemoveFromParent())
[2018.05.12-01.48.14:452][565]PIE: UWidget::RemoveFromParent() called on '/Engine/Transient.Image_255' which has no UMG parent (if it was added directly to a native Slate widget via TakeWidget() then it must be removed explicitly rather than via RemoveFromParent())
[2018.05.12-01.48.14:455][565]PIE: UWidget::RemoveFromParent() called on '/Engine/Transient.Image_257' which has no UMG parent (if it was added directly to a native Slate widget via TakeWidget() then it must be removed explicitly rather than via RemoveFromParent())
[2018.05.12-01.48.14:479][566]PIE: UWidget::RemoveFromParent() called on '/Engine/Transient.Image_259' which has no UMG parent (if it was added directly to a native Slate widget via TakeWidget() then it must be removed explicitly rather than via RemoveFromParent())
[2018.05.12-01.48.14:500][567]PIE: UWidget::RemoveFromParent() called on '/Engine/Transient.Image_261' which has no UMG parent (if it was added directly to a native Slate widget via TakeWidget() then it must be removed explicitly rather than via RemoveFromParent())
[2018.05.12-01.48.14:522][568]PIE: UWidget::RemoveFromParent() called on '/Engine/Transient.Image_263' which has no UMG parent (if it was added directly to a native Slate widget via TakeWidget() then it must be removed explicitly rather than via RemoveFromParent())
[2018.05.12-01.48.14:544][569]PIE: UWidget::RemoveFromParent() called on '/Engine/Transient.Image_265' which has no UMG parent (if it was added directly to a native Slate widget via TakeWidget() then it must be removed explicitly rather than via RemoveFromParent())
[2018.05.12-01.48.14:565][570]PIE: UWidget::RemoveFromParent() called on '/Engine/Transient.Image_267' which has no UMG parent (if it was added directly to a native Slate widget via TakeWidget() then it must be removed explicitly rather than via RemoveFromParent())
[2018.05.12-01.48.14:594][571]PIE: UWidget::RemoveFromParent() called on '/Engine/Transient.Image_269' which has no UMG parent (if it was added directly to a native Slate widget via TakeWidget() then it must be removed explicitly rather than via RemoveFromParent())
[2018.05.12-01.48.14:596][571]PIE: UWidget::RemoveFromParent() called on '/Engine/Transient.Image_271' which has no UMG parent (if it was added directly to a native Slate widget via TakeWidget() then it must be removed explicitly rather than via RemoveFromParent())
[2018.05.12-01.48.14:619][572]PIE: UWidget::RemoveFromParent() called on '/Engine/Transient.Image_273' which has no UMG parent (if it was added directly to a native Slate widget via TakeWidget() then it must be removed explicitly rather than via RemoveFromParent())
[2018.05.12-01.48.14:641][573]PIE: UWidget::RemoveFromParent() called on '/Engine/Transient.Image_275' which has no UMG parent (if it was added directly to a native Slate widget via TakeWidget() then it must be removed explicitly rather than via RemoveFromParent())
[2018.05.12-01.48.14:662][574]PIE: UWidget::RemoveFromParent() called on '/Engine/Transient.Image_277' which has no UMG parent (if it was added directly to a native Slate widget via TakeWidget() then it must be removed explicitly rather than via RemoveFromParent())
[2018.05.12-01.48.14:684][575]PIE: UWidget::RemoveFromParent() called on '/Engine/Transient.Image_279' which has no UMG parent (if it was added directly to a native Slate widget via TakeWidget() then it must be removed explicitly rather than via RemoveFromParent())
[2018.05.12-01.48.14:708][576]PIE: UWidget::RemoveFromParent() called on '/Engine/Transient.Image_281' which has no UMG parent (if it was added directly to a native Slate widget via TakeWidget() then it must be removed explicitly rather than via RemoveFromParent())
[2018.05.12-01.48.14:729][577]PIE: UWidget::RemoveFromParent() called on '/Engine/Transient.Image_283' which has no UMG parent (if it was added directly to a native Slate widget via TakeWidget() then it must be removed explicitly rather than via RemoveFromParent())
[2018.05.12-01.48.14:749][578]PIE: UWidget::RemoveFromParent() called on '/Engine/Transient.Image_285' which has no UMG parent (if it was added directly to a native Slate widget via TakeWidget() then it must be removed explicitly rather than via RemoveFromParent())
[2018.05.12-01.48.14:752][578]PIE: UWidget::RemoveFromParent() called on '/Engine/Transient.Image_287' which has no UMG parent (if it was added directly to a native Slate widget via TakeWidget() then it must be removed explicitly rather than via RemoveFromParent())
[2018.05.12-01.48.14:774][579]PIE: UWidget::RemoveFromParent() called on '/Engine/Transient.Image_289' which has no UMG parent (if it was added directly to a native Slate widget via TakeWidget() then it must be removed explicitly rather than via RemoveFromParent())
[2018.05.12-01.48.14:806][580]PIE: UWidget::RemoveFromParent() called on '/Engine/Transient.Image_291' which has no UMG parent (if it was added directly to a native Slate widget via TakeWidget() then it must be removed explicitly rather than via RemoveFromParent())
[2018.05.12-01.48.14:828][581]PIE: UWidget::RemoveFromParent() called on '/Engine/Transient.Image_293' which has no UMG parent (if it was added directly to a native Slate widget via TakeWidget() then it must be removed explicitly rather than via RemoveFromParent())
[2018.05.12-01.48.14:851][582]PIE: UWidget::RemoveFromParent() called on '/Engine/Transient.Image_295' which has no UMG parent (if it was added directly to a native Slate widget via TakeWidget() then it must be removed explicitly rather than via RemoveFromParent())
[2018.05.12-01.48.14:875][583]PIE: UWidget::RemoveFromParent() called on '/Engine/Transient.Image_297' which has no UMG parent (if it was added directly to a native Slate widget via TakeWidget() then it must be removed explicitly rather than via RemoveFromParent())
[2018.05.12-01.48.14:898][584]PIE: UWidget::RemoveFromParent() called on '/Engine/Transient.Image_299' which has no UMG parent (if it was added directly to a native Slate widget via TakeWidget() then it must be removed explicitly rather than via RemoveFromParent())
[2018.05.12-01.48.14:919][585]PIE: UWidget::RemoveFromParent() called on '/Engine/Transient.Image_301' which has no UMG parent (if it was added directly to a native Slate widget via TakeWidget() then it must be removed explicitly rather than via RemoveFromParent())
[2018.05.12-01.48.14:941][586]PIE: UWidget::RemoveFromParent() called on '/Engine/Transient.Image_303' which has no UMG parent (if it was added directly to a native Slate widget via TakeWidget() then it must be removed explicitly rather than via RemoveFromParent())
[2018.05.12-01.48.14:962][587]PIE: UWidget::RemoveFromParent() called on '/Engine/Transient.Image_305' which has no UMG parent (if it was added directly to a native Slate widget via TakeWidget() then it must be removed explicitly rather than via RemoveFromParent())
[2018.05.12-01.48.14:984][588]PIE: UWidget::RemoveFromParent() called on '/Engine/Transient.Image_307' which has no UMG parent (if it was added directly to a native Slate widget via TakeWidget() then it must be removed explicitly rather than via RemoveFromParent())
[2018.05.12-01.48.15:007][589]PIE: UWidget::RemoveFromParent() called on '/Engine/Transient.Image_309' which has no UMG parent (if it was added directly to a native Slate widget via TakeWidget() then it must be removed explicitly rather than via RemoveFromParent())
[2018.05.12-01.48.15:010][589]PIE: UWidget::RemoveFromParent() called on '/Engine/Transient.Image_311' which has no UMG parent (if it was added directly to a native Slate widget via TakeWidget() then it must be removed explicitly rather than via RemoveFromParent())
[2018.05.12-01.48.15:031][590]PIE: UWidget::RemoveFromParent() called on '/Engine/Transient.Image_313' which has no UMG parent (if it was added directly to a native Slate widget via TakeWidget() then it must be removed explicitly rather than via RemoveFromParent())
[2018.05.12-01.48.15:052][591]PIE: UWidget::RemoveFromParent() called on '/Engine/Transient.Image_315' which has no UMG parent (if it was added directly to a native Slate widget via TakeWidget() then it must be removed explicitly rather than via RemoveFromParent())
[2018.05.12-01.48.15:075][592]PIE: UWidget::RemoveFromParent() called on '/Engine/Transient.Image_317' which has no UMG parent (if it was added directly to a native Slate widget via TakeWidget() then it must be removed explicitly rather than via RemoveFromParent())
[2018.05.12-01.48.15:095][593]PIE: UWidget::RemoveFromParent() called on '/Engine/Transient.Image_319' which has no UMG parent (if it was added directly to a native Slate widget via TakeWidget() then it must be removed explicitly rather than via RemoveFromParent())
[2018.05.12-01.48.15:098][593]PIE: UWidget::RemoveFromParent() called on '/Engine/Transient.Image_321' which has no UMG parent (if it was added directly to a native Slate widget via TakeWidget() then it must be removed explicitly rather than via RemoveFromParent())
[2018.05.12-01.48.15:120][594]PIE: UWidget::RemoveFromParent() called on '/Engine/Transient.Image_323' which has no UMG parent (if it was added directly to a native Slate widget via TakeWidget() then it must be removed explicitly rather than via RemoveFromParent())
[2018.05.12-01.48.15:141][595]PIE: UWidget::RemoveFromParent() called on '/Engine/Transient.Image_325' which has no UMG parent (if it was added directly to a native Slate widget via TakeWidget() then it must be removed explicitly rather than via RemoveFromParent())
[2018.05.12-01.48.15:143][595]PIE: UWidget::RemoveFromParent() called on '/Engine/Transient.Image_327' which has no UMG parent (if it was added directly to a native Slate widget via TakeWidget() then it must be removed explicitly rather than via RemoveFromParent())
[2018.05.12-01.48.15:164][596]PIE: UWidget::RemoveFromParent() called on '/Engine/Transient.Image_329' which has no UMG parent (if it was added directly to a native Slate widget via TakeWidget() then it must be removed explicitly rather than via RemoveFromParent())
[2018.05.12-01.48.15:186][597]PIE: UWidget::RemoveFromParent() called on '/Engine/Transient.Image_331' which has no UMG parent (if it was added directly to a native Slate widget via TakeWidget() then it must be removed explicitly rather than via RemoveFromParent())
[2018.05.12-01.48.15:209][598]PIE: UWidget::RemoveFromParent() called on '/Engine/Transient.Image_333' which has no UMG parent (if it was added directly to a native Slate widget via TakeWidget() then it must be removed explicitly rather than via RemoveFromParent())
[2018.05.12-01.48.15:235][599]PIE: UWidget::RemoveFromParent() called on '/Engine/Transient.Image_335' which has no UMG parent (if it was added directly to a native Slate widget via TakeWidget() then it must be removed explicitly rather than via RemoveFromParent())
[2018.05.12-01.48.15:257][600]PIE: UWidget::RemoveFromParent() called on '/Engine/Transient.Image_337' which has no UMG parent (if it was added directly to a native Slate widget via TakeWidget() then it must be removed explicitly rather than via RemoveFromParent())
[2018.05.12-01.48.15:278][601]PIE: UWidget::RemoveFromParent() called on '/Engine/Transient.Image_339' which has no UMG parent (if it was added directly to a native Slate widget via TakeWidget() then it must be removed explicitly rather than via RemoveFromParent())
[2018.05.12-01.48.15:280][601]PIE: UWidget::RemoveFromParent() called on '/Engine/Transient.Image_341' which has no UMG parent (if it was added directly to a native Slate widget via TakeWidget() then it must be removed explicitly rather than via RemoveFromParent())
[2018.05.12-01.48.15:301][602]PIE: UWidget::RemoveFromParent() called on '/Engine/Transient.Image_343' which has no UMG parent (if it was added directly to a native Slate widget via TakeWidget() then it must be removed explicitly rather than via RemoveFromParent())
[2018.05.12-01.48.15:306][602]PIE: UWidget::RemoveFromParent() called on '/Engine/Transient.Image_345' which has no UMG parent (if it was added directly to a native Slate widget via TakeWidget() then it must be removed explicitly rather than via RemoveFromParent())
[2018.05.12-01.48.15:332][603]PIE: UWidget::RemoveFromParent() called on '/Engine/Transient.Image_347' which has no UMG parent (if it was added directly to a native Slate widget via TakeWidget() then it must be removed explicitly rather than via RemoveFromParent())
[2018.05.12-01.48.15:358][604]PIE: UWidget::RemoveFromParent() called on '/Engine/Transient.Image_349' which has no UMG parent (if it was added directly to a native Slate widget via TakeWidget() then it must be removed explicitly rather than via RemoveFromParent())
[2018.05.12-01.48.15:381][605]PIE: UWidget::RemoveFromParent() called on '/Engine/Transient.Image_351' which has no UMG parent (if it was added directly to a native Slate widget via TakeWidget() then it must be removed explicitly rather than via RemoveFromParent())
[2018.05.12-01.48.15:403][606]PIE: UWidget::RemoveFromParent() called on '/Engine/Transient.Image_353' which has no UMG parent (if it was added directly to a native Slate widget via TakeWidget() then it must be removed explicitly rather than via RemoveFromParent())
[2018.05.12-01.48.15:427][607]PIE: UWidget::RemoveFromParent() called on '/Engine/Transient.Image_355' which has no UMG parent (if it was added directly to a native Slate widget via TakeWidget() then it must be removed explicitly rather than via RemoveFromParent())
[2018.05.12-01.48.15:456][608]PIE: UWidget::RemoveFromParent() called on '/Engine/Transient.Image_357' which has no UMG parent (if it was added directly to a native Slate widget via TakeWidget() then it must be removed explicitly rather than via RemoveFromParent())
[2018.05.12-01.48.15:478][609]PIE: UWidget::RemoveFromParent() called on '/Engine/Transient.Image_359' which has no UMG parent (if it was added directly to a native Slate widget via TakeWidget() then it must be removed explicitly rather than via RemoveFromParent())
[2018.05.12-01.48.15:499][610]PIE: UWidget::RemoveFromParent() called on '/Engine/Transient.Image_361' which has no UMG parent (if it was added directly to a native Slate widget via TakeWidget() then it must be removed explicitly rather than via RemoveFromParent())
[2018.05.12-01.48.15:522][611]PIE: UWidget::RemoveFromParent() called on '/Engine/Transient.Image_363' which has no UMG parent (if it was added directly to a native Slate widget via TakeWidget() then it must be removed explicitly rather than via RemoveFromParent())
[2018.05.12-01.48.15:546][612]PIE: UWidget::RemoveFromParent() called on '/Engine/Transient.Image_365' which has no UMG parent (if it was added directly to a native Slate widget via TakeWidget() then it must be removed explicitly rather than via RemoveFromParent())
[2018.05.12-01.48.15:577][613]PIE: UWidget::RemoveFromParent() called on '/Engine/Transient.Image_367' which has no UMG parent (if it was added directly to a native Slate widget via TakeWidget() then it must be removed explicitly rather than via RemoveFromParent())
[2018.05.12-01.48.15:599][614]PIE: UWidget::RemoveFromParent() called on '/Engine/Transient.Image_369' which has no UMG parent (if it was added directly to a native Slate widget via TakeWidget() then it must be removed explicitly rather than via RemoveFromParent())
[2018.05.12-01.48.15:620][615]PIE: UWidget::RemoveFromParent() called on '/Engine/Transient.Image_371' which has no UMG parent (if it was added directly to a native Slate widget via TakeWidget() then it must be removed explicitly rather than via RemoveFromParent())
[2018.05.12-01.48.15:642][616]PIE: UWidget::RemoveFromParent() called on '/Engine/Transient.Image_373' which has no UMG parent (if it was added directly to a native Slate widget via TakeWidget() then it must be removed explicitly rather than via RemoveFromParent())
[2018.05.12-01.48.15:665][617]PIE: UWidget::RemoveFromParent() called on '/Engine/Transient.Image_375' which has no UMG parent (if it was added directly to a native Slate widget via TakeWidget() then it must be removed explicitly rather than via RemoveFromParent())
[2018.05.12-01.48.15:685][618]PIE: UWidget::RemoveFromParent() called on '/Engine/Transient.Image_377' which has no UMG parent (if it was added directly to a native Slate widget via TakeWidget() then it must be removed explicitly rather than via RemoveFromParent())
[2018.05.12-01.48.15:709][619]PIE: UWidget::RemoveFromParent() called on '/Engine/Transient.Image_379' which has no UMG parent (if it was added directly to a native Slate widget via TakeWidget() then it must be removed explicitly rather than via RemoveFromParent())
[2018.05.12-01.48.15:731][620]PIE: UWidget::RemoveFromParent() called on '/Engine/Transient.Image_381' which has no UMG parent (if it was added directly to a native Slate widget via TakeWidget() then it must be removed explicitly rather than via RemoveFromParent())
[2018.05.12-01.48.15:753][621]PIE: UWidget::RemoveFromParent() called on '/Engine/Transient.Image_383' which has no UMG parent (if it was added directly to a native Slate widget via TakeWidget() then it must be removed explicitly rather than via RemoveFromParent())
[2018.05.12-01.48.15:775][622]PIE: UWidget::RemoveFromParent() called on '/Engine/Transient.Image_385' which has no UMG parent (if it was added directly to a native Slate widget via TakeWidget() then it must be removed explicitly rather than via RemoveFromParent())
[2018.05.12-01.48.15:796][623]PIE: UWidget::RemoveFromParent() called on '/Engine/Transient.Image_387' which has no UMG parent (if it was added directly to a native Slate widget via TakeWidget() then it must be removed explicitly rather than via RemoveFromParent())
[2018.05.12-01.48.15:817][624]PIE: UWidget::RemoveFromParent() called on '/Engine/Transient.Image_389' which has no UMG parent (if it was added directly to a native Slate widget via TakeWidget() then it must be removed explicitly rather than via RemoveFromParent())
[2018.05.12-01.48.15:839][625]PIE: UWidget::RemoveFromParent() called on '/Engine/Transient.Image_391' which has no UMG parent (if it was added directly to a native Slate widget via TakeWidget() then it must be removed explicitly rather than via RemoveFromParent())
[2018.05.12-01.48.15:862][626]PIE: UWidget::RemoveFromParent() called on '/Engine/Transient.Image_393' which has no UMG parent (if it was added directly to a native Slate widget via TakeWidget() then it must be removed explicitly rather than via RemoveFromParent())
[2018.05.12-01.48.15:891][627]PIE: UWidget::RemoveFromParent() called on '/Engine/Transient.Image_395' which has no UMG parent (if it was added directly to a native Slate widget via TakeWidget() then it must be removed explicitly rather than via RemoveFromParent())
[2018.05.12-01.48.15:913][628]PIE: UWidget::RemoveFromParent() called on '/Engine/Transient.Image_397' which has no UMG parent (if it was added directly to a native Slate widget via TakeWidget() then it must be removed explicitly rather than via RemoveFromParent())
[2018.05.12-01.48.15:935][629]PIE: UWidget::RemoveFromParent() called on '/Engine/Transient.Image_399' which has no UMG parent (if it was added directly to a native Slate widget via TakeWidget() then it must be removed explicitly rather than via RemoveFromParent())
[2018.05.12-01.48.15:957][630]PIE: UWidget::RemoveFromParent() called on '/Engine/Transient.Image_401' which has no UMG parent (if it was added directly to a native Slate widget via TakeWidget() then it must be removed explicitly rather than via RemoveFromParent())
[2018.05.12-01.48.15:980][631]PIE: UWidget::RemoveFromParent() called on '/Engine/Transient.Image_403' which has no UMG parent (if it was added directly to a native Slate widget via TakeWidget() then it must be removed explicitly rather than via RemoveFromParent())
[2018.05.12-01.48.16:007][632]PIE: UWidget::RemoveFromParent() called on '/Engine/Transient.Image_405' which has no UMG parent (if it was added directly to a native Slate widget via TakeWidget() then it must be removed explicitly rather than via RemoveFromParent())
[2018.05.12-01.48.16:028][633]PIE: UWidget::RemoveFromParent() called on '/Engine/Transient.Image_407' which has no UMG parent (if it was added directly to a native Slate widget via TakeWidget() then it must be removed explicitly rather than via RemoveFromParent())
[2018.05.12-01.48.16:049][634]PIE: UWidget::RemoveFromParent() called on '/Engine/Transient.Image_409' which has no UMG parent (if it was added directly to a native Slate widget via TakeWidget() then it must be removed explicitly rather than via RemoveFromParent())
[2018.05.12-01.48.16:074][635]PIE: UWidget::RemoveFromParent() called on '/Engine/Transient.Image_411' which has no UMG parent (if it was added directly to a native Slate widget via TakeWidget() then it must be removed explicitly rather than via RemoveFromParent())
[2018.05.12-01.48.16:095][636]PIE: UWidget::RemoveFromParent() called on '/Engine/Transient.Image_413' which has no UMG parent (if it was added directly to a native Slate widget via TakeWidget() then it must be removed explicitly rather than via RemoveFromParent())
[2018.05.12-01.48.16:117][637]PIE: UWidget::RemoveFromParent() called on '/Engine/Transient.Image_415' which has no UMG parent (if it was added directly to a native Slate widget via TakeWidget() then it must be removed explicitly rather than via RemoveFromParent())
[2018.05.12-01.48.16:138][638]PIE: UWidget::RemoveFromParent() called on '/Engine/Transient.Image_417' which has no UMG parent (if it was added directly to a native Slate widget via TakeWidget() then it must be removed explicitly rather than via RemoveFromParent())
[2018.05.12-01.48.16:160][639]PIE: UWidget::RemoveFromParent() called on '/Engine/Transient.Image_419' which has no UMG parent (if it was added directly to a native Slate widget via TakeWidget() then it must be removed explicitly rather than via RemoveFromParent())
[2018.05.12-01.48.16:182][640]PIE: UWidget::RemoveFromParent() called on '/Engine/Transient.Image_421' which has no UMG parent (if it was added directly to a native Slate widget via TakeWidget() then it must be removed explicitly rather than via RemoveFromParent())
[2018.05.12-01.48.17:822][701]BlueprintLog: New page: Compile Scroll
[2018.05.12-01.48.21:602][998]LogTemp: Repeating last play command: Selected Viewport
[2018.05.12-01.48.21:626][998]LogBlueprintUserMessages: Early PlayInEditor Detection: Level '/Game/2DSideScrollerBP/Maps/2DSideScrollerExampleMap.2DSideScrollerExampleMap:PersistentLevel' has LevelScriptBlueprint '/Game/2DSideScrollerBP/Maps/2DSideScrollerExampleMap.2DSideScrollerExampleMap:PersistentLevel.2DSideScrollerExampleMap' with GeneratedClass '/Game/2DSideScrollerBP/Maps/2DSideScrollerExampleMap.2DSideScrollerExampleMap_C' with ClassGeneratedBy '/Game/2DSideScrollerBP/Maps/2DSideScrollerExampleMap.2DSideScrollerExampleMap:PersistentLevel.2DSideScrollerExampleMap'
[2018.05.12-01.48.21:626][998]LogPlayLevel: PlayLevel: No blueprints needed recompiling
[2018.05.12-01.48.21:626][998]PIE: New page: PIE session: 2DSideScrollerExampleMap (12 May 2018 03:48:21)
[2018.05.12-01.48.21:626][998]LogPlayLevel: Creating play world package: /Game/2DSideScrollerBP/Maps/UEDPIE_0_2DSideScrollerExampleMap
[2018.05.12-01.48.21:629][998]LogPlayLevel: PIE: StaticDuplicateObject took: (0.002379s)
[2018.05.12-01.48.21:629][998]LogAIModule: Creating AISystem for world 2DSideScrollerExampleMap
[2018.05.12-01.48.21:630][998]LogPlayLevel: PIE: World Init took: (0.000957s)
[2018.05.12-01.48.21:630][998]LogPlayLevel: PIE: Created PIE world by copying editor world from /Game/2DSideScrollerBP/Maps/2DSideScrollerExampleMap.2DSideScrollerExampleMap to /Game/2DSideScrollerBP/Maps/UEDPIE_0_2DSideScrollerExampleMap.2DSideScrollerExampleMap (0.003678s)
[2018.05.12-01.48.21:690][998]LogInit: XAudio2 using 'T24D390 (NVIDIA High Definition Audio)' : 2 channels at 48 kHz using 16 bits per sample (channel mask 0x3)
[2018.05.12-01.48.21:700][998]LogInit: FAudioDevice initialized.
[2018.05.12-01.48.21:732][998]LogLoad: Game class is '2DSideScrollerGameMode_C'
[2018.05.12-01.48.21:734][998]LogWorld: Bringing World /Game/2DSideScrollerBP/Maps/UEDPIE_0_2DSideScrollerExampleMap.2DSideScrollerExampleMap up for play (max tick rate 0) at 2018.05.12-02.48.21
[2018.05.12-01.48.21:734][998]LogWorld: Bringing up level for play took: 0.001245
[2018.05.12-01.48.21:736][998]PIE: Play in editor start time for /Game/2DSideScrollerBP/Maps/UEDPIE_0_2DSideScrollerExampleMap -0.456
[2018.05.12-01.48.21:737][998]LogBlueprintUserMessages: Late PlayInEditor Detection: Level '/Game/2DSideScrollerBP/Maps/2DSideScrollerExampleMap.2DSideScrollerExampleMap:PersistentLevel' has LevelScriptBlueprint '/Game/2DSideScrollerBP/Maps/2DSideScrollerExampleMap.2DSideScrollerExampleMap:PersistentLevel.2DSideScrollerExampleMap' with GeneratedClass '/Game/2DSideScrollerBP/Maps/2DSideScrollerExampleMap.2DSideScrollerExampleMap_C' with ClassGeneratedBy '/Game/2DSideScrollerBP/Maps/2DSideScrollerExampleMap.2DSideScrollerExampleMap:PersistentLevel.2DSideScrollerExampleMap'
[2018.05.12-01.48.31:811][163]LogBlueprintUserMessages: Early EndPlayMap Detection: Level '/Game/2DSideScrollerBP/Maps/2DSideScrollerExampleMap.2DSideScrollerExampleMap:PersistentLevel' has LevelScriptBlueprint '/Game/2DSideScrollerBP/Maps/2DSideScrollerExampleMap.2DSideScrollerExampleMap:PersistentLevel.2DSideScrollerExampleMap' with GeneratedClass '/Game/2DSideScrollerBP/Maps/2DSideScrollerExampleMap.2DSideScrollerExampleMap_C' with ClassGeneratedBy '/Game/2DSideScrollerBP/Maps/2DSideScrollerExampleMap.2DSideScrollerExampleMap:PersistentLevel.2DSideScrollerExampleMap'
[2018.05.12-01.48.31:847][163]LogBlueprintUserMessages: Late EndPlayMap Detection: Level '/Game/2DSideScrollerBP/Maps/2DSideScrollerExampleMap.2DSideScrollerExampleMap:PersistentLevel' has LevelScriptBlueprint '/Game/2DSideScrollerBP/Maps/2DSideScrollerExampleMap.2DSideScrollerExampleMap:PersistentLevel.2DSideScrollerExampleMap' with GeneratedClass '/Game/2DSideScrollerBP/Maps/2DSideScrollerExampleMap.2DSideScrollerExampleMap_C' with ClassGeneratedBy '/Game/2DSideScrollerBP/Maps/2DSideScrollerExampleMap.2DSideScrollerExampleMap:PersistentLevel.2DSideScrollerExampleMap'
[2018.05.12-01.48.35:044][334]LogSlate: Took 0.054847 seconds to synchronously load lazily loaded font '../../../Engine/Content/Editor/Slate/Fonts/Roboto-Italic.ttf' (157K)
[2018.05.12-01.48.58:843][ 30]BlueprintLog: New page: Compile 2DSideScrollerExampleMap
[2018.05.12-01.49.01:360][221]LogTemp: Repeating last play command: Selected Viewport
[2018.05.12-01.49.01:380][221]LogBlueprintUserMessages: Early PlayInEditor Detection: Level '/Game/2DSideScrollerBP/Maps/2DSideScrollerExampleMap.2DSideScrollerExampleMap:PersistentLevel' has LevelScriptBlueprint '/Game/2DSideScrollerBP/Maps/2DSideScrollerExampleMap.2DSideScrollerExampleMap:PersistentLevel.2DSideScrollerExampleMap' with GeneratedClass '/Game/2DSideScrollerBP/Maps/2DSideScrollerExampleMap.2DSideScrollerExampleMap_C' with ClassGeneratedBy '/Game/2DSideScrollerBP/Maps/2DSideScrollerExampleMap.2DSideScrollerExampleMap:PersistentLevel.2DSideScrollerExampleMap'
[2018.05.12-01.49.01:380][221]LogPlayLevel: PlayLevel: No blueprints needed recompiling
[2018.05.12-01.49.01:380][221]PIE: New page: PIE session: 2DSideScrollerExampleMap (12 May 2018 03:49:01)
[2018.05.12-01.49.01:380][221]LogPlayLevel: Creating play world package: /Game/2DSideScrollerBP/Maps/UEDPIE_0_2DSideScrollerExampleMap
[2018.05.12-01.49.01:382][221]LogPlayLevel: PIE: StaticDuplicateObject took: (0.002281s)
[2018.05.12-01.49.01:383][221]LogAIModule: Creating AISystem for world 2DSideScrollerExampleMap
[2018.05.12-01.49.01:384][221]LogPlayLevel: PIE: World Init took: (0.001000s)
[2018.05.12-01.49.01:384][221]LogPlayLevel: PIE: Created PIE world by copying editor world from /Game/2DSideScrollerBP/Maps/2DSideScrollerExampleMap.2DSideScrollerExampleMap to /Game/2DSideScrollerBP/Maps/UEDPIE_0_2DSideScrollerExampleMap.2DSideScrollerExampleMap (0.003634s)
[2018.05.12-01.49.01:413][221]LogInit: XAudio2 using 'T24D390 (NVIDIA High Definition Audio)' : 2 channels at 48 kHz using 16 bits per sample (channel mask 0x3)
[2018.05.12-01.49.01:472][221]LogInit: FAudioDevice initialized.
[2018.05.12-01.49.01:510][221]LogLoad: Game class is '2DSideScrollerGameMode_C'
[2018.05.12-01.49.01:512][221]LogWorld: Bringing World /Game/2DSideScrollerBP/Maps/UEDPIE_0_2DSideScrollerExampleMap.2DSideScrollerExampleMap up for play (max tick rate 0) at 2018.05.12-02.49.01
[2018.05.12-01.49.01:512][221]LogWorld: Bringing up level for play took: 0.001218
[2018.05.12-01.49.01:550][221]PIE: Play in editor start time for /Game/2DSideScrollerBP/Maps/UEDPIE_0_2DSideScrollerExampleMap -0.642
[2018.05.12-01.49.01:551][221]LogBlueprintUserMessages: Late PlayInEditor Detection: Level '/Game/2DSideScrollerBP/Maps/2DSideScrollerExampleMap.2DSideScrollerExampleMap:PersistentLevel' has LevelScriptBlueprint '/Game/2DSideScrollerBP/Maps/2DSideScrollerExampleMap.2DSideScrollerExampleMap:PersistentLevel.2DSideScrollerExampleMap' with GeneratedClass '/Game/2DSideScrollerBP/Maps/2DSideScrollerExampleMap.2DSideScrollerExampleMap_C' with ClassGeneratedBy '/Game/2DSideScrollerBP/Maps/2DSideScrollerExampleMap.2DSideScrollerExampleMap:PersistentLevel.2DSideScrollerExampleMap'
[2018.05.12-01.49.39:768][ 38]Cmd: TRANSACTION UNDO
[2018.05.12-01.49.39:768][ 38]LogEditorTransaction: Undo Resize Widget
[2018.05.12-01.49.40:131][ 38]Cmd: TRANSACTION UNDO
[2018.05.12-01.49.40:131][ 38]LogEditorTransaction: Undo Resize Widget
[2018.05.12-01.49.40:280][ 39]Cmd: TRANSACTION UNDO
[2018.05.12-01.49.40:280][ 39]LogEditorTransaction: Undo Move Widget (Render Transform)
[2018.05.12-01.49.40:677][ 51]Cmd: TRANSACTION UNDO
[2018.05.12-01.49.40:677][ 51]LogEditorTransaction: Undo Resize Widget
[2018.05.12-01.49.41:109][ 65]Cmd: TRANSACTION UNDO
[2018.05.12-01.49.41:109][ 65]LogEditorTransaction: Undo Resize Widget
[2018.05.12-01.49.41:513][ 78]Cmd: TRANSACTION UNDO
[2018.05.12-01.49.41:513][ 78]LogEditorTransaction: Undo Move Widget
[2018.05.12-01.49.51:129][436]PIE: UWidget::RemoveFromParent() called on '/Game/2DSideScrollerBP/Blueprints/Assets/Widgets/Scroll.Scroll:WidgetTree.btnLead' which has no UMG parent (if it was added directly to a native Slate widget via TakeWidget() then it must be removed explicitly rather than via RemoveFromParent())
[2018.05.12-01.49.59:974][776]LogWindows: Windows GetLastError: The operation completed successfully. (0)
[2018.05.12-01.50.14:304][776]LogWindows: Error: === Critical error: ===
[2018.05.12-01.50.14:304][776]LogWindows: Error: 
[2018.05.12-01.50.14:304][776]LogWindows: Error: Assertion failed: IsValid() [File:D:\Build\++UE4+Release-4.17+Compile\Sync\Engine\Source\Runtime\Core\Public\Templates/SharedPointer.h] [Line: 835] 
[2018.05.12-01.50.14:304][776]LogWindows: Error: 
[2018.05.12-01.50.14:304][776]LogWindows: Error: 
[2018.05.12-01.50.14:304][776]LogWindows: Error: 
[2018.05.12-01.50.14:304][776]LogWindows: Error: KERNELBASE.dll!0x00000000FECA4008
[2018.05.12-01.50.14:304][776]LogWindows: Error: UE4Editor-Core.dll!0x00000000C2001CE4
[2018.05.12-01.50.14:304][776]LogWindows: Error: UE4Editor-Core.dll!0x00000000C1DEAD5B
[2018.05.12-01.50.14:304][776]LogWindows: Error: UE4Editor-Core.dll!0x00000000C1D80179
[2018.05.12-01.50.14:304][776]LogWindows: Error: UE4Editor-UMG.dll!0x00000000C37B4DDD
[2018.05.12-01.50.14:304][776]LogWindows: Error: UE4Editor-UMG.dll!0x00000000C377BFBA
[2018.05.12-01.50.14:304][776]LogWindows: Error: UE4Editor-Engine.dll!0x00000000AE0594A6
[2018.05.12-01.50.14:305][776]LogWindows: Error: UE4Editor-UMGEditor.dll!0x00000000ABFA6D92
[2018.05.12-01.50.14:305][776]LogWindows: Error: UE4Editor-UMGEditor.dll!0x00000000ABFA6970
[2018.05.12-01.50.14:305][776]LogWindows: Error: UE4Editor-UMGEditor.dll!0x00000000ABFA94D1
[2018.05.12-01.50.14:305][776]LogWindows: Error: UE4Editor-PropertyEditor.dll!0x00000000AD02E3F2
[2018.05.12-01.50.14:305][776]LogWindows: Error: UE4Editor-PropertyEditor.dll!0x00000000AD022D48
[2018.05.12-01.50.14:305][776]LogWindows: Error: UE4Editor-PropertyEditor.dll!0x00000000AD0232E9
[2018.05.12-01.50.14:305][776]LogWindows: Error: UE4Editor-PropertyEditor.dll!0x00000000AD065948
[2018.05.12-01.50.14:305][776]LogWindows: Error: UE4Editor-PropertyEditor.dll!0x00000000ACF64478
[2018.05.12-01.50.14:305][776]LogWindows: Error: UE4Editor-PropertyEditor.dll!0x00000000ACEE11B7
[2018.05.12-01.50.14:305][776]LogWindows: Error: UE4Editor-PropertyEditor.dll!0x00000000ACEE65B7
[2018.05.12-01.50.14:305][776]LogWindows: Error: UE4Editor-PropertyEditor.dll!0x00000000ACE8E4C5
[2018.05.12-01.50.14:305][776]LogWindows: Error: UE4Editor-PropertyEditor.dll!0x00000000ACF8419E
[2018.05.12-01.50.14:305][776]LogWindows: Error: UE4Editor-PropertyEditor.dll!0x00000000ACEE2297
[2018.05.12-01.50.14:305][776]LogWindows: Error: UE4Editor-PropertyEditor.dll!0x00000000ACEE7717
[2018.05.12-01.50.14:305][776]LogWindows: Error: UE4Editor-Slate.dll!0x00000000C4CF9B09
[2018.05.12-01.50.14:305][776]LogWindows: Error: UE4Editor-Slate.dll!0x00000000C4CFAB99
[2018.05.12-01.50.14:305][776]LogWindows: Error: UE4Editor-Slate.dll!0x00000000C4C826FB
[2018.05.12-01.50.14:305][776]LogWindows: Error: UE4Editor-Slate.dll!0x00000000C4AA4761
[2018.05.12-01.50.14:305][776]LogWindows: Error: UE4Editor-Slate.dll!0x00000000C4A760BE
[2018.05.12-01.50.14:305][776]LogWindows: Error: UE4Editor-Slate.dll!0x00000000C4A77CC6
[2018.05.12-01.50.14:305][776]LogWindows: Error: UE4Editor-Slate.dll!0x00000000C4AF80B7
[2018.05.12-01.50.14:305][776]LogWindows: Error: UE4Editor-Slate.dll!0x00000000C4AE9B18
[2018.05.12-01.50.14:305][776]LogWindows: Error: UE4Editor-Core.dll!0x00000000C1FDB498
[2018.05.12-01.50.14:305][776]LogWindows: Error: UE4Editor-Core.dll!0x00000000C1FC3EE1
[2018.05.12-01.50.14:305][776]LogWindows: Error: UE4Editor-Core.dll!0x00000000C1FDD5BB
[2018.05.12-01.50.14:305][776]LogWindows: Error: UE4Editor-Core.dll!0x00000000C1FBF042
[2018.05.12-01.50.14:305][776]LogWindows: Error: USER32.dll!0x000000000089B85D
[2018.05.12-01.50.14:305][776]LogWindows: Error: USER32.dll!0x000000000089B1EF
[2018.05.12-01.50.14:305][776]LogWindows: Error: UE4Editor-Core.dll!0x00000000C1FDDCC6
[2018.05.12-01.50.14:305][776]LogWindows: Error: UE4Editor.exe!0x0000000041594BE2
[2018.05.12-01.50.14:305][776]LogWindows: Error: UE4Editor.exe!0x00000000415A3970
[2018.05.12-01.50.14:305][776]LogWindows: Error: UE4Editor.exe!0x00000000415A39EA
[2018.05.12-01.50.14:305][776]LogWindows: Error: UE4Editor.exe!0x00000000415B02D9
[2018.05.12-01.50.14:305][776]LogWindows: Error: UE4Editor.exe!0x00000000415B1C47
[2018.05.12-01.50.14:305][776]LogWindows: Error: KERNEL32.DLL!0x0000000000581FE4
[2018.05.12-01.50.14:305][776]LogWindows: Error: ntdll.dll!0x00000000028DF061
[2018.05.12-01.50.14:306][776]LogWindows: Error: ntdll.dll!0x00000000028DF061
[2018.05.12-01.50.14:306][776]LogWindows: Error: 
[2018.05.12-01.50.14:404][776]LogExit: Executing StaticShutdownAfterError
[2018.05.12-01.50.15:222][776]LogWindows: FPlatformMisc::RequestExit(1)
[2018.05.12-01.50.15:253][776]Log file closed, 05/12/18 02:50:15
