Log file open, 05/12/18 03:39:37
LogWindows: Failed to load 'aqProf.dll' (GetLastError=126)
LogWindows: File 'aqProf.dll' does not exist
LogWindows: Failed to load 'VtuneApi.dll' (GetLastError=126)
LogWindows: File 'VtuneApi.dll' does not exist
LogWindows: Failed to load 'VtuneApi32e.dll' (GetLastError=126)
LogWindows: File 'VtuneApi32e.dll' does not exist
LogInit: Display: Running engine for game: ue4jam
LogPlatformFile: Not using cached read wrapper
LogInit: Display: RandInit(-1300907840) SRandInit(-1300907840).
LogTaskGraph: Started task graph with 5 named threads and 20 total threads with 3 sets of task threads.
LogStats: Stats thread started at 0.322731
LogD3D11RHI: Aftermath initialized
LogPluginManager: Mounting plugin Paper2D
LogPluginManager: Mounting plugin LightPropagationVolume
LogPluginManager: Mounting plugin CodeLiteSourceCodeAccess
LogPluginManager: Mounting plugin GitSourceControl
LogPluginManager: Mounting plugin KDevelopSourceCodeAccess
LogPluginManager: Mounting plugin NullSourceCodeAccess
LogPluginManager: Mounting plugin PerforceSourceControl
LogPluginManager: Mounting plugin SubversionSourceControl
LogPluginManager: Mounting plugin UObjectPlugin
LogPluginManager: Mounting plugin VisualStudioSourceCodeAccess
LogPluginManager: Mounting plugin XCodeSourceCodeAccess
LogPluginManager: Mounting plugin AssetManagerEditor
LogPluginManager: Mounting plugin AudioCapture
LogPluginManager: Mounting plugin FacialAnimation
LogPluginManager: Mounting plugin GameplayTagsEditor
LogPluginManager: Mounting plugin MobileLauncherProfileWizard
LogPluginManager: Mounting plugin PluginBrowser
LogPluginManager: Mounting plugin SpeedTreeImporter
LogPluginManager: Mounting plugin AlembicImporter
LogPluginManager: Mounting plugin CharacterAI
LogPluginManager: Mounting plugin HTML5Networking
LogPluginManager: Mounting plugin AndroidMedia
LogPluginManager: Mounting plugin AvfMedia
LogPluginManager: Mounting plugin MediaPlayerEditor
LogPluginManager: Mounting plugin WmfMedia
LogPluginManager: Mounting plugin TcpMessaging
LogPluginManager: Mounting plugin UdpMessaging
LogPluginManager: Mounting plugin LevelSequenceEditor
LogPluginManager: Mounting plugin MatineeToLevelSequence
LogPluginManager: Mounting plugin OnlineSubsystemGooglePlay
LogPluginManager: Mounting plugin OnlineSubsystemIOS
LogPluginManager: Mounting plugin OnlineSubsystem
LogPluginManager: Mounting plugin OnlineSubsystemNull
LogPluginManager: Mounting plugin OnlineSubsystemUtils
LogPluginManager: Mounting plugin AndroidDeviceProfileSelector
LogPluginManager: Mounting plugin AndroidMoviePlayer
LogPluginManager: Mounting plugin AndroidPermission
LogPluginManager: Mounting plugin AppleMoviePlayer
LogPluginManager: Mounting plugin ArchVisCharacter
LogPluginManager: Mounting plugin CableComponent
LogPluginManager: Mounting plugin CustomMeshComponent
LogPluginManager: Mounting plugin ExampleDeviceProfileSelector
LogPluginManager: Mounting plugin GoogleCloudMessaging
LogPluginManager: Mounting plugin ImmediatePhysics
LogPluginManager: Mounting plugin IOSDeviceProfileSelector
LogPluginManager: Mounting plugin LinuxDeviceProfileSelector
LogPluginManager: Mounting plugin LocationServicesBPLibrary
LogPluginManager: Mounting plugin MobilePatchingUtils
LogPluginManager: Mounting plugin OculusVR
LogPluginManager: Mounting plugin PhysXVehicles
LogPluginManager: Mounting plugin ProceduralMeshComponent
LogPluginManager: Mounting plugin RuntimePhysXCooking
LogPluginManager: Mounting plugin SteamVR
LogPluginManager: Mounting plugin WindowsMoviePlayer
LogInit: Using libcurl 7.47.1
LogInit:  - built for x86_64-pc-win32
LogInit:  - supports SSL with OpenSSL/1.0.2g
LogInit:  - supports HTTP deflate (compression) using libz 1.2.8
LogInit:  - other features:
LogInit:      CURL_VERSION_SSL
LogInit:      CURL_VERSION_LIBZ
LogInit:      CURL_VERSION_IPV6
LogInit:      CURL_VERSION_ASYNCHDNS
LogInit:      CURL_VERSION_LARGEFILE
LogInit:      CURL_VERSION_IDN
LogInit:  CurlRequestOptions (configurable via config and command line):
LogInit:  - bVerifyPeer = false  - Libcurl will NOT verify peer certificate
LogInit:  - bUseHttpProxy = false  - Libcurl will NOT use HTTP proxy
LogInit:  - bDontReuseConnections = false  - Libcurl will reuse connections
LogInit:  - CertBundlePath = nullptr  - Libcurl will use whatever was configured at build time.
LogInit: Build: ++UE4+Release-4.17-CL-3658906
LogInit: Engine Version: 4.17.2-3658906+++UE4+Release-4.17
LogInit: Compatible Engine Version: 4.17.0-3573198+++UE4+Release-4.17
LogInit: Net CL: 3573198
LogDevObjectVersion: Number of dev versions registered: 16
LogDevObjectVersion:   Dev-Blueprints (B0D832E4-1F89-4F0D-ACCF-7EB736FD4AA2): 10
LogDevObjectVersion:   Dev-Build (E1C64328-A22C-4D53-A36C-8E866417BD8C): 0
LogDevObjectVersion:   Dev-Core (375EC13C-06E4-48FB-B500-84F0262A717E): 2
LogDevObjectVersion:   Dev-Editor (E4B068ED-F494-42E9-A231-DA0B2E46BB41): 20
LogDevObjectVersion:   Dev-Framework (CFFC743F-43B0-4480-9391-14DF171D2073): 28
LogDevObjectVersion:   Dev-Mobile (B02B49B5-BB20-44E9-A304-32B752E40360): 0
LogDevObjectVersion:   Dev-Networking (A4E4105C-59A1-49B5-A7C5-40C4547EDFEE): 0
LogDevObjectVersion:   Dev-Online (39C831C9-5AE6-47DC-9A44-9C173E1C8E7C): 0
LogDevObjectVersion:   Dev-Physics (78F01B33-EBEA-4F98-B9B4-84EACCB95AA2): 0
LogDevObjectVersion:   Dev-Platform (6631380F-2D4D-43E0-8009-CF276956A95A): 0
LogDevObjectVersion:   Dev-Rendering (12F88B9F-8875-4AFC-A67C-D90C383ABD29): 19
LogDevObjectVersion:   Dev-Sequencer (7B5AE74C-D270-4C10-A958-57980B212A5A): 4
LogDevObjectVersion:   Dev-VR (D7296918-1DD6-4BDD-9DE2-64A83CC13884): 0
LogDevObjectVersion:   Dev-LoadTimes (C2A15278-BFE7-4AFE-6C17-90FF531DF755): 1
LogDevObjectVersion:   Private-Geometry (6EACA3D4-40EC-4CC1-B786-8BED09428FC5): 1
LogDevObjectVersion:   Dev-AnimPhys (29E575DD-E0A3-4627-9D10-D276232CDCEA): 7
LogInit: Compiled (64-bit): Sep 22 2017 13:47:16
LogInit: Compiled with Visual C++: 19.00.24215.01
LogInit: Build Configuration: Development
LogInit: Branch Name: ++UE4+Release-4.17
LogInit: Command line: -EpicPortal 
LogInit: Base directory: F:/Program Files/Epic Games/UE_4.17/Engine/Binaries/Win64/
LogInit: Installed Engine Build: 1
LogInit: Presizing for max 8388607 objects, including 0 objects not considered by GC, pre-allocating 0 bytes for permanent pool.
LogInit: Object subsystem initialized
[2018.05.12-02.39.37:882][  0]LogInit: Selected Device Profile: [Windows]
[2018.05.12-02.39.37:882][  0]LogInit: Applying CVar settings loaded from the selected device profile: [Windows]
[2018.05.12-02.39.38:020][  0]LogInit: Computer: DESKTOP-QTBRILQ
[2018.05.12-02.39.38:020][  0]LogInit: User: Davies
[2018.05.12-02.39.38:020][  0]LogInit: CPU Page size=4096, Cores=6
[2018.05.12-02.39.38:020][  0]LogInit: High frequency timer resolution =3.119143 MHz
[2018.05.12-02.39.38:020][  0]LogMemory: Memory total: Physical=16.0GB (16GB approx)
[2018.05.12-02.39.38:020][  0]LogMemory: Platform Memory Stats for Windows
[2018.05.12-02.39.38:020][  0]LogMemory: Process Physical Memory: 281.40 MB used, 281.40 MB peak
[2018.05.12-02.39.38:020][  0]LogMemory: Process Virtual Memory: 283.06 MB used, 283.06 MB peak
[2018.05.12-02.39.38:020][  0]LogMemory: Physical Memory: 7029.82 MB used,  9306.97 MB free, 16336.79 MB total
[2018.05.12-02.39.38:020][  0]LogMemory: Virtual Memory: 707.07 MB used,  9306.97 MB free, 134217728.00 MB total
[2018.05.12-02.39.38:171][  0]LogInit: Using OS detected language (en-GB).
[2018.05.12-02.39.38:172][  0]LogInit: Using OS detected locale (en-GB).
[2018.05.12-02.39.38:175][  0]LogTextLocalizationManager: No specific localization for 'en-GB' exists, so the 'en' localization will be used.
[2018.05.12-02.39.38:999][  0]LogD3D11RHI: D3D11 adapters:
[2018.05.12-02.39.39:093][  0]LogD3D11RHI:    0. 'NVIDIA GeForce GTX 760' (Feature Level 11_0)
[2018.05.12-02.39.39:093][  0]LogD3D11RHI:       2017/0/8168 MB DedicatedVideo/DedicatedSystem/SharedSystem, Outputs:1, VendorId:0x10de
[2018.05.12-02.39.39:096][  0]LogD3D11RHI:    1. 'Microsoft Basic Render Driver' (Feature Level 11_0)
[2018.05.12-02.39.39:096][  0]LogD3D11RHI:       0/0/8168 MB DedicatedVideo/DedicatedSystem/SharedSystem, Outputs:0, VendorId:0x1414
[2018.05.12-02.39.39:096][  0]LogD3D11RHI: Chosen D3D11 Adapter: 0
[2018.05.12-02.39.39:110][  0]LogD3D11RHI: Creating new Direct3DDevice
[2018.05.12-02.39.39:111][  0]LogD3D11RHI:     GPU DeviceId: 0x1187 (for the marketing name, search the web for "GPU Device Id")
[2018.05.12-02.39.39:111][  0]LogWindows: EnumDisplayDevices:
[2018.05.12-02.39.39:111][  0]LogWindows:    0. 'NVIDIA GeForce GTX 760' (P:1 D:1)
[2018.05.12-02.39.39:112][  0]LogWindows:    1. 'NVIDIA GeForce GTX 760' (P:0 D:0)
[2018.05.12-02.39.39:112][  0]LogWindows:    2. 'NVIDIA GeForce GTX 760' (P:0 D:0)
[2018.05.12-02.39.39:112][  0]LogWindows:    3. 'NVIDIA GeForce GTX 760' (P:0 D:0)
[2018.05.12-02.39.39:113][  0]LogWindows: DebugString: GetVideoDriverDetailsInvalid PrimaryIsNotTheChoosenAdapter GetVideoDriverDetailsInvalid PrimaryIsNotTheChoosenAdapter GetVideoDriverDetailsInvalid PrimaryIsNotTheChoosenAdapter GetVideoDriverDetailsInvalid PrimaryIsNotTheChoosenAdapter FoundDriverCount:0 
[2018.05.12-02.39.39:113][  0]LogD3D11RHI:     Adapter Name: NVIDIA GeForce GTX 760
[2018.05.12-02.39.39:113][  0]LogD3D11RHI:   Driver Version: Unknown (internal:Unknown, unified:Unknown)
[2018.05.12-02.39.39:113][  0]LogD3D11RHI:      Driver Date: Unknown
[2018.05.12-02.39.39:113][  0]LogRHI: Texture pool is 1361 MB (70% of 1945 MB)
[2018.05.12-02.39.39:165][  0]LogD3D11RHI: Async texture creation enabled
[2018.05.12-02.39.39:181][  0]LogD3D11RHI: GPU Timing Frequency: 1000.000000 (Debug: 2 1)
[2018.05.12-02.39.39:183][  0]LogShaderCompilers: Guid format shader working directory is 9 characters bigger than the processId version (../../../../../../UE4JAM/UE4JAM/ue4jam/Intermediate/Shaders/WorkingDirectory/5432/).
[2018.05.12-02.39.39:183][  0]LogShaderCompilers: Cleaned the shader compiler working directory 'C:/Users/Davies/AppData/Local/Temp/UnrealShaderWorkingDir/2C6252DB4D7C5422C094D9B49B3F9738/'.
[2018.05.12-02.39.39:183][  0]LogShaderCompilers: Display: Using Local Shader Compiler.
[2018.05.12-02.39.40:215][  0]LogTemp: Display: Loaded TP AllDesktopTargetPlatform
[2018.05.12-02.39.40:266][  0]LogTemp: Display: Loaded TP MacClientTargetPlatform
[2018.05.12-02.39.40:317][  0]LogTemp: Display: Loaded TP MacNoEditorTargetPlatform
[2018.05.12-02.39.40:373][  0]LogTemp: Display: Loaded TP MacServerTargetPlatform
[2018.05.12-02.39.40:425][  0]LogTemp: Display: Loaded TP MacTargetPlatform
[2018.05.12-02.39.40:477][  0]LogTemp: Display: Loaded TP WindowsClientTargetPlatform
[2018.05.12-02.39.40:534][  0]LogTemp: Display: Loaded TP WindowsNoEditorTargetPlatform
[2018.05.12-02.39.40:586][  0]LogTemp: Display: Loaded TP WindowsServerTargetPlatform
[2018.05.12-02.39.40:636][  0]LogTemp: Display: Loaded TP WindowsTargetPlatform
[2018.05.12-02.39.40:687][  0]LogTemp: Display: Loaded TP AndroidTargetPlatform
[2018.05.12-02.39.40:736][  0]LogTemp: Display: Loaded TP Android_ASTCTargetPlatform
[2018.05.12-02.39.40:787][  0]LogTemp: Display: Loaded TP Android_ATCTargetPlatform
[2018.05.12-02.39.40:837][  0]LogTemp: Display: Loaded TP Android_DXTTargetPlatform
[2018.05.12-02.39.40:901][  0]LogTemp: Display: Loaded TP Android_ETC1TargetPlatform
[2018.05.12-02.39.40:959][  0]LogTemp: Display: Loaded TP Android_ETC2TargetPlatform
[2018.05.12-02.39.41:059][  0]LogTemp: Display: Loaded TP Android_MultiTargetPlatform
[2018.05.12-02.39.41:059][  0]LogTemp: Display: Loaded TP Android_PVRTCTargetPlatform
[2018.05.12-02.39.41:095][  0]LogTemp: Display: Loaded TP HTML5TargetPlatform
[2018.05.12-02.39.41:203][  0]LogTemp: Display: Loaded TP IOSTargetPlatform
[2018.05.12-02.39.41:247][  0]LogTemp: Display: Loaded TP TVOSTargetPlatform
[2018.05.12-02.39.41:297][  0]LogTemp: Display: Loaded TP LinuxClientTargetPlatform
[2018.05.12-02.39.41:347][  0]LogTemp: Display: Loaded TP LinuxNoEditorTargetPlatform
[2018.05.12-02.39.41:398][  0]LogTemp: Display: Loaded TP LinuxServerTargetPlatform
[2018.05.12-02.39.41:448][  0]LogTemp: Display: Loaded TP LinuxTargetPlatform
[2018.05.12-02.39.41:448][  0]LogTargetPlatformManager: Display: Building Assets For Windows
[2018.05.12-02.39.41:933][  0]LogDerivedDataCache: Display: Max Cache Size: 512 MB
[2018.05.12-02.39.42:046][  0]LogDerivedDataCache: Loaded boot cache 0.11s 93MB C:/Users/Davies/AppData/Local/UnrealEngine/4.17/DerivedDataCache/Boot.ddc.
[2018.05.12-02.39.42:046][  0]LogDerivedDataCache: Display: Loaded Boot cache: C:/Users/Davies/AppData/Local/UnrealEngine/4.17/DerivedDataCache/Boot.ddc
[2018.05.12-02.39.42:046][  0]LogDerivedDataCache: FDerivedDataBackendGraph:  Pak pak cache file ../../../../../../UE4JAM/UE4JAM/ue4jam/DerivedDataCache/DDC.ddp not found, will not use a pak cache.
[2018.05.12-02.39.42:046][  0]LogDerivedDataCache: Unable to find inner node Pak for hierarchical cache Hierarchy.
[2018.05.12-02.39.42:046][  0]LogDerivedDataCache: FDerivedDataBackendGraph:  CompressedPak pak cache file ../../../../../../UE4JAM/UE4JAM/ue4jam/DerivedDataCache/Compressed.ddp not found, will not use a pak cache.
[2018.05.12-02.39.42:046][  0]LogDerivedDataCache: Unable to find inner node CompressedPak for hierarchical cache Hierarchy.
[2018.05.12-02.39.42:073][  0]LogDerivedDataCache: Display: Pak cache opened for reading ../../../Engine/DerivedDataCache/Compressed.ddp.
[2018.05.12-02.39.42:086][  0]LogDerivedDataCache: Using Local data cache path C:/Users/Davies/AppData/Local/UnrealEngine/Common/DerivedDataCache: Writable
[2018.05.12-02.39.42:097][  0]LogMaterial: Verifying Global Shaders for PCD3D_SM5
[2018.05.12-02.39.42:098][  0]LogSlate: Using Freetype 2.6.0
[2018.05.12-02.39.42:098][  0]LogSlate: SlateFontCache - WITH_FREETYPE: 1, WITH_HARFBUZZ: 1
[2018.05.12-02.39.42:098][  0]LogSlate: SlateFontCache - WITH_FREETYPE: 1, WITH_HARFBUZZ: 1
[2018.05.12-02.39.42:416][  0]LogAssetRegistry: FAssetRegistry took 0.0279 seconds to start up
[2018.05.12-02.39.42:573][  0]LogInit: Selected Device Profile: [Windows]
[2018.05.12-02.39.42:962][  0]LogSimplygon: Simplygon DLL not present - disabling.
[2018.05.12-02.39.43:001][  0]LogMeshReduction: Using SimplygonSwarm for distributed automatic mesh merging
[2018.05.12-02.39.43:001][  0]LogMeshReduction: Using QuadricMeshReduction for automatic static mesh reduction
[2018.05.12-02.39.43:001][  0]LogMeshReduction: No automatic skeletal mesh reduction module available
[2018.05.12-02.39.43:001][  0]LogMeshReduction: No automatic mesh merging module available
[2018.05.12-02.39.43:001][  0]LogMeshMerging: No automatic mesh merging module available
[2018.05.12-02.39.43:003][  0]LogContentStreaming: Texture pool size is 0.00 MB
[2018.05.12-02.39.43:506][  0]LogNetVersion: ue4jam , NetCL: 3573198, EngineNetVer: 2, GameNetVer: 0 (Checksum: 3671380056)
[2018.05.12-02.39.43:778][  0]LogPackageLocalizationCache: Processed 5 localized package path(s) for 2 prioritized culture(s) in 0.086421 seconds
[2018.05.12-02.39.43:785][  0]LogUObjectArray: 35825 objects as part of root set at end of initial load.
[2018.05.12-02.39.43:785][  0]LogUObjectAllocator: 7529112 out of 0 bytes used by permanent object pool.
[2018.05.12-02.39.43:785][  0]LogUObjectArray: CloseDisregardForGC: 0/0 objects in disregard for GC pool
[2018.05.12-02.39.43:847][  0]LogInit: WinSock: version 1.1 (2.2), MaxSocks=32767, MaxUdp=65467
[2018.05.12-02.39.46:637][  0]LogTcpMessaging: Initializing TcpMessaging bridge
[2018.05.12-02.39.46:679][  0]LogUdpMessaging: Initializing bridge on interface 0.0.0.0:0 to multicast group 230.0.0.1:6666.
[2018.05.12-02.39.47:403][  0]LogMaterial: Uniform references updated for custom material expression Custom.
[2018.05.12-02.39.47:826][  0]SourceControl: Source control is disabled
[2018.05.12-02.39.47:827][  0]SourceControl: Source control is disabled
[2018.05.12-02.39.47:875][  0]SourceControl: Source control is disabled
[2018.05.12-02.39.47:925][  0]SourceControl: Source control is disabled
[2018.05.12-02.39.48:568][  0]LogAndroidPermission: UAndroidPermissionCallbackProxy::GetInstance
[2018.05.12-02.39.48:841][  0]LogOcInput: OculusInput pre-init called
[2018.05.12-02.39.49:128][  0]LogEngine: Initializing Engine...
[2018.05.12-02.39.49:134][  0]LogHMD: Failed to initialize OpenVR with code 110
[2018.05.12-02.39.49:365][  0]LogStats: UGameplayTagsManager::ConstructGameplayTagTree: Construct from data asset -  0.000 s
[2018.05.12-02.39.49:365][  0]LogStats: UGameplayTagsManager::ConstructGameplayTagTree: GameplayTagTreeChangedEvent.Broadcast -  0.000 s
[2018.05.12-02.39.49:484][  0]LogAIModule: Creating AISystem for world Untitled
[2018.05.12-02.39.49:500][  0]LogInit: XAudio2 using 'Speakers (High Definition Audio Device)' : 2 channels at 48 kHz using 16 bits per sample (channel mask 0x3)
[2018.05.12-02.39.49:539][  0]LogInit: FAudioDevice initialized.
[2018.05.12-02.39.49:650][  0]LogDerivedDataCache: Saved boot cache 0.11s 93MB C:/Users/Davies/AppData/Local/UnrealEngine/4.17/DerivedDataCache/Boot.ddc.
[2018.05.12-02.39.49:663][  0]LogInit: Texture streaming: Enabled
[2018.05.12-02.39.49:775][  0]LogEngineSessionManager: EngineSessionManager initialized
[2018.05.12-02.39.50:006][  0]LogInit: Transaction tracking system initialized
[2018.05.12-02.39.50:319][  0]BlueprintLog: New page: Editor Load
[2018.05.12-02.39.51:244][  0]LocalizationService: Localization service is disabled
[2018.05.12-02.39.51:977][  0]LogConsoleResponse: Display: 
[2018.05.12-02.39.52:190][  0]LogCook: Display: Max memory allowance for cook 16384mb min free memory 0mb
[2018.05.12-02.39.52:190][  0]LogCook: Display: Mobile HDR setting 1
[2018.05.12-02.39.52:190][  0]LogGameplayTags: Display: UGameplayTagsManager::DoneAddingNativeTags. DelegateIsBound: 0
[2018.05.12-02.39.52:227][  0]LogFileCache: Scanning file cache for directory 'F:/UE4JAM/UE4JAM/ue4jam/Content/' took 0.02s
[2018.05.12-02.39.53:249][  0]SourceControl: Source control is disabled
[2018.05.12-02.39.53:249][  0]Cmd: MAP LOAD FILE="../../../../../../UE4JAM/UE4JAM/ue4jam/Content/2DSideScrollerBP/Maps/2DSideScrollerExampleMap.umap" TEMPLATE=0 SHOWPROGRESS=1 FEATURELEVEL=3
[2018.05.12-02.39.53:250][  0]LightingResults: New page: Lighting Build
[2018.05.12-02.39.53:288][  0]MapCheck: New page: Map Check
[2018.05.12-02.39.53:288][  0]LightingResults: New page: Lighting Build
[2018.05.12-02.39.53:657][  0]LogTexture: Display: Building textures: lead (BGRA8, 324X323)
[2018.05.12-02.39.53:657][  0]LogTexture: Display: Building textures: scroll (BGRA8, 781X763)
[2018.05.12-02.39.53:657][  0]LogTexture: Display: Building textures: NewRoom (BGRA8, 1281X1032)
[2018.05.12-02.39.53:657][  0]LogAIModule: Creating AISystem for world 2DSideScrollerExampleMap
[2018.05.12-02.39.53:679][  0]LogEditorServer: Finished looking for orphan Actors (0.000 secs)
[2018.05.12-02.39.53:706][  0]Cmd: MAP CHECKDEP NOCLEARLOG
[2018.05.12-02.39.53:765][  0]MapCheck: Map check complete: 0 Error(s), 0 Warning(s), took 58.718ms to complete.
[2018.05.12-02.39.53:766][  0]LogFileHelpers: Loading map '2DSideScrollerExampleMap' took 0.517
[2018.05.12-02.39.53:834][  0]LogWindowsTextInputMethodSystem: Display: IME system now deactivated.
[2018.05.12-02.39.53:834][  0]LogWindowsTextInputMethodSystem: Display: IME system now deactivated.
[2018.05.12-02.39.54:304][  0]LogCollectionManager: Loaded 0 collections in 0.002891 seconds
[2018.05.12-02.39.54:468][  0]LogFileCache: Scanning file cache for directory 'F:/UE4JAM/UE4JAM/ue4jam/Saved/Collections/' took 0.01s
[2018.05.12-02.39.54:468][  0]LogFileCache: Scanning file cache for directory 'F:/UE4JAM/UE4JAM/ue4jam/Content/Developers/Davies/Collections/' took 0.01s
[2018.05.12-02.39.54:468][  0]LogFileCache: Scanning file cache for directory 'F:/UE4JAM/UE4JAM/ue4jam/Content/Collections/' took 0.01s
[2018.05.12-02.39.54:468][  0]LogCollectionManager: Rebuilt the GUID cache for 0 collections in 0.000000 seconds
[2018.05.12-02.39.54:492][  0]LogContentBrowser: Native class hierarchy populated in 0.0219 seconds. Added 2386 classes and 500 folders.
[2018.05.12-02.39.54:594][  0]LogContentBrowser: Native class hierarchy updated for 'WidgetCarousel' in 0.0010 seconds. Added 0 classes and 0 folders.
[2018.05.12-02.39.55:275][  0]LogContentBrowser: Native class hierarchy updated for 'AddContentDialog' in 0.0014 seconds. Added 0 classes and 0 folders.
[2018.05.12-02.39.55:385][  0]LogContentBrowser: Native class hierarchy updated for 'SceneOutliner' in 0.0015 seconds. Added 1 classes and 2 folders.
[2018.05.12-02.39.55:688][  0]LogSlate: Took 0.000408 seconds to synchronously load lazily loaded font '../../../Engine/Content/Slate/Fonts/Roboto-Regular.ttf' (155K)
[2018.05.12-02.39.55:702][  0]LogSlate: Took 0.000367 seconds to synchronously load lazily loaded font '../../../Engine/Content/Slate/Fonts/Roboto-Bold.ttf' (160K)
[2018.05.12-02.39.55:744][  0]LogSlate: Took 0.007944 seconds to synchronously load lazily loaded font '../../../Engine/Content/Editor/Slate/Fonts/FontAwesome.ttf' (139K)
[2018.05.12-02.39.55:970][  0]LogRenderer: Reallocating scene render targets to support 1208x576 Format 10 NumSamples 1 (Frame:1).
[2018.05.12-02.39.56:348][  0]LogContentBrowser: Native class hierarchy updated for 'HierarchicalLODOutliner' in 0.0009 seconds. Added 1 classes and 2 folders.
[2018.05.12-02.39.56:349][  0]LogLoad: (Engine Initialization) Total time: 21.02 seconds
[2018.05.12-02.39.56:349][  0]LogLoad: (Engine Initialization) Total Blueprint compile time: 0.00 seconds
[2018.05.12-02.39.56:349][  0]LogExternalProfiler: Found external profiler: VSPerf
[2018.05.12-02.39.56:349][  0]LogExternalProfiler: Using external profiler: VSPerf
[2018.05.12-02.39.56:379][  0]LogContentStreaming: Texture pool size now 1000 MB
[2018.05.12-02.39.56:502][  0]LogSlate: Took 0.013918 seconds to synchronously load lazily loaded font '../../../Engine/Content/Slate/Fonts/Roboto-Light.ttf' (159K)
[2018.05.12-02.39.56:540][  1]LogAssetRegistry: Asset discovery search completed in 14.1468 seconds
[2018.05.12-02.39.56:542][  1]LogCollectionManager: Rebuilt the object cache for 0 collections in 0.000000 seconds (found 0 objects)
[2018.05.12-02.39.56:542][  1]LogCollectionManager: Fixed up redirectors for 0 collections in 0.000047 seconds (updated 0 objects)
[2018.05.12-02.39.57:378][ 90]LogSlate: Took 0.000376 seconds to synchronously load lazily loaded font '../../../Engine/Content/Slate/Fonts/Roboto-Light.ttf' (159K)
[2018.05.12-02.41.14:373][248]LogSlate: Took 0.000273 seconds to synchronously load lazily loaded font '../../../Engine/Content/Slate/Fonts/Roboto-Light.ttf' (159K)
[2018.05.12-02.41.14:468][248]LogContentBrowser: Native class hierarchy updated for 'TextureEditor' in 0.0008 seconds. Added 1 classes and 2 folders.
[2018.05.12-02.41.20:666][903]LogMaterial: Missing cached shader map for material lead_Mat, compiling. 
[2018.05.12-02.41.21:712][  7]Cmd: TRANSACTION UNDO
[2018.05.12-02.41.21:712][  7]LogEditorTransaction: Undo Create Actors
[2018.05.12-02.41.31:888][  1]LogTemp: Repeating last play command: Selected Viewport
[2018.05.12-02.41.32:031][  1]LogBlueprintUserMessages: Early PlayInEditor Detection: Level '/Game/2DSideScrollerBP/Maps/2DSideScrollerExampleMap.2DSideScrollerExampleMap:PersistentLevel' has LevelScriptBlueprint '/Game/2DSideScrollerBP/Maps/2DSideScrollerExampleMap.2DSideScrollerExampleMap:PersistentLevel.2DSideScrollerExampleMap' with GeneratedClass '/Game/2DSideScrollerBP/Maps/2DSideScrollerExampleMap.2DSideScrollerExampleMap_C' with ClassGeneratedBy '/Game/2DSideScrollerBP/Maps/2DSideScrollerExampleMap.2DSideScrollerExampleMap:PersistentLevel.2DSideScrollerExampleMap'
[2018.05.12-02.41.32:031][  1]LogPlayLevel: PlayLevel: No blueprints needed recompiling
[2018.05.12-02.41.32:045][  1]PIE: New page: PIE session: 2DSideScrollerExampleMap (12 May 2018 04:41:32)
[2018.05.12-02.41.32:045][  1]LogPlayLevel: Creating play world package: /Game/2DSideScrollerBP/Maps/UEDPIE_0_2DSideScrollerExampleMap
[2018.05.12-02.41.32:055][  1]LogPlayLevel: PIE: StaticDuplicateObject took: (0.009494s)
[2018.05.12-02.41.32:056][  1]LogAIModule: Creating AISystem for world 2DSideScrollerExampleMap
[2018.05.12-02.41.32:056][  1]LogPlayLevel: PIE: World Init took: (0.000713s)
[2018.05.12-02.41.32:056][  1]LogPlayLevel: PIE: Created PIE world by copying editor world from /Game/2DSideScrollerBP/Maps/2DSideScrollerExampleMap.2DSideScrollerExampleMap to /Game/2DSideScrollerBP/Maps/UEDPIE_0_2DSideScrollerExampleMap.2DSideScrollerExampleMap (0.010465s)
[2018.05.12-02.41.32:091][  1]LogInit: XAudio2 using 'Speakers (High Definition Audio Device)' : 2 channels at 48 kHz using 16 bits per sample (channel mask 0x3)
[2018.05.12-02.41.32:104][  1]LogInit: FAudioDevice initialized.
[2018.05.12-02.41.32:172][  1]LogLoad: Game class is '2DSideScrollerGameMode_C'
[2018.05.12-02.41.32:188][  1]LogWorld: Bringing World /Game/2DSideScrollerBP/Maps/UEDPIE_0_2DSideScrollerExampleMap.2DSideScrollerExampleMap up for play (max tick rate 0) at 2018.05.12-03.41.32
[2018.05.12-02.41.32:201][  1]LogWorld: Bringing up level for play took: 0.014449
[2018.05.12-02.41.32:288][  1]LogContentBrowser: Native class hierarchy updated for 'MovieSceneCapture' in 0.0008 seconds. Added 11 classes and 0 folders.
[2018.05.12-02.41.32:316][  1]PIE: Play in editor start time for /Game/2DSideScrollerBP/Maps/UEDPIE_0_2DSideScrollerExampleMap -0.327
[2018.05.12-02.41.32:316][  1]LogBlueprintUserMessages: Late PlayInEditor Detection: Level '/Game/2DSideScrollerBP/Maps/2DSideScrollerExampleMap.2DSideScrollerExampleMap:PersistentLevel' has LevelScriptBlueprint '/Game/2DSideScrollerBP/Maps/2DSideScrollerExampleMap.2DSideScrollerExampleMap:PersistentLevel.2DSideScrollerExampleMap' with GeneratedClass '/Game/2DSideScrollerBP/Maps/2DSideScrollerExampleMap.2DSideScrollerExampleMap_C' with ClassGeneratedBy '/Game/2DSideScrollerBP/Maps/2DSideScrollerExampleMap.2DSideScrollerExampleMap:PersistentLevel.2DSideScrollerExampleMap'
[2018.05.12-02.43.05:786][183]LogBlueprintUserMessages: Early EndPlayMap Detection: Level '/Game/2DSideScrollerBP/Maps/2DSideScrollerExampleMap.2DSideScrollerExampleMap:PersistentLevel' has LevelScriptBlueprint '/Game/2DSideScrollerBP/Maps/2DSideScrollerExampleMap.2DSideScrollerExampleMap:PersistentLevel.2DSideScrollerExampleMap' with GeneratedClass '/Game/2DSideScrollerBP/Maps/2DSideScrollerExampleMap.2DSideScrollerExampleMap_C' with ClassGeneratedBy '/Game/2DSideScrollerBP/Maps/2DSideScrollerExampleMap.2DSideScrollerExampleMap:PersistentLevel.2DSideScrollerExampleMap'
[2018.05.12-02.43.05:820][183]LogBlueprintUserMessages: Late EndPlayMap Detection: Level '/Game/2DSideScrollerBP/Maps/2DSideScrollerExampleMap.2DSideScrollerExampleMap:PersistentLevel' has LevelScriptBlueprint '/Game/2DSideScrollerBP/Maps/2DSideScrollerExampleMap.2DSideScrollerExampleMap:PersistentLevel.2DSideScrollerExampleMap' with GeneratedClass '/Game/2DSideScrollerBP/Maps/2DSideScrollerExampleMap.2DSideScrollerExampleMap_C' with ClassGeneratedBy '/Game/2DSideScrollerBP/Maps/2DSideScrollerExampleMap.2DSideScrollerExampleMap:PersistentLevel.2DSideScrollerExampleMap'
[2018.05.12-02.43.11:161][812]LogEditorViewport: Clicking on Actor (LMB): PaperSpriteActor (NewRoom_Sprite)
[2018.05.12-02.43.13:729][ 53]LogTemp: Repeating last play command: Selected Viewport
[2018.05.12-02.43.13:742][ 53]LogBlueprintUserMessages: Early PlayInEditor Detection: Level '/Game/2DSideScrollerBP/Maps/2DSideScrollerExampleMap.2DSideScrollerExampleMap:PersistentLevel' has LevelScriptBlueprint '/Game/2DSideScrollerBP/Maps/2DSideScrollerExampleMap.2DSideScrollerExampleMap:PersistentLevel.2DSideScrollerExampleMap' with GeneratedClass '/Game/2DSideScrollerBP/Maps/2DSideScrollerExampleMap.2DSideScrollerExampleMap_C' with ClassGeneratedBy '/Game/2DSideScrollerBP/Maps/2DSideScrollerExampleMap.2DSideScrollerExampleMap:PersistentLevel.2DSideScrollerExampleMap'
[2018.05.12-02.43.13:742][ 53]LogPlayLevel: PlayLevel: No blueprints needed recompiling
[2018.05.12-02.43.13:742][ 53]PIE: New page: PIE session: 2DSideScrollerExampleMap (12 May 2018 04:43:13)
[2018.05.12-02.43.13:743][ 53]LogPlayLevel: Creating play world package: /Game/2DSideScrollerBP/Maps/UEDPIE_0_2DSideScrollerExampleMap
[2018.05.12-02.43.13:745][ 53]LogPlayLevel: PIE: StaticDuplicateObject took: (0.001960s)
[2018.05.12-02.43.13:745][ 53]LogAIModule: Creating AISystem for world 2DSideScrollerExampleMap
[2018.05.12-02.43.13:745][ 53]LogPlayLevel: PIE: World Init took: (0.000821s)
[2018.05.12-02.43.13:746][ 53]LogPlayLevel: PIE: Created PIE world by copying editor world from /Game/2DSideScrollerBP/Maps/2DSideScrollerExampleMap.2DSideScrollerExampleMap to /Game/2DSideScrollerBP/Maps/UEDPIE_0_2DSideScrollerExampleMap.2DSideScrollerExampleMap (0.003008s)
[2018.05.12-02.43.13:768][ 53]LogInit: XAudio2 using 'Speakers (High Definition Audio Device)' : 2 channels at 48 kHz using 16 bits per sample (channel mask 0x3)
[2018.05.12-02.43.13:776][ 53]LogInit: FAudioDevice initialized.
[2018.05.12-02.43.13:811][ 53]LogLoad: Game class is '2DSideScrollerGameMode_C'
[2018.05.12-02.43.13:813][ 53]LogWorld: Bringing World /Game/2DSideScrollerBP/Maps/UEDPIE_0_2DSideScrollerExampleMap.2DSideScrollerExampleMap up for play (max tick rate 0) at 2018.05.12-03.43.13
[2018.05.12-02.43.13:813][ 53]LogWorld: Bringing up level for play took: 0.000957
[2018.05.12-02.43.13:814][ 53]PIE: Play in editor start time for /Game/2DSideScrollerBP/Maps/UEDPIE_0_2DSideScrollerExampleMap -0.829
[2018.05.12-02.43.13:815][ 53]LogBlueprintUserMessages: Late PlayInEditor Detection: Level '/Game/2DSideScrollerBP/Maps/2DSideScrollerExampleMap.2DSideScrollerExampleMap:PersistentLevel' has LevelScriptBlueprint '/Game/2DSideScrollerBP/Maps/2DSideScrollerExampleMap.2DSideScrollerExampleMap:PersistentLevel.2DSideScrollerExampleMap' with GeneratedClass '/Game/2DSideScrollerBP/Maps/2DSideScrollerExampleMap.2DSideScrollerExampleMap_C' with ClassGeneratedBy '/Game/2DSideScrollerBP/Maps/2DSideScrollerExampleMap.2DSideScrollerExampleMap:PersistentLevel.2DSideScrollerExampleMap'
[2018.05.12-02.43.25:884][423]LogContentBrowser: Native class hierarchy updated for 'BlueprintGraph' in 0.0011 seconds. Added 113 classes and 0 folders.
[2018.05.12-02.43.27:468][423]LogSlate: Took 0.020279 seconds to synchronously load lazily loaded font '../../../Engine/Content/Editor/Slate/Fonts/Roboto-BoldCondensed.ttf' (158K)
[2018.05.12-02.43.33:513][855]LogBlueprintUserMessages: Early EndPlayMap Detection: Level '/Game/2DSideScrollerBP/Maps/2DSideScrollerExampleMap.2DSideScrollerExampleMap:PersistentLevel' has LevelScriptBlueprint '/Game/2DSideScrollerBP/Maps/2DSideScrollerExampleMap.2DSideScrollerExampleMap:PersistentLevel.2DSideScrollerExampleMap' with GeneratedClass '/Game/2DSideScrollerBP/Maps/2DSideScrollerExampleMap.2DSideScrollerExampleMap_C' with ClassGeneratedBy '/Game/2DSideScrollerBP/Maps/2DSideScrollerExampleMap.2DSideScrollerExampleMap:PersistentLevel.2DSideScrollerExampleMap'
[2018.05.12-02.43.33:561][855]LogBlueprintUserMessages: Late EndPlayMap Detection: Level '/Game/2DSideScrollerBP/Maps/2DSideScrollerExampleMap.2DSideScrollerExampleMap:PersistentLevel' has LevelScriptBlueprint '/Game/2DSideScrollerBP/Maps/2DSideScrollerExampleMap.2DSideScrollerExampleMap:PersistentLevel.2DSideScrollerExampleMap' with GeneratedClass '/Game/2DSideScrollerBP/Maps/2DSideScrollerExampleMap.2DSideScrollerExampleMap_C' with ClassGeneratedBy '/Game/2DSideScrollerBP/Maps/2DSideScrollerExampleMap.2DSideScrollerExampleMap:PersistentLevel.2DSideScrollerExampleMap'
[2018.05.12-02.43.44:718][359]LogSlate: Took 0.007539 seconds to synchronously load lazily loaded font '../../../Engine/Content/Editor/Slate/Fonts/Roboto-Italic.ttf' (157K)
[2018.05.12-02.51.50:493][453]LogFileHelpers: Editor autosave (incl. sublevels) for '/Game/2DSideScrollerBP/Maps/2DSideScrollerExampleMap' took 0.040
[2018.05.12-02.57.02:760][677]LogSlate: Took 0.021904 seconds to synchronously load lazily loaded font '../../../Engine/Content/Editor/Slate/Fonts/Roboto-BoldCondensedItalic.ttf' (160K)
[2018.05.12-03.00.56:648][793]BlueprintLog: New page: Compile Game
[2018.05.12-03.02.19:061][645]LogMetaData: Removing '/Game/2DSideScrollerBP/Blueprints/Assets/Widgets/LeadPlaced.SKEL_LeadPlaced_C' ref from Metadata '/Game/2DSideScrollerBP/Blueprints/Assets/Widgets/NewWidgetBlueprint.PackageMetaData'
[2018.05.12-03.02.19:061][645]LogMetaData: Removing '/Game/2DSideScrollerBP/Blueprints/Assets/Widgets/LeadPlaced.LeadPlaced_C' ref from Metadata '/Game/2DSideScrollerBP/Blueprints/Assets/Widgets/NewWidgetBlueprint.PackageMetaData'
[2018.05.12-03.02.19:061][645]LogMetaData: Removing '/Game/2DSideScrollerBP/Blueprints/Assets/Widgets/LeadPlaced.LeadPlaced:EventGraph.K2Node_Event_0' ref from Metadata '/Game/2DSideScrollerBP/Blueprints/Assets/Widgets/NewWidgetBlueprint.PackageMetaData'
[2018.05.12-03.02.19:061][645]LogMetaData: Removing '/Game/2DSideScrollerBP/Blueprints/Assets/Widgets/LeadPlaced.LeadPlaced:EventGraph.K2Node_Event_1' ref from Metadata '/Game/2DSideScrollerBP/Blueprints/Assets/Widgets/NewWidgetBlueprint.PackageMetaData'
[2018.05.12-03.02.19:061][645]LogMetaData: Removing '/Game/2DSideScrollerBP/Blueprints/Assets/Widgets/LeadPlaced.LeadPlaced:EventGraph.K2Node_Event_2' ref from Metadata '/Game/2DSideScrollerBP/Blueprints/Assets/Widgets/NewWidgetBlueprint.PackageMetaData'
[2018.05.12-03.02.19:109][645]LogSavePackage: Save=21.16ms
[2018.05.12-03.02.19:109][645]LogSavePackage: Moving '../../../../../../UE4JAM/UE4JAM/ue4jam/Saved/LeadPlaced4201A3424BBFC2BE797717A96ED168D3.tmp' to '../../../../../../UE4JAM/UE4JAM/ue4jam/Content/2DSideScrollerBP/Blueprints/Assets/Widgets/LeadPlaced.uasset'
[2018.05.12-03.02.19:114][645]LogSavePackage: Display: Finished SavePackage ../../../../../../UE4JAM/UE4JAM/ue4jam/Content/2DSideScrollerBP/Blueprints/Assets/Widgets/LeadPlaced.uasset
[2018.05.12-03.03.17:178][779]BlueprintLog: New page: Compile Game
[2018.05.12-03.03.24:713][387]BlueprintLog: New page: Compile Game
[2018.05.12-03.03.25:475][434]LogSavePackage: Save=31.32ms
[2018.05.12-03.03.25:475][434]LogSavePackage: Moving '../../../../../../UE4JAM/UE4JAM/ue4jam/Saved/GameF90A43CF43EE380D37E47395CC1F7D25.tmp' to '../../../../../../UE4JAM/UE4JAM/ue4jam/Content/2DSideScrollerBP/Blueprints/Assets/Widgets/Game.uasset'
[2018.05.12-03.03.25:480][434]LogSavePackage: Display: Finished SavePackage ../../../../../../UE4JAM/UE4JAM/ue4jam/Content/2DSideScrollerBP/Blueprints/Assets/Widgets/Game.uasset
[2018.05.12-03.04.37:973][ 34]LogBlueprint: Warning: [Compiler ] Pasted node  CustomEvent   conflicted with  On Clicked (Button_436)  and was replaced as a Custom Event!
[2018.05.12-03.06.30:650][503]BlueprintLog: New page: Compile Scroll
[2018.05.12-03.06.42:907][537]BlueprintLog: New page: Compile Scroll
[2018.05.12-03.06.43:883][600]LogSavePackage: Save=18.47ms
[2018.05.12-03.06.43:883][600]LogSavePackage: Moving '../../../../../../UE4JAM/UE4JAM/ue4jam/Saved/Scroll46621E204A5C2AD2AB100EAF8F1A55C2.tmp' to '../../../../../../UE4JAM/UE4JAM/ue4jam/Content/2DSideScrollerBP/Blueprints/Assets/Widgets/Scroll.uasset'
[2018.05.12-03.06.43:888][600]LogSavePackage: Display: Finished SavePackage ../../../../../../UE4JAM/UE4JAM/ue4jam/Content/2DSideScrollerBP/Blueprints/Assets/Widgets/Scroll.uasset
[2018.05.12-03.07.14:173][223]BlueprintLog: New page: Compile Game
[2018.05.12-03.07.14:738][256]LogSavePackage: Save=32.64ms
[2018.05.12-03.07.14:738][256]LogSavePackage: Moving '../../../../../../UE4JAM/UE4JAM/ue4jam/Saved/Game8A54F4A5437415A599CF40BE1F1B0B81.tmp' to '../../../../../../UE4JAM/UE4JAM/ue4jam/Content/2DSideScrollerBP/Blueprints/Assets/Widgets/Game.uasset'
[2018.05.12-03.07.14:744][256]LogSavePackage: Display: Finished SavePackage ../../../../../../UE4JAM/UE4JAM/ue4jam/Content/2DSideScrollerBP/Blueprints/Assets/Widgets/Game.uasset
[2018.05.12-03.07.26:933][338]BlueprintLog: New page: Compile Scroll
[2018.05.12-03.07.27:674][379]LogSavePackage: Save=41.33ms
[2018.05.12-03.07.27:674][379]LogSavePackage: Moving '../../../../../../UE4JAM/UE4JAM/ue4jam/Saved/Scroll474C6AFE41F83CA70D1257BAB86FE07D.tmp' to '../../../../../../UE4JAM/UE4JAM/ue4jam/Content/2DSideScrollerBP/Blueprints/Assets/Widgets/Scroll.uasset'
[2018.05.12-03.07.27:679][379]LogSavePackage: Display: Finished SavePackage ../../../../../../UE4JAM/UE4JAM/ue4jam/Content/2DSideScrollerBP/Blueprints/Assets/Widgets/Scroll.uasset
[2018.05.12-03.08.02:863][393]BlueprintLog: New page: Compile Scroll
[2018.05.12-03.08.09:601][978]LogSavePackage: Save=20.14ms
[2018.05.12-03.08.09:601][978]LogSavePackage: Moving '../../../../../../UE4JAM/UE4JAM/ue4jam/Saved/Scroll3E35A48A477A92304F08A9AA982B77CA.tmp' to '../../../../../../UE4JAM/UE4JAM/ue4jam/Content/2DSideScrollerBP/Blueprints/Assets/Widgets/Scroll.uasset'
[2018.05.12-03.08.09:606][978]LogSavePackage: Display: Finished SavePackage ../../../../../../UE4JAM/UE4JAM/ue4jam/Content/2DSideScrollerBP/Blueprints/Assets/Widgets/Scroll.uasset
[2018.05.12-03.09.18:159][134]LogWindowsTextInputMethodSystem: Display: IME system now deactivated.
[2018.05.12-03.09.18:160][134]LogWindowsTextInputMethodSystem: Display: IME system now deactivated.
[2018.05.12-03.09.18:350][135]Cmd: QUIT_EDITOR
[2018.05.12-03.09.19:087][135]LogExit: Preparing to exit.
[2018.05.12-03.09.20:212][135]LogDirectoryWatcher: A directory notification for 'F:/UE4JAM/UE4JAM/ue4jam/Content/' was aborted.
[2018.05.12-03.09.20:245][135]LogExit: Editor shut down
[2018.05.12-03.09.20:249][135]LogExit: Transaction tracking system shut down
[2018.05.12-03.09.20:419][135]LogDirectoryWatcher: A directory notification for '../../../Engine/Content/' was aborted.
[2018.05.12-03.09.20:419][135]LogDirectoryWatcher: A directory notification for '../../../../../../UE4JAM/UE4JAM/ue4jam/Content/' was aborted.
[2018.05.12-03.09.20:420][135]LogDirectoryWatcher: A directory notification for '../../../Engine/Plugins/2D/Paper2D/Content/' was aborted.
[2018.05.12-03.09.20:420][135]LogDirectoryWatcher: A directory notification for '../../../Engine/Plugins/Runtime/Oculus/OculusVR/Content/' was aborted.
[2018.05.12-03.09.20:420][135]LogDirectoryWatcher: A directory notification for '../../../Engine/Plugins/Runtime/Steam/SteamVR/Content/' was aborted.
[2018.05.12-03.09.20:497][135]LogExit: Object subsystem successfully closed.
[2018.05.12-03.09.20:525][135]LogD3D11RHI: Shutdown
[2018.05.12-03.09.20:525][135]LogD3D11RHI: CleanupD3DDevice
[2018.05.12-03.09.20:613][135]LogD3D11RHI: ~FD3D11DynamicRHI
[2018.05.12-03.09.20:629][135]LogModuleManager: Shutting down and abandoning module SequencerWidgets (540)
[2018.05.12-03.09.20:629][135]LogModuleManager: Shutting down and abandoning module BlueprintGraph (538)
[2018.05.12-03.09.20:629][135]LogModuleManager: Shutting down and abandoning module BlueprintProfiler (536)
[2018.05.12-03.09.20:629][135]LogModuleManager: Shutting down and abandoning module MovieSceneCapture (534)
[2018.05.12-03.09.20:630][135]LogModuleManager: Shutting down and abandoning module TextureEditor (532)
[2018.05.12-03.09.20:630][135]LogModuleManager: Shutting down and abandoning module HierarchicalLODOutliner (530)
[2018.05.12-03.09.20:630][135]LogModuleManager: Shutting down and abandoning module SceneOutliner (528)
[2018.05.12-03.09.20:630][135]LogModuleManager: Shutting down and abandoning module AddContentDialog (526)
[2018.05.12-03.09.20:630][135]LogDirectoryWatcher: A directory notification for 'F:/Program Files/Epic Games/UE_4.17/FeaturePacks/' was aborted.
[2018.05.12-03.09.20:631][135]LogModuleManager: Shutting down and abandoning module WidgetCarousel (525)
[2018.05.12-03.09.20:631][135]LogModuleManager: Shutting down and abandoning module EditorWidgets (522)
[2018.05.12-03.09.20:631][135]LogModuleManager: Shutting down and abandoning module CollectionManager (520)
[2018.05.12-03.09.20:631][135]LogDirectoryWatcher: A directory notification for 'F:/UE4JAM/UE4JAM/ue4jam/Content/Collections/' was aborted.
[2018.05.12-03.09.20:631][135]LogDirectoryWatcher: A directory notification for 'F:/UE4JAM/UE4JAM/ue4jam/Content/Developers/Davies/Collections/' was aborted.
[2018.05.12-03.09.20:631][135]LogDirectoryWatcher: A directory notification for 'F:/UE4JAM/UE4JAM/ue4jam/Saved/Collections/' was aborted.
[2018.05.12-03.09.20:631][135]LogModuleManager: Shutting down and abandoning module StatsViewer (518)
[2018.05.12-03.09.20:631][135]LogModuleManager: Shutting down and abandoning module FoliageEdit (516)
[2018.05.12-03.09.20:631][135]LogModuleManager: Shutting down and abandoning module LandscapeEditor (514)
[2018.05.12-03.09.20:631][135]LogModuleManager: Shutting down and abandoning module MeshPaintMode (512)
[2018.05.12-03.09.20:631][135]LogModuleManager: Shutting down and abandoning module SceneDepthPickerMode (510)
[2018.05.12-03.09.20:631][135]LogModuleManager: Shutting down and abandoning module ActorPickerMode (508)
[2018.05.12-03.09.20:631][135]LogModuleManager: Shutting down and abandoning module GeometryMode (506)
[2018.05.12-03.09.20:631][135]LogModuleManager: Shutting down and abandoning module TextureAlignMode (504)
[2018.05.12-03.09.20:631][135]LogModuleManager: Shutting down and abandoning module BspMode (502)
[2018.05.12-03.09.20:631][135]LogModuleManager: Shutting down and abandoning module PIEPreviewDeviceProfileSelector (500)
[2018.05.12-03.09.20:631][135]LogModuleManager: Shutting down and abandoning module HardwareSurvey (498)
[2018.05.12-03.09.20:631][135]LogModuleManager: Shutting down and abandoning module SequenceRecorderSections (496)
[2018.05.12-03.09.20:631][135]LogModuleManager: Shutting down and abandoning module AutomationWorker (494)
[2018.05.12-03.09.20:631][135]LogModuleManager: Shutting down and abandoning module MatineeToLevelSequence (492)
[2018.05.12-03.09.20:631][135]LogModuleManager: Shutting down and abandoning module LevelSequenceEditor (490)
[2018.05.12-03.09.20:631][135]LogModuleManager: Shutting down and abandoning module PlacementMode (489)
[2018.05.12-03.09.20:631][135]LogModuleManager: Shutting down and abandoning module WmfMediaFactory (486)
[2018.05.12-03.09.20:631][135]LogModuleManager: Shutting down and abandoning module WmfMediaEditor (484)
[2018.05.12-03.09.20:631][135]LogModuleManager: Shutting down and abandoning module AvfMediaFactory (482)
[2018.05.12-03.09.20:631][135]LogModuleManager: Shutting down and abandoning module AvfMediaEditor (480)
[2018.05.12-03.09.20:632][135]LogModuleManager: Shutting down and abandoning module AndroidMediaFactory (478)
[2018.05.12-03.09.20:632][135]LogModuleManager: Shutting down and abandoning module Media (477)
[2018.05.12-03.09.20:632][135]LogModuleManager: Shutting down and abandoning module AndroidMediaEditor (474)
[2018.05.12-03.09.20:632][135]LogModuleManager: Shutting down and abandoning module CharacterAI (472)
[2018.05.12-03.09.20:632][135]LogModuleManager: Shutting down and abandoning module AudioCapture (470)
[2018.05.12-03.09.20:632][135]LogModuleManager: Shutting down and abandoning module SequenceRecorder (469)
[2018.05.12-03.09.20:632][135]LogModuleManager: Shutting down and abandoning module SmartSnapping (466)
[2018.05.12-03.09.20:632][135]LogModuleManager: Shutting down and abandoning module SessionServices (464)
[2018.05.12-03.09.20:632][135]LogModuleManager: Shutting down and abandoning module ViewportSnapping (462)
[2018.05.12-03.09.20:632][135]LogModuleManager: Shutting down and abandoning module ViewportInteraction (460)
[2018.05.12-03.09.20:632][135]LogModuleManager: Shutting down and abandoning module ClothPainter (458)
[2018.05.12-03.09.20:632][135]LogModuleManager: Shutting down and abandoning module LogVisualizer (456)
[2018.05.12-03.09.20:632][135]LogModuleManager: Shutting down and abandoning module IntroTutorials (454)
[2018.05.12-03.09.20:632][135]LogModuleManager: Shutting down and abandoning module GameProjectGeneration (453)
[2018.05.12-03.09.20:632][135]LogModuleManager: Shutting down and abandoning module IOSPlatformEditor (450)
[2018.05.12-03.09.20:632][135]LogModuleManager: Shutting down and abandoning module HTML5PlatformEditor (448)
[2018.05.12-03.09.20:632][135]LogModuleManager: Shutting down and abandoning module AndroidPlatformEditor (446)
[2018.05.12-03.09.20:632][135]LogModuleManager: Shutting down and abandoning module AndroidDeviceDetection (445)
[2018.05.12-03.09.21:092][135]LogModuleManager: Shutting down and abandoning module WindowsPlatformEditor (442)
[2018.05.12-03.09.21:093][135]LogModuleManager: Shutting down and abandoning module IOSRuntimeSettings (440)
[2018.05.12-03.09.21:093][135]LogModuleManager: Shutting down and abandoning module AndroidRuntimeSettings (438)
[2018.05.12-03.09.21:093][135]LogModuleManager: Shutting down and abandoning module InputBindingEditor (436)
[2018.05.12-03.09.21:093][135]LogModuleManager: Shutting down and abandoning module MergeActors (434)
[2018.05.12-03.09.21:093][135]LogModuleManager: Shutting down and abandoning module SizeMap (432)
[2018.05.12-03.09.21:093][135]LogModuleManager: Shutting down and abandoning module TreeMap (430)
[2018.05.12-03.09.21:093][135]LogModuleManager: Shutting down and abandoning module ReferenceViewer (428)
[2018.05.12-03.09.21:093][135]LogModuleManager: Shutting down and abandoning module LocalizationDashboard (426)
[2018.05.12-03.09.21:093][135]LogModuleManager: Shutting down and abandoning module LocalizationService (425)
[2018.05.12-03.09.21:093][135]LogModuleManager: Shutting down and abandoning module HardwareTargeting (422)
[2018.05.12-03.09.21:093][135]LogModuleManager: Shutting down and abandoning module DeviceProfileEditor (420)
[2018.05.12-03.09.21:093][135]LogModuleManager: Shutting down and abandoning module UndoHistory (418)
[2018.05.12-03.09.21:093][135]LogModuleManager: Shutting down and abandoning module XmlParser (416)
[2018.05.12-03.09.21:093][135]LogModuleManager: Shutting down and abandoning module Blutility (414)
[2018.05.12-03.09.21:093][135]LogModuleManager: Shutting down and abandoning module ProjectSettingsViewer (412)
[2018.05.12-03.09.21:093][135]LogModuleManager: Shutting down and abandoning module ProjectTargetPlatformEditor (411)
[2018.05.12-03.09.21:094][135]LogModuleManager: Shutting down and abandoning module EditorSettingsViewer (408)
[2018.05.12-03.09.21:094][135]LogModuleManager: Shutting down and abandoning module SettingsEditor (406)
[2018.05.12-03.09.21:094][135]LogModuleManager: Shutting down and abandoning module ProjectLauncher (404)
[2018.05.12-03.09.21:094][135]LogModuleManager: Shutting down and abandoning module SessionFrontend (402)
[2018.05.12-03.09.21:094][135]LogModuleManager: Shutting down and abandoning module ProfilerClient (400)
[2018.05.12-03.09.21:094][135]LogModuleManager: Shutting down and abandoning module DeviceManager (398)
[2018.05.12-03.09.21:094][135]LogModuleManager: Shutting down and abandoning module TargetDeviceServices (397)
[2018.05.12-03.09.21:148][135]LogModuleManager: Shutting down and abandoning module AutomationController (394)
[2018.05.12-03.09.21:148][135]LogModuleManager: Shutting down and abandoning module AutomationWindow (392)
[2018.05.12-03.09.21:148][135]LogModuleManager: Shutting down and abandoning module Layers (390)
[2018.05.12-03.09.21:148][135]LogModuleManager: Shutting down and abandoning module ComponentVisualizers (388)
[2018.05.12-03.09.21:148][135]LogModuleManager: Shutting down and abandoning module DetailCustomizations (386)
[2018.05.12-03.09.21:148][135]LogModuleManager: Shutting down and abandoning module PackagesDialog (384)
[2018.05.12-03.09.21:148][135]LogModuleManager: Shutting down and abandoning module Persona (382)
[2018.05.12-03.09.21:148][135]LogModuleManager: Shutting down and abandoning module AdvancedPreviewScene (381)
[2018.05.12-03.09.21:149][135]LogModuleManager: Shutting down and abandoning module AnimGraph (379)
[2018.05.12-03.09.21:149][135]LogModuleManager: Shutting down and abandoning module Kismet (376)
[2018.05.12-03.09.21:156][135]LogModuleManager: Shutting down and abandoning module ClassViewer (374)
[2018.05.12-03.09.21:158][135]LogModuleManager: Shutting down and abandoning module Toolbox (372)
[2018.05.12-03.09.21:158][135]LogModuleManager: Shutting down and abandoning module ModuleUI (370)
[2018.05.12-03.09.21:158][135]LogModuleManager: Shutting down and abandoning module MovieSceneTools (368)
[2018.05.12-03.09.21:158][135]LogModuleManager: Shutting down and abandoning module OutputLog (366)
[2018.05.12-03.09.21:158][135]LogModuleManager: Shutting down and abandoning module GammaUI (364)
[2018.05.12-03.09.21:158][135]LogModuleManager: Shutting down and abandoning module Documentation (362)
[2018.05.12-03.09.21:158][135]LogModuleManager: Shutting down and abandoning module MovieSceneTracks (360)
[2018.05.12-03.09.21:158][135]LogModuleManager: Shutting down and abandoning module MovieScene (358)
[2018.05.12-03.09.21:158][135]LogModuleManager: Shutting down and abandoning module Niagara (356)
[2018.05.12-03.09.21:158][135]LogModuleManager: Shutting down and abandoning module NiagaraEditor (355)
[2018.05.12-03.09.21:158][135]LogModuleManager: Shutting down and abandoning module StreamingPauseRendering (352)
[2018.05.12-03.09.21:158][135]LogModuleManager: Shutting down and abandoning module LauncherPlatform (350)
[2018.05.12-03.09.21:158][135]LogModuleManager: Shutting down and abandoning module AnalyticsET (348)
[2018.05.12-03.09.21:158][135]LogModuleManager: Shutting down and abandoning module PortalServices (346)
[2018.05.12-03.09.21:158][135]LogModuleManager: Shutting down and abandoning module PortalRpc (344)
[2018.05.12-03.09.21:158][135]LogModuleManager: Shutting down and abandoning module MessagingRpc (342)
[2018.05.12-03.09.21:158][135]LogModuleManager: Shutting down and abandoning module AIModule (340)
[2018.05.12-03.09.21:158][135]LogModuleManager: Shutting down and abandoning module GameplayDebugger (339)
[2018.05.12-03.09.21:158][135]LogModuleManager: Shutting down and abandoning module AITestSuite (337)
[2018.05.12-03.09.21:158][135]LogModuleManager: Shutting down and abandoning module ProfilerService (334)
[2018.05.12-03.09.21:253][135]LogModuleManager: Shutting down and abandoning module TaskGraph (332)
[2018.05.12-03.09.21:253][135]LogModuleManager: Shutting down and abandoning module SteamVRController (330)
[2018.05.12-03.09.21:253][135]LogModuleManager: Shutting down and abandoning module ProceduralMeshComponentEditor (328)
[2018.05.12-03.09.21:253][135]LogModuleManager: Shutting down and abandoning module ProceduralMeshComponent (326)
[2018.05.12-03.09.21:253][135]LogModuleManager: Shutting down and abandoning module OculusInput (324)
[2018.05.12-03.09.21:253][135]LogModuleManager: Shutting down and abandoning module MobilePatchingUtils (322)
[2018.05.12-03.09.21:253][135]LogModuleManager: Shutting down and abandoning module CustomMeshComponent (320)
[2018.05.12-03.09.21:253][135]LogModuleManager: Shutting down and abandoning module CableComponent (318)
[2018.05.12-03.09.21:253][135]LogModuleManager: Shutting down and abandoning module ArchVisCharacter (316)
[2018.05.12-03.09.21:253][135]LogModuleManager: Shutting down and abandoning module AndroidPermission (314)
[2018.05.12-03.09.21:253][135]LogModuleManager: Shutting down and abandoning module MediaPlayerEditor (310)
[2018.05.12-03.09.21:253][135]LogModuleManager: Shutting down and abandoning module HTML5Networking (308)
[2018.05.12-03.09.21:253][135]LogModuleManager: Shutting down and abandoning module AlembicImporter (306)
[2018.05.12-03.09.21:253][135]LogModuleManager: Shutting down and abandoning module AlembicLibrary (305)
[2018.05.12-03.09.21:253][135]LogModuleManager: Shutting down and abandoning module GeometryCache (304)
[2018.05.12-03.09.21:253][135]LogModuleManager: Shutting down and abandoning module GeometryCacheEd (303)
[2018.05.12-03.09.21:253][135]LogModuleManager: Shutting down and abandoning module SpeedTreeImporter (298)
[2018.05.12-03.09.21:254][135]LogModuleManager: Shutting down and abandoning module PluginBrowser (296)
[2018.05.12-03.09.21:254][135]LogModuleManager: Shutting down and abandoning module MobileLauncherProfileWizard (294)
[2018.05.12-03.09.21:254][135]LogModuleManager: Shutting down and abandoning module VisualStudioSourceCodeAccess (292)
[2018.05.12-03.09.21:254][135]LogModuleManager: Shutting down and abandoning module DesktopPlatform (291)
[2018.05.12-03.09.21:254][135]LogModuleManager: Shutting down and abandoning module UObjectPlugin (288)
[2018.05.12-03.09.21:254][135]LogModuleManager: Shutting down and abandoning module SubversionSourceControl (286)
[2018.05.12-03.09.21:254][135]LogModuleManager: Shutting down and abandoning module PerforceSourceControl (284)
[2018.05.12-03.09.21:254][135]LogModuleManager: Shutting down and abandoning module GitSourceControl (282)
[2018.05.12-03.09.21:254][135]LogModuleManager: Shutting down and abandoning module SourceControl (281)
[2018.05.12-03.09.21:254][135]LogModuleManager: Shutting down and abandoning module LightPropagationVolumeEditor (278)
[2018.05.12-03.09.21:254][135]LogModuleManager: Shutting down and abandoning module PaperTiledImporter (276)
[2018.05.12-03.09.21:254][135]LogModuleManager: Shutting down and abandoning module PaperSpriteSheetImporter (274)
[2018.05.12-03.09.21:254][135]LogModuleManager: Shutting down and abandoning module Paper2DEditor (272)
[2018.05.12-03.09.21:254][135]LogModuleManager: Shutting down and abandoning module MeshPaint (271)
[2018.05.12-03.09.21:254][135]LogModuleManager: Shutting down and abandoning module LevelEditor (269)
[2018.05.12-03.09.21:256][135]LogModuleManager: Shutting down and abandoning module PixelInspectorModule (268)
[2018.05.12-03.09.21:256][135]LogModuleManager: Shutting down and abandoning module MainFrame (266)
[2018.05.12-03.09.21:256][135]LogModuleManager: Shutting down and abandoning module HotReload (265)
[2018.05.12-03.09.21:256][135]LogModuleManager: Shutting down and abandoning module RuntimePhysXCooking (260)
[2018.05.12-03.09.21:256][135]LogModuleManager: Shutting down and abandoning module PhysXVehiclesEditor (258)
[2018.05.12-03.09.21:256][135]LogModuleManager: Shutting down and abandoning module PhysXVehicles (256)
[2018.05.12-03.09.21:257][135]LogModuleManager: Shutting down and abandoning module OculusEditor (254)
[2018.05.12-03.09.21:257][135]LogModuleManager: Shutting down and abandoning module LocationServicesBPLibrary (252)
[2018.05.12-03.09.21:257][135]LogModuleManager: Shutting down and abandoning module ImmediatePhysicsEditor (250)
[2018.05.12-03.09.21:257][135]LogModuleManager: Shutting down and abandoning module ImmediatePhysics (248)
[2018.05.12-03.09.21:257][135]LogModuleManager: Shutting down and abandoning module UdpMessaging (246)
[2018.05.12-03.09.21:358][135]LogModuleManager: Shutting down and abandoning module TcpMessaging (244)
[2018.05.12-03.09.21:458][135]LogModuleManager: Shutting down and abandoning module GameplayTagsEditor (242)
[2018.05.12-03.09.21:459][135]LogModuleManager: Shutting down and abandoning module FacialAnimationEditor (240)
[2018.05.12-03.09.21:459][135]LogModuleManager: Shutting down and abandoning module FacialAnimation (238)
[2018.05.12-03.09.21:459][135]LogModuleManager: Shutting down and abandoning module AssetManagerEditor (236)
[2018.05.12-03.09.21:459][135]LogModuleManager: Shutting down and abandoning module GraphEditor (235)
[2018.05.12-03.09.21:459][135]LogModuleManager: Shutting down and abandoning module ContentBrowser (233)
[2018.05.12-03.09.21:460][135]LogModuleManager: Shutting down and abandoning module LightPropagationVolumeRuntime (230)
[2018.05.12-03.09.21:460][135]LogModuleManager: Shutting down and abandoning module Paper2D (228)
[2018.05.12-03.09.21:460][135]LogModuleManager: Shutting down and abandoning module WindowsMoviePlayer (226)
[2018.05.12-03.09.21:461][135]LogModuleManager: Shutting down and abandoning module WmfMedia (224)
[2018.05.12-03.09.21:466][135]LogModuleManager: Shutting down and abandoning module PacketHandler (222)
[2018.05.12-03.09.21:466][135]LogModuleManager: Shutting down and abandoning module ClothingSystemEditor (220)
[2018.05.12-03.09.21:466][135]LogModuleManager: Shutting down and abandoning module ClothingSystemRuntime (218)
[2018.05.12-03.09.21:466][135]LogModuleManager: Shutting down and abandoning module Overlay (216)
[2018.05.12-03.09.21:466][135]LogModuleManager: Shutting down and abandoning module OverlayEditor (215)
[2018.05.12-03.09.21:466][135]LogModuleManager: Shutting down and abandoning module MediaAssets (212)
[2018.05.12-03.09.21:466][135]LogModuleManager: Shutting down and abandoning module VREditor (210)
[2018.05.12-03.09.21:466][135]LogModuleManager: Shutting down and abandoning module StringTableEditor (208)
[2018.05.12-03.09.21:466][135]LogModuleManager: Shutting down and abandoning module GameplayTasksEditor (206)
[2018.05.12-03.09.21:466][135]LogModuleManager: Shutting down and abandoning module BehaviorTreeEditor (204)
[2018.05.12-03.09.21:466][135]LogModuleManager: Shutting down and abandoning module FunctionalTesting (202)
[2018.05.12-03.09.21:467][135]LogModuleManager: Shutting down and abandoning module CollisionAnalyzer (200)
[2018.05.12-03.09.21:467][135]LogModuleManager: Shutting down and abandoning module WorkspaceMenuStructure (199)
[2018.05.12-03.09.21:467][135]LogModuleManager: Shutting down and abandoning module UMG (196)
[2018.05.12-03.09.21:467][135]LogModuleManager: Shutting down and abandoning module UMGEditor (195)
[2018.05.12-03.09.21:467][135]LogModuleManager: Shutting down and abandoning module Sequencer (194)
[2018.05.12-03.09.21:467][135]LogModuleManager: Shutting down and abandoning module MessageLog (191)
[2018.05.12-03.09.21:467][135]LogModuleManager: Shutting down and abandoning module SlateReflector (186)
[2018.05.12-03.09.21:467][135]LogModuleManager: Shutting down and abandoning module Slate (184)
[2018.05.12-03.09.21:467][135]LogModuleManager: Shutting down and abandoning module EditorStyle (182)
[2018.05.12-03.09.21:471][135]LogModuleManager: Shutting down and abandoning module MRMesh (180)
[2018.05.12-03.09.21:471][135]LogModuleManager: Shutting down and abandoning module SourceCodeAccess (178)
[2018.05.12-03.09.21:471][135]LogModuleManager: Shutting down and abandoning module HeadMountedDisplay (176)
[2018.05.12-03.09.21:471][135]LogModuleManager: Shutting down and abandoning module XAudio2 (174)
[2018.05.12-03.09.21:471][135]LogModuleManager: Shutting down and abandoning module Networking (172)
[2018.05.12-03.09.21:471][135]LogModuleManager: Shutting down and abandoning module Core (168)
[2018.05.12-03.09.21:471][135]LogModuleManager: Shutting down and abandoning module KismetCompiler (164)
[2018.05.12-03.09.21:471][135]LogModuleManager: Shutting down and abandoning module LevelSequence (162)
[2018.05.12-03.09.21:471][135]LogModuleManager: Shutting down and abandoning module MeshUtilities (160)
[2018.05.12-03.09.21:472][135]LogModuleManager: Shutting down and abandoning module MeshMergeUtilities (159)
[2018.05.12-03.09.21:473][135]LogModuleManager: Shutting down and abandoning module MeshReductionInterface (158)
[2018.05.12-03.09.21:473][135]LogModuleManager: Shutting down and abandoning module SimplygonSwarm (157)
[2018.05.12-03.09.21:473][135]LogModuleManager: Shutting down and abandoning module SimplygonMeshReduction (155)
[2018.05.12-03.09.21:473][135]LogModuleManager: Shutting down and abandoning module QuadricMeshReduction (153)
[2018.05.12-03.09.21:473][135]LogModuleManager: Shutting down and abandoning module MaterialBaking (149)
[2018.05.12-03.09.21:473][135]LogModuleManager: Shutting down and abandoning module DirectoryWatcher (146)
[2018.05.12-03.09.21:473][135]LogModuleManager: Shutting down and abandoning module DerivedDataCache (144)
[2018.05.12-03.09.21:570][135]LogDerivedDataCache: Shutdown
[2018.05.12-03.09.21:570][135]LogModuleManager: Shutting down and abandoning module TargetPlatform (142)
[2018.05.12-03.09.21:570][135]LogModuleManager: Shutting down and abandoning module VulkanShaderFormat (141)
[2018.05.12-03.09.21:570][135]LogModuleManager: Shutting down and abandoning module ShaderFormatVectorVM (139)
[2018.05.12-03.09.21:570][135]LogModuleManager: Shutting down and abandoning module ShaderFormatOpenGL (137)
[2018.05.12-03.09.21:570][135]LogModuleManager: Shutting down and abandoning module ShaderFormatD3D (135)
[2018.05.12-03.09.21:570][135]LogModuleManager: Shutting down and abandoning module MetalShaderFormat (133)
[2018.05.12-03.09.21:570][135]LogModuleManager: Shutting down and abandoning module TextureFormatUncompressed (131)
[2018.05.12-03.09.21:570][135]LogModuleManager: Shutting down and abandoning module TextureFormatPVR (129)
[2018.05.12-03.09.21:570][135]LogModuleManager: Shutting down and abandoning module TextureFormatDXT (127)
[2018.05.12-03.09.21:570][135]LogModuleManager: Shutting down and abandoning module TextureFormatIntelISPCTexComp (125)
[2018.05.12-03.09.21:570][135]LogModuleManager: Shutting down and abandoning module TextureFormatASTC (123)
[2018.05.12-03.09.21:570][135]LogModuleManager: Shutting down and abandoning module ImageWrapper (122)
[2018.05.12-03.09.21:570][135]LogModuleManager: Shutting down and abandoning module TextureFormatAndroid (119)
[2018.05.12-03.09.21:570][135]LogModuleManager: Shutting down and abandoning module AudioFormatOpus (117)
[2018.05.12-03.09.21:570][135]LogModuleManager: Shutting down and abandoning module AudioFormatOgg (115)
[2018.05.12-03.09.21:570][135]LogModuleManager: Shutting down and abandoning module AudioFormatADPCM (113)
[2018.05.12-03.09.21:570][135]LogModuleManager: Shutting down and abandoning module LinuxTargetPlatform (111)
[2018.05.12-03.09.21:571][135]LogModuleManager: Shutting down and abandoning module LinuxServerTargetPlatform (109)
[2018.05.12-03.09.21:571][135]LogModuleManager: Shutting down and abandoning module LinuxNoEditorTargetPlatform (107)
[2018.05.12-03.09.21:571][135]LogModuleManager: Shutting down and abandoning module LinuxClientTargetPlatform (105)
[2018.05.12-03.09.21:571][135]LogModuleManager: Shutting down and abandoning module TVOSTargetPlatform (103)
[2018.05.12-03.09.21:571][135]LogModuleManager: Shutting down and abandoning module Messaging (101)
[2018.05.12-03.09.21:571][135]LogModuleManager: Shutting down and abandoning module IOSTargetPlatform (99)
[2018.05.12-03.09.21:571][135]LogModuleManager: Shutting down and abandoning module HTML5TargetPlatform (97)
[2018.05.12-03.09.21:571][135]LogModuleManager: Shutting down and abandoning module Android_PVRTCTargetPlatform (95)
[2018.05.12-03.09.21:571][135]LogModuleManager: Shutting down and abandoning module Android_MultiTargetPlatform (93)
[2018.05.12-03.09.21:571][135]LogModuleManager: Shutting down and abandoning module Android_ETC2TargetPlatform (91)
[2018.05.12-03.09.21:571][135]LogModuleManager: Shutting down and abandoning module Android_ETC1TargetPlatform (89)
[2018.05.12-03.09.21:571][135]LogModuleManager: Shutting down and abandoning module Android_DXTTargetPlatform (87)
[2018.05.12-03.09.21:571][135]LogModuleManager: Shutting down and abandoning module Android_ATCTargetPlatform (85)
[2018.05.12-03.09.21:571][135]LogModuleManager: Shutting down and abandoning module Android_ASTCTargetPlatform (83)
[2018.05.12-03.09.21:571][135]LogModuleManager: Shutting down and abandoning module AndroidTargetPlatform (81)
[2018.05.12-03.09.21:571][135]LogModuleManager: Shutting down and abandoning module WindowsTargetPlatform (79)
[2018.05.12-03.09.21:571][135]LogModuleManager: Shutting down and abandoning module WindowsServerTargetPlatform (77)
[2018.05.12-03.09.21:571][135]LogModuleManager: Shutting down and abandoning module WindowsNoEditorTargetPlatform (75)
[2018.05.12-03.09.21:571][135]LogModuleManager: Shutting down and abandoning module WindowsClientTargetPlatform (73)
[2018.05.12-03.09.21:571][135]LogModuleManager: Shutting down and abandoning module MacTargetPlatform (71)
[2018.05.12-03.09.21:571][135]LogModuleManager: Shutting down and abandoning module MacServerTargetPlatform (69)
[2018.05.12-03.09.21:571][135]LogModuleManager: Shutting down and abandoning module MacNoEditorTargetPlatform (67)
[2018.05.12-03.09.21:571][135]LogModuleManager: Shutting down and abandoning module MacClientTargetPlatform (65)
[2018.05.12-03.09.21:571][135]LogModuleManager: Shutting down and abandoning module AllDesktopTargetPlatform (63)
[2018.05.12-03.09.21:571][135]LogModuleManager: Shutting down and abandoning module InputCore (60)
[2018.05.12-03.09.21:571][135]LogModuleManager: Shutting down and abandoning module Settings (58)
[2018.05.12-03.09.21:572][135]LogModuleManager: Shutting down and abandoning module PhysXCooking (56)
[2018.05.12-03.09.21:572][135]LogModuleManager: Shutting down and abandoning module SteamVR (54)
[2018.05.12-03.09.21:572][135]LogModuleManager: Shutting down and abandoning module OculusHMD (52)
[2018.05.12-03.09.21:572][135]LogModuleManager: Shutting down and abandoning module ExampleDeviceProfileSelector (50)
[2018.05.12-03.09.21:572][135]LogModuleManager: Shutting down and abandoning module OnlineBlueprintSupport (48)
[2018.05.12-03.09.21:572][135]LogModuleManager: Shutting down and abandoning module OnlineSubsystem (44)
[2018.05.12-03.09.21:572][135]LogOnline: Display: Unloading online subsystem: NULL
[2018.05.12-03.09.21:572][135]LogModuleManager: Shutting down and abandoning module XMPP (43)
[2018.05.12-03.09.21:572][135]LogModuleManager: Shutting down and abandoning module HTTP (41)
[2018.05.12-03.09.21:572][135]LogHttp: Display: Http module shutting down, but needs to wait on 1 outstanding Http requests:
[2018.05.12-03.09.21:572][135]LogHttp: Display: 	verb=[POST] url=[https://datarouter.ol.epicgames.com/datarouter/api/v1/public/data?SessionID=%7BF1B9220B-4962-9FFD-5FC5-F2A0C2A168B0%7D&AppID=UEEditor.Rocket.Release&AppVersion=4.17.2-3658906%2B%2B%2BUE4%2BRelease-4.17&UserID=7d2d4bc54d90f4d04df807ab4ca44fcc%7Ce0b5f3dbd4e54dc8aa28ceb2d47d1967%7C04a43b18-c559-473e-a582-7969dad3b814&AppEnvironment=datacollector-binary&UploadType=eteventstream] status=Processing
[2018.05.12-03.09.21:582][135]LogModuleManager: Shutting down and abandoning module SSL (40)
[2018.05.12-03.09.21:584][135]LogModuleManager: Shutting down and abandoning module AnimationModifiers (36)
[2018.05.12-03.09.21:584][135]LogModuleManager: Shutting down and abandoning module PropertyEditor (35)
[2018.05.12-03.09.21:584][135]LogModuleManager: Shutting down and abandoning module AudioEditor (32)
[2018.05.12-03.09.21:584][135]LogModuleManager: Shutting down and abandoning module TextureCompressor (30)
[2018.05.12-03.09.21:584][135]LogModuleManager: Shutting down and abandoning module ShaderCore (28)
[2018.05.12-03.09.21:584][135]LogModuleManager: Shutting down and abandoning module Landscape (26)
[2018.05.12-03.09.21:584][135]LogModuleManager: Shutting down and abandoning module SlateRHIRenderer (24)
[2018.05.12-03.09.21:586][135]LogModuleManager: Shutting down and abandoning module OpenGLDrv (22)
[2018.05.12-03.09.21:586][135]LogModuleManager: Shutting down and abandoning module D3D11RHI (20)
[2018.05.12-03.09.21:586][135]LogModuleManager: Shutting down and abandoning module AnimGraphRuntime (18)
[2018.05.12-03.09.21:586][135]LogModuleManager: Shutting down and abandoning module Renderer (16)
[2018.05.12-03.09.21:586][135]LogModuleManager: Shutting down and abandoning module Engine (14)
[2018.05.12-03.09.21:586][135]LogModuleManager: Shutting down and abandoning module CoreUObject (12)
[2018.05.12-03.09.21:586][135]LogModuleManager: Shutting down and abandoning module NetworkFile (10)
[2018.05.12-03.09.21:586][135]LogModuleManager: Shutting down and abandoning module CookedIterativeFile (8)
[2018.05.12-03.09.21:586][135]LogModuleManager: Shutting down and abandoning module StreamingFile (6)
[2018.05.12-03.09.21:586][135]LogModuleManager: Shutting down and abandoning module SandboxFile (4)
[2018.05.12-03.09.21:586][135]LogModuleManager: Shutting down and abandoning module PakFile (2)
[2018.05.12-03.09.21:596][135]LogExit: Exiting.
[2018.05.12-03.09.21:618][135]Log file closed, 05/12/18 04:09:21
