Log file open, 05/12/18 02:50:38
LogWindows: Failed to load 'aqProf.dll' (GetLastError=126)
LogWindows: File 'aqProf.dll' does not exist
LogWindows: Failed to load 'VtuneApi.dll' (GetLastError=126)
LogWindows: File 'VtuneApi.dll' does not exist
LogWindows: Failed to load 'VtuneApi32e.dll' (GetLastError=126)
LogWindows: File 'VtuneApi32e.dll' does not exist
LogInit: Display: Running engine for game: ue4jam
LogPlatformFile: Not using cached read wrapper
LogInit: Display: RandInit(661592943) SRandInit(661592943).
LogTaskGraph: Started task graph with 5 named threads and 14 total threads with 3 sets of task threads.
LogStats: Stats thread started at 0.247602
LogD3D11RHI: Aftermath initialized
LogPluginManager: Mounting plugin Paper2D
LogPluginManager: Mounting plugin LightPropagationVolume
LogPluginManager: Mounting plugin CodeLiteSourceCodeAccess
LogPluginManager: Mounting plugin GitSourceControl
LogPluginManager: Mounting plugin KDevelopSourceCodeAccess
LogPluginManager: Mounting plugin NullSourceCodeAccess
LogPluginManager: Mounting plugin PerforceSourceControl
LogPluginManager: Mounting plugin SubversionSourceControl
LogPluginManager: Mounting plugin UObjectPlugin
LogPluginManager: Mounting plugin VisualStudioSourceCodeAccess
LogPluginManager: Mounting plugin XCodeSourceCodeAccess
LogPluginManager: Mounting plugin AssetManagerEditor
LogPluginManager: Mounting plugin AudioCapture
LogPluginManager: Mounting plugin FacialAnimation
LogPluginManager: Mounting plugin GameplayTagsEditor
LogPluginManager: Mounting plugin MobileLauncherProfileWizard
LogPluginManager: Mounting plugin PluginBrowser
LogPluginManager: Mounting plugin SpeedTreeImporter
LogPluginManager: Mounting plugin AlembicImporter
LogPluginManager: Mounting plugin CharacterAI
LogPluginManager: Mounting plugin HTML5Networking
LogPluginManager: Mounting plugin AndroidMedia
LogPluginManager: Mounting plugin AvfMedia
LogPluginManager: Mounting plugin MediaPlayerEditor
LogPluginManager: Mounting plugin WmfMedia
LogPluginManager: Mounting plugin TcpMessaging
LogPluginManager: Mounting plugin UdpMessaging
LogPluginManager: Mounting plugin LevelSequenceEditor
LogPluginManager: Mounting plugin MatineeToLevelSequence
LogPluginManager: Mounting plugin OnlineSubsystemGooglePlay
LogPluginManager: Mounting plugin OnlineSubsystemIOS
LogPluginManager: Mounting plugin OnlineSubsystem
LogPluginManager: Mounting plugin OnlineSubsystemNull
LogPluginManager: Mounting plugin OnlineSubsystemUtils
LogPluginManager: Mounting plugin AndroidDeviceProfileSelector
LogPluginManager: Mounting plugin AndroidMoviePlayer
LogPluginManager: Mounting plugin AndroidPermission
LogPluginManager: Mounting plugin AppleMoviePlayer
LogPluginManager: Mounting plugin ArchVisCharacter
LogPluginManager: Mounting plugin CableComponent
LogPluginManager: Mounting plugin CustomMeshComponent
LogPluginManager: Mounting plugin ExampleDeviceProfileSelector
LogPluginManager: Mounting plugin GoogleCloudMessaging
LogPluginManager: Mounting plugin ImmediatePhysics
LogPluginManager: Mounting plugin IOSDeviceProfileSelector
LogPluginManager: Mounting plugin LinuxDeviceProfileSelector
LogPluginManager: Mounting plugin LocationServicesBPLibrary
LogPluginManager: Mounting plugin MobilePatchingUtils
LogPluginManager: Mounting plugin OculusVR
LogPluginManager: Mounting plugin PhysXVehicles
LogPluginManager: Mounting plugin ProceduralMeshComponent
LogPluginManager: Mounting plugin RuntimePhysXCooking
LogPluginManager: Mounting plugin SteamVR
LogPluginManager: Mounting plugin WindowsMoviePlayer
LogInit: Using libcurl 7.47.1
LogInit:  - built for x86_64-pc-win32
LogInit:  - supports SSL with OpenSSL/1.0.2g
LogInit:  - supports HTTP deflate (compression) using libz 1.2.8
LogInit:  - other features:
LogInit:      CURL_VERSION_SSL
LogInit:      CURL_VERSION_LIBZ
LogInit:      CURL_VERSION_IPV6
LogInit:      CURL_VERSION_ASYNCHDNS
LogInit:      CURL_VERSION_LARGEFILE
LogInit:      CURL_VERSION_IDN
LogInit:  CurlRequestOptions (configurable via config and command line):
LogInit:  - bVerifyPeer = false  - Libcurl will NOT verify peer certificate
LogInit:  - bUseHttpProxy = false  - Libcurl will NOT use HTTP proxy
LogInit:  - bDontReuseConnections = false  - Libcurl will reuse connections
LogInit:  - CertBundlePath = nullptr  - Libcurl will use whatever was configured at build time.
LogInit: Build: ++UE4+Release-4.17-CL-3658906
LogInit: Engine Version: 4.17.2-3658906+++UE4+Release-4.17
LogInit: Compatible Engine Version: 4.17.0-3573198+++UE4+Release-4.17
LogInit: Net CL: 3573198
LogDevObjectVersion: Number of dev versions registered: 16
LogDevObjectVersion:   Dev-Blueprints (B0D832E4-1F89-4F0D-ACCF-7EB736FD4AA2): 10
LogDevObjectVersion:   Dev-Build (E1C64328-A22C-4D53-A36C-8E866417BD8C): 0
LogDevObjectVersion:   Dev-Core (375EC13C-06E4-48FB-B500-84F0262A717E): 2
LogDevObjectVersion:   Dev-Editor (E4B068ED-F494-42E9-A231-DA0B2E46BB41): 20
LogDevObjectVersion:   Dev-Framework (CFFC743F-43B0-4480-9391-14DF171D2073): 28
LogDevObjectVersion:   Dev-Mobile (B02B49B5-BB20-44E9-A304-32B752E40360): 0
LogDevObjectVersion:   Dev-Networking (A4E4105C-59A1-49B5-A7C5-40C4547EDFEE): 0
LogDevObjectVersion:   Dev-Online (39C831C9-5AE6-47DC-9A44-9C173E1C8E7C): 0
LogDevObjectVersion:   Dev-Physics (78F01B33-EBEA-4F98-B9B4-84EACCB95AA2): 0
LogDevObjectVersion:   Dev-Platform (6631380F-2D4D-43E0-8009-CF276956A95A): 0
LogDevObjectVersion:   Dev-Rendering (12F88B9F-8875-4AFC-A67C-D90C383ABD29): 19
LogDevObjectVersion:   Dev-Sequencer (7B5AE74C-D270-4C10-A958-57980B212A5A): 4
LogDevObjectVersion:   Dev-VR (D7296918-1DD6-4BDD-9DE2-64A83CC13884): 0
LogDevObjectVersion:   Dev-LoadTimes (C2A15278-BFE7-4AFE-6C17-90FF531DF755): 1
LogDevObjectVersion:   Private-Geometry (6EACA3D4-40EC-4CC1-B786-8BED09428FC5): 1
LogDevObjectVersion:   Dev-AnimPhys (29E575DD-E0A3-4627-9D10-D276232CDCEA): 7
LogInit: Compiled (64-bit): Sep 22 2017 13:47:16
LogInit: Compiled with Visual C++: 19.00.24215.01
LogInit: Build Configuration: Development
LogInit: Branch Name: ++UE4+Release-4.17
LogInit: Command line:  
LogInit: Base directory: C:/Program Files/Epic Games/UE_4.17/Engine/Binaries/Win64/
LogInit: Installed Engine Build: 1
LogInit: Presizing for max 8388607 objects, including 0 objects not considered by GC, pre-allocating 0 bytes for permanent pool.
LogInit: Object subsystem initialized
[2018.05.12-01.50.40:594][  0]LogInit: Selected Device Profile: [Windows]
[2018.05.12-01.50.40:594][  0]LogInit: Applying CVar settings loaded from the selected device profile: [Windows]
[2018.05.12-01.50.40:662][  0]LogInit: Computer: CHARLIE-SAN
[2018.05.12-01.50.40:662][  0]LogInit: User: Charlie
[2018.05.12-01.50.40:662][  0]LogInit: CPU Page size=4096, Cores=4
[2018.05.12-01.50.40:662][  0]LogInit: High frequency timer resolution =3.020483 MHz
[2018.05.12-01.50.40:662][  0]LogMemory: Memory total: Physical=8.0GB (8GB approx)
[2018.05.12-01.50.40:662][  0]LogMemory: Platform Memory Stats for Windows
[2018.05.12-01.50.40:662][  0]LogMemory: Process Physical Memory: 277.59 MB used, 277.59 MB peak
[2018.05.12-01.50.40:662][  0]LogMemory: Process Virtual Memory: 274.20 MB used, 274.20 MB peak
[2018.05.12-01.50.40:662][  0]LogMemory: Physical Memory: 6390.09 MB used,  1757.28 MB free, 8147.37 MB total
[2018.05.12-01.50.40:662][  0]LogMemory: Virtual Memory: 706.38 MB used,  1757.28 MB free, 134217728.00 MB total
[2018.05.12-01.50.41:752][  0]LogInit: Using OS detected language (en-GB).
[2018.05.12-01.50.41:752][  0]LogInit: Using OS detected locale (en-GB).
[2018.05.12-01.50.41:831][  0]LogTextLocalizationManager: No specific localization for 'en-GB' exists, so the 'en' localization will be used.
[2018.05.12-01.50.47:276][  0]LogD3D11RHI: D3D11 adapters:
[2018.05.12-01.50.47:413][  0]LogD3D11RHI:    0. 'NVIDIA GeForce GTX 970' (Feature Level 11_0)
[2018.05.12-01.50.47:413][  0]LogD3D11RHI:       4043/0/4073 MB DedicatedVideo/DedicatedSystem/SharedSystem, Outputs:2, VendorId:0x10de
[2018.05.12-01.50.47:620][  0]LogD3D11RHI:    1. 'Microsoft Basic Render Driver' (Feature Level 11_0)
[2018.05.12-01.50.47:620][  0]LogD3D11RHI:       0/0/4073 MB DedicatedVideo/DedicatedSystem/SharedSystem, Outputs:0, VendorId:0x1414
[2018.05.12-01.50.47:620][  0]LogD3D11RHI: Chosen D3D11 Adapter: 0
[2018.05.12-01.50.47:629][  0]LogD3D11RHI: Creating new Direct3DDevice
[2018.05.12-01.50.47:630][  0]LogD3D11RHI:     GPU DeviceId: 0x13c2 (for the marketing name, search the web for "GPU Device Id")
[2018.05.12-01.50.47:630][  0]LogWindows: EnumDisplayDevices:
[2018.05.12-01.50.47:630][  0]LogWindows:    0. 'NVIDIA GeForce GTX 970' (P:1 D:1)
[2018.05.12-01.50.47:630][  0]LogWindows:    1. 'NVIDIA GeForce GTX 970' (P:0 D:1)
[2018.05.12-01.50.47:630][  0]LogWindows:    2. 'NVIDIA GeForce GTX 970' (P:0 D:0)
[2018.05.12-01.50.47:630][  0]LogWindows:    3. 'NVIDIA GeForce GTX 970' (P:0 D:0)
[2018.05.12-01.50.47:631][  0]LogWindows:    4. 'LMIMIRR' (P:0 D:0)
[2018.05.12-01.50.47:631][  0]LogWindows: DebugString: GetVideoDriverDetailsInvalid PrimaryIsNotTheChoosenAdapter GetVideoDriverDetailsInvalid PrimaryIsNotTheChoosenAdapter GetVideoDriverDetailsInvalid PrimaryIsNotTheChoosenAdapter GetVideoDriverDetailsInvalid PrimaryIsNotTheChoosenAdapter GetVideoDriverDetailsInvalid PrimaryIsNotTheChoosenAdapter FoundDriverCount:0 
[2018.05.12-01.50.47:631][  0]LogD3D11RHI:     Adapter Name: NVIDIA GeForce GTX 970
[2018.05.12-01.50.47:631][  0]LogD3D11RHI:   Driver Version: Unknown (internal:Unknown, unified:Unknown)
[2018.05.12-01.50.47:631][  0]LogD3D11RHI:      Driver Date: Unknown
[2018.05.12-01.50.47:631][  0]LogRHI: Texture pool is 1361 MB (70% of 1945 MB)
[2018.05.12-01.50.47:679][  0]LogD3D11RHI: Async texture creation enabled
[2018.05.12-01.50.47:731][  0]LogD3D11RHI: GPU Timing Frequency: 1000.000000 (Debug: 2 2)
[2018.05.12-01.50.47:782][  0]LogShaderCompilers: Guid format shader working directory is -15 characters bigger than the processId version (../../../../../../Users/Charlie.CHARLIE-SAN/Documents/GitHub/UE4JAM/ue4jam/Intermediate/Shaders/WorkingDirectory/18352/).
[2018.05.12-01.50.47:782][  0]LogShaderCompilers: Cleaned the shader compiler working directory 'C:/Users/Charlie.CHARLIE-SAN/AppData/Local/Temp/UnrealShaderWorkingDir/049409E74F7ED104ABD1A99AB90CC3FA/'.
[2018.05.12-01.50.47:782][  0]LogShaderCompilers: Display: Using Local Shader Compiler.
[2018.05.12-01.50.52:551][  0]LogTemp: Display: Loaded TP AllDesktopTargetPlatform
[2018.05.12-01.50.52:662][  0]LogTemp: Display: Loaded TP MacClientTargetPlatform
[2018.05.12-01.50.52:765][  0]LogTemp: Display: Loaded TP MacNoEditorTargetPlatform
[2018.05.12-01.50.52:871][  0]LogTemp: Display: Loaded TP MacServerTargetPlatform
[2018.05.12-01.50.53:024][  0]LogTemp: Display: Loaded TP MacTargetPlatform
[2018.05.12-01.50.53:135][  0]LogTemp: Display: Loaded TP WindowsClientTargetPlatform
[2018.05.12-01.50.53:261][  0]LogTemp: Display: Loaded TP WindowsNoEditorTargetPlatform
[2018.05.12-01.50.53:371][  0]LogTemp: Display: Loaded TP WindowsServerTargetPlatform
[2018.05.12-01.50.53:565][  0]LogTemp: Display: Loaded TP WindowsTargetPlatform
[2018.05.12-01.50.53:695][  0]LogTemp: Display: Loaded TP AndroidTargetPlatform
[2018.05.12-01.50.53:827][  0]LogTemp: Display: Loaded TP Android_ASTCTargetPlatform
[2018.05.12-01.50.53:941][  0]LogTemp: Display: Loaded TP Android_ATCTargetPlatform
[2018.05.12-01.50.54:053][  0]LogTemp: Display: Loaded TP Android_DXTTargetPlatform
[2018.05.12-01.50.54:176][  0]LogTemp: Display: Loaded TP Android_ETC1TargetPlatform
[2018.05.12-01.50.54:320][  0]LogTemp: Display: Loaded TP Android_ETC2TargetPlatform
[2018.05.12-01.50.54:593][  0]LogTemp: Display: Loaded TP Android_MultiTargetPlatform
[2018.05.12-01.50.54:593][  0]LogTemp: Display: Loaded TP Android_PVRTCTargetPlatform
[2018.05.12-01.50.54:701][  0]LogTemp: Display: Loaded TP HTML5TargetPlatform
[2018.05.12-01.50.55:088][  0]LogTemp: Display: Loaded TP IOSTargetPlatform
[2018.05.12-01.50.55:139][  0]LogTemp: Display: Loaded TP TVOSTargetPlatform
[2018.05.12-01.50.55:295][  0]LogTemp: Display: Loaded TP LinuxClientTargetPlatform
[2018.05.12-01.50.55:421][  0]LogTemp: Display: Loaded TP LinuxNoEditorTargetPlatform
[2018.05.12-01.50.55:535][  0]LogTemp: Display: Loaded TP LinuxServerTargetPlatform
[2018.05.12-01.50.55:694][  0]LogTemp: Display: Loaded TP LinuxTargetPlatform
[2018.05.12-01.50.55:694][  0]LogTargetPlatformManager: Display: Building Assets For Windows
[2018.05.12-01.50.57:945][  0]LogDerivedDataCache: Display: Max Cache Size: 512 MB
[2018.05.12-01.51.27:417][  0]LogDerivedDataCache: Loaded boot cache 29.47s 93MB C:/Users/Charlie.CHARLIE-SAN/AppData/Local/UnrealEngine/4.17/DerivedDataCache/Boot.ddc.
[2018.05.12-01.51.27:418][  0]LogDerivedDataCache: Display: Loaded Boot cache: C:/Users/Charlie.CHARLIE-SAN/AppData/Local/UnrealEngine/4.17/DerivedDataCache/Boot.ddc
[2018.05.12-01.51.27:418][  0]LogDerivedDataCache: FDerivedDataBackendGraph:  Pak pak cache file ../../../../../../Users/Charlie.CHARLIE-SAN/Documents/GitHub/UE4JAM/ue4jam/DerivedDataCache/DDC.ddp not found, will not use a pak cache.
[2018.05.12-01.51.27:418][  0]LogDerivedDataCache: Unable to find inner node Pak for hierarchical cache Hierarchy.
[2018.05.12-01.51.27:418][  0]LogDerivedDataCache: FDerivedDataBackendGraph:  CompressedPak pak cache file ../../../../../../Users/Charlie.CHARLIE-SAN/Documents/GitHub/UE4JAM/ue4jam/DerivedDataCache/Compressed.ddp not found, will not use a pak cache.
[2018.05.12-01.51.27:418][  0]LogDerivedDataCache: Unable to find inner node CompressedPak for hierarchical cache Hierarchy.
[2018.05.12-01.51.27:437][  0]LogDerivedDataCache: Display: Pak cache opened for reading ../../../Engine/DerivedDataCache/Compressed.ddp.
[2018.05.12-01.51.27:451][  0]LogDerivedDataCache: Using Local data cache path C:/Users/Charlie.CHARLIE-SAN/AppData/Local/UnrealEngine/Common/DerivedDataCache: Writable
[2018.05.12-01.51.27:469][  0]LogMaterial: Verifying Global Shaders for PCD3D_SM5
[2018.05.12-01.51.27:470][  0]LogSlate: Using Freetype 2.6.0
[2018.05.12-01.51.27:472][  0]LogSlate: SlateFontCache - WITH_FREETYPE: 1, WITH_HARFBUZZ: 1
[2018.05.12-01.51.27:472][  0]LogSlate: SlateFontCache - WITH_FREETYPE: 1, WITH_HARFBUZZ: 1
[2018.05.12-01.51.33:128][  0]LogAssetRegistry: FAssetRegistry took 0.0299 seconds to start up
[2018.05.12-01.51.33:847][  0]LogInit: Selected Device Profile: [Windows]
[2018.05.12-01.51.34:884][  0]LogSimplygon: Simplygon DLL not present - disabling.
[2018.05.12-01.51.35:057][  0]LogMeshReduction: Using SimplygonSwarm for distributed automatic mesh merging
[2018.05.12-01.51.35:057][  0]LogMeshReduction: Using QuadricMeshReduction for automatic static mesh reduction
[2018.05.12-01.51.35:057][  0]LogMeshReduction: No automatic skeletal mesh reduction module available
[2018.05.12-01.51.35:057][  0]LogMeshReduction: No automatic mesh merging module available
[2018.05.12-01.51.35:057][  0]LogMeshMerging: No automatic mesh merging module available
[2018.05.12-01.51.35:059][  0]LogContentStreaming: Texture pool size is 0.00 MB
[2018.05.12-01.51.35:755][  0]LogNetVersion: ue4jam , NetCL: 3573198, EngineNetVer: 2, GameNetVer: 0 (Checksum: 3671380056)
[2018.05.12-01.51.36:225][  0]LogPackageLocalizationCache: Processed 5 localized package path(s) for 2 prioritized culture(s) in 0.142638 seconds
[2018.05.12-01.51.36:243][  0]LogUObjectArray: 35825 objects as part of root set at end of initial load.
[2018.05.12-01.51.36:243][  0]LogUObjectAllocator: 7529112 out of 0 bytes used by permanent object pool.
[2018.05.12-01.51.36:243][  0]LogUObjectArray: CloseDisregardForGC: 0/0 objects in disregard for GC pool
[2018.05.12-01.51.36:380][  0]LogInit: WinSock: version 1.1 (2.2), MaxSocks=32767, MaxUdp=65467
[2018.05.12-01.52.27:711][  0]LogTcpMessaging: Initializing TcpMessaging bridge
[2018.05.12-01.52.28:092][  0]LogUdpMessaging: Initializing bridge on interface 0.0.0.0:0 to multicast group 230.0.0.1:6666.
[2018.05.12-01.52.31:533][  0]LogMaterial: Uniform references updated for custom material expression Custom.
[2018.05.12-01.52.32:768][  0]SourceControl: Source control is disabled
[2018.05.12-01.52.32:768][  0]SourceControl: Source control is disabled
[2018.05.12-01.52.32:966][  0]SourceControl: Source control is disabled
[2018.05.12-01.52.33:126][  0]SourceControl: Source control is disabled
[2018.05.12-01.52.35:712][  0]LogAndroidPermission: UAndroidPermissionCallbackProxy::GetInstance
[2018.05.12-01.52.36:410][  0]LogOcInput: OculusInput pre-init called
[2018.05.12-01.52.37:165][  0]LogEngine: Initializing Engine...
[2018.05.12-01.52.37:873][  0]LogHMD: Failed to initialize OpenVR with code 108
[2018.05.12-01.52.38:176][  0]LogStats: UGameplayTagsManager::ConstructGameplayTagTree: Construct from data asset -  0.000 s
[2018.05.12-01.52.38:176][  0]LogStats: UGameplayTagsManager::ConstructGameplayTagTree: GameplayTagTreeChangedEvent.Broadcast -  0.000 s
[2018.05.12-01.52.38:512][  0]LogAIModule: Creating AISystem for world Untitled
[2018.05.12-01.52.38:543][  0]LogInit: XAudio2 using 'T24D390 (NVIDIA High Definition Audio)' : 2 channels at 48 kHz using 16 bits per sample (channel mask 0x3)
[2018.05.12-01.52.38:564][  0]LogInit: FAudioDevice initialized.
[2018.05.12-01.52.38:976][  0]LogDerivedDataCache: Saved boot cache 0.41s 93MB C:/Users/Charlie.CHARLIE-SAN/AppData/Local/UnrealEngine/4.17/DerivedDataCache/Boot.ddc.
[2018.05.12-01.52.38:987][  0]LogInit: Texture streaming: Enabled
[2018.05.12-01.52.39:413][  0]LogEngineSessionManager: EngineSessionManager initialized
[2018.05.12-01.52.39:413][  0]LogEngineSessionManager: EngineSessionManager sent abnormal shutdown report. Type=Crashed, SessionId={90ABEF71-4AC6-FD74-6942-58A31330AB35}
[2018.05.12-01.52.40:948][  0]LogInit: Transaction tracking system initialized
[2018.05.12-01.52.43:649][  0]BlueprintLog: New page: Editor Load
[2018.05.12-01.52.46:431][  0]LocalizationService: Localization service is disabled
[2018.05.12-01.52.48:580][  0]LogConsoleResponse: Display: 
[2018.05.12-01.52.49:808][  0]LogCook: Display: Max memory allowance for cook 16384mb min free memory 0mb
[2018.05.12-01.52.49:808][  0]LogCook: Display: Mobile HDR setting 1
[2018.05.12-01.52.49:808][  0]LogGameplayTags: Display: UGameplayTagsManager::DoneAddingNativeTags. DelegateIsBound: 0
[2018.05.12-01.52.52:505][  0]LogFileCache: Scanning file cache for directory 'C:/Users/Charlie.CHARLIE-SAN/Documents/GitHub/UE4JAM/ue4jam/Content/' took 0.02s
[2018.05.12-01.52.55:501][  0]SourceControl: Source control is disabled
[2018.05.12-01.52.55:501][  0]Cmd: MAP LOAD FILE="../../../../../../Users/Charlie.CHARLIE-SAN/Documents/GitHub/UE4JAM/ue4jam/Content/2DSideScrollerBP/Maps/2DSideScrollerExampleMap.umap" TEMPLATE=0 SHOWPROGRESS=1 FEATURELEVEL=3
[2018.05.12-01.52.55:501][  0]LightingResults: New page: Lighting Build
[2018.05.12-01.52.55:613][  0]MapCheck: New page: Map Check
[2018.05.12-01.52.55:614][  0]LightingResults: New page: Lighting Build
[2018.05.12-01.52.56:892][  0]LogAIModule: Creating AISystem for world 2DSideScrollerExampleMap
[2018.05.12-01.52.56:896][  0]LogEditorServer: Finished looking for orphan Actors (0.000 secs)
[2018.05.12-01.52.56:911][  0]Cmd: MAP CHECKDEP NOCLEARLOG
[2018.05.12-01.52.57:055][  0]MapCheck: Map check complete: 0 Error(s), 0 Warning(s), took 144.525ms to complete.
[2018.05.12-01.52.57:056][  0]LogFileHelpers: Loading map '2DSideScrollerExampleMap' took 1.555
[2018.05.12-01.52.57:469][  0]LogCollectionManager: Loaded 0 collections in 0.002928 seconds
[2018.05.12-01.52.57:620][  0]LogFileCache: Scanning file cache for directory 'C:/Users/Charlie.CHARLIE-SAN/Documents/GitHub/UE4JAM/ue4jam/Saved/Collections/' took 0.01s
[2018.05.12-01.52.57:620][  0]LogFileCache: Scanning file cache for directory 'C:/Users/Charlie.CHARLIE-SAN/Documents/GitHub/UE4JAM/ue4jam/Content/Developers/Charlie/Collections/' took 0.01s
[2018.05.12-01.52.57:620][  0]LogFileCache: Scanning file cache for directory 'C:/Users/Charlie.CHARLIE-SAN/Documents/GitHub/UE4JAM/ue4jam/Content/Collections/' took 0.01s
[2018.05.12-01.52.57:620][  0]LogCollectionManager: Rebuilt the GUID cache for 0 collections in 0.000001 seconds
[2018.05.12-01.52.57:638][  0]LogContentBrowser: Native class hierarchy populated in 0.0175 seconds. Added 2386 classes and 500 folders.
[2018.05.12-01.52.57:771][  0]LogContentBrowser: Native class hierarchy updated for 'WidgetCarousel' in 0.0008 seconds. Added 0 classes and 0 folders.
[2018.05.12-01.53.02:760][  0]LogContentBrowser: Native class hierarchy updated for 'AddContentDialog' in 0.0012 seconds. Added 0 classes and 0 folders.
[2018.05.12-01.53.03:002][  0]LogContentBrowser: Native class hierarchy updated for 'SceneOutliner' in 0.0010 seconds. Added 1 classes and 2 folders.
[2018.05.12-01.53.03:098][  0]LogSlate: Took 0.000424 seconds to synchronously load lazily loaded font '../../../Engine/Content/Slate/Fonts/Roboto-Regular.ttf' (155K)
[2018.05.12-01.53.03:101][  0]LogSlate: Took 0.000528 seconds to synchronously load lazily loaded font '../../../Engine/Content/Slate/Fonts/Roboto-Bold.ttf' (160K)
[2018.05.12-01.53.03:123][  0]LogSlate: Took 0.013843 seconds to synchronously load lazily loaded font '../../../Engine/Content/Editor/Slate/Fonts/FontAwesome.ttf' (139K)
[2018.05.12-01.53.03:508][  0]LogRenderer: Reallocating scene render targets to support 1208x620 Format 10 NumSamples 1 (Frame:1).
[2018.05.12-01.53.03:843][  0]LogContentBrowser: Native class hierarchy updated for 'HierarchicalLODOutliner' in 0.0010 seconds. Added 1 classes and 2 folders.
[2018.05.12-01.53.03:843][  0]LogLoad: (Engine Initialization) Total time: 151.26 seconds
[2018.05.12-01.53.03:843][  0]LogLoad: (Engine Initialization) Total Blueprint compile time: 0.00 seconds
[2018.05.12-01.53.03:843][  0]LogExternalProfiler: Found external profiler: VSPerf
[2018.05.12-01.53.03:843][  0]LogExternalProfiler: Using external profiler: VSPerf
[2018.05.12-01.53.03:871][  0]LogWindowsTextInputMethodSystem: Display: IME system now deactivated.
[2018.05.12-01.53.03:891][  0]LogContentStreaming: Texture pool size now 1000 MB
[2018.05.12-01.53.03:941][  0]LogSlate: Took 0.000535 seconds to synchronously load lazily loaded font '../../../Engine/Content/Slate/Fonts/Roboto-Light.ttf' (159K)
[2018.05.12-01.53.03:965][  1]LogAssetRegistry: Asset discovery search completed in 90.8601 seconds
[2018.05.12-01.53.03:967][  1]LogCollectionManager: Rebuilt the object cache for 0 collections in 0.000001 seconds (found 0 objects)
[2018.05.12-01.53.03:967][  1]LogCollectionManager: Fixed up redirectors for 0 collections in 0.000106 seconds (updated 0 objects)
[2018.05.12-01.53.04:986][ 76]LogSlate: Took 0.000420 seconds to synchronously load lazily loaded font '../../../Engine/Content/Slate/Fonts/Roboto-Light.ttf' (159K)
[2018.05.12-01.53.41:752][944]LogSlate: Took 0.000336 seconds to synchronously load lazily loaded font '../../../Engine/Content/Slate/Fonts/Roboto-Light.ttf' (159K)
[2018.05.12-01.53.41:763][944]LogFactory: FactoryCreateFile: Texture with ReimportTextureFactory (0 0 ../../../../../../Users/Charlie.CHARLIE-SAN/Desktop/AlchemyGame/lead.png)
[2018.05.12-01.53.41:785][944]LogTexture: Display: Building textures: lead (BGRA8, 324X323)
[2018.05.12-01.53.51:560][936]LogContentBrowser: Native class hierarchy updated for 'BlueprintGraph' in 0.0015 seconds. Added 113 classes and 0 folders.
[2018.05.12-01.53.52:669][936]LogSlate: Took 0.000429 seconds to synchronously load lazily loaded font '../../../Engine/Content/Editor/Slate/Fonts/Roboto-BoldCondensed.ttf' (158K)
[2018.05.12-01.56.22:685][855]LogSlate: Took 0.045774 seconds to synchronously load lazily loaded font '../../../Engine/Content/Editor/Slate/Fonts/Roboto-Italic.ttf' (157K)
[2018.05.12-01.56.39:170][ 57]BlueprintLog: New page: Compile 2DSideScrollerExampleMap
[2018.05.12-01.56.41:275][198]LogTemp: Repeating last play command: Selected Viewport
[2018.05.12-01.56.41:516][198]LogBlueprintUserMessages: Early PlayInEditor Detection: Level '/Game/2DSideScrollerBP/Maps/2DSideScrollerExampleMap.2DSideScrollerExampleMap:PersistentLevel' has LevelScriptBlueprint '/Game/2DSideScrollerBP/Maps/2DSideScrollerExampleMap.2DSideScrollerExampleMap:PersistentLevel.2DSideScrollerExampleMap' with GeneratedClass '/Game/2DSideScrollerBP/Maps/2DSideScrollerExampleMap.2DSideScrollerExampleMap_C' with ClassGeneratedBy '/Game/2DSideScrollerBP/Maps/2DSideScrollerExampleMap.2DSideScrollerExampleMap:PersistentLevel.2DSideScrollerExampleMap'
[2018.05.12-01.56.41:528][198]BlueprintLog: New page: Pre-Play auto-recompile
[2018.05.12-01.56.41:547][198]LogPlayLevel: [PlayLevel] Compiling Game before play...
[2018.05.12-01.56.41:584][198]LogPlayLevel: [PlayLevel]   Compiling Scroll as a dependent...
[2018.05.12-01.56.42:097][198]LogPlayLevel: PlayLevel: Blueprint regeneration took 568 ms (2 blueprints)
[2018.05.12-01.56.42:309][198]PIE: New page: PIE session: 2DSideScrollerExampleMap (12 May 2018 03:56:42)
[2018.05.12-01.56.42:348][198]LogPlayLevel: Creating play world package: /Game/2DSideScrollerBP/Maps/UEDPIE_0_2DSideScrollerExampleMap
[2018.05.12-01.56.42:435][198]LogPlayLevel: PIE: StaticDuplicateObject took: (0.087335s)
[2018.05.12-01.56.42:436][198]LogAIModule: Creating AISystem for world 2DSideScrollerExampleMap
[2018.05.12-01.56.42:436][198]LogPlayLevel: PIE: World Init took: (0.000892s)
[2018.05.12-01.56.42:437][198]LogPlayLevel: PIE: Created PIE world by copying editor world from /Game/2DSideScrollerBP/Maps/2DSideScrollerExampleMap.2DSideScrollerExampleMap to /Game/2DSideScrollerBP/Maps/UEDPIE_0_2DSideScrollerExampleMap.2DSideScrollerExampleMap (0.091962s)
[2018.05.12-01.56.42:536][198]LogInit: XAudio2 using 'T24D390 (NVIDIA High Definition Audio)' : 2 channels at 48 kHz using 16 bits per sample (channel mask 0x3)
[2018.05.12-01.56.42:551][198]LogInit: FAudioDevice initialized.
[2018.05.12-01.56.42:647][198]LogLoad: Game class is '2DSideScrollerGameMode_C'
[2018.05.12-01.56.42:681][198]LogWorld: Bringing World /Game/2DSideScrollerBP/Maps/UEDPIE_0_2DSideScrollerExampleMap.2DSideScrollerExampleMap up for play (max tick rate 0) at 2018.05.12-02.56.42
[2018.05.12-01.56.42:758][198]LogWorld: Bringing up level for play took: 0.077793
[2018.05.12-01.56.43:000][198]LogContentBrowser: Native class hierarchy updated for 'MovieSceneCapture' in 0.0010 seconds. Added 11 classes and 0 folders.
[2018.05.12-01.56.43:154][198]PIE: Play in editor start time for /Game/2DSideScrollerBP/Maps/UEDPIE_0_2DSideScrollerExampleMap 0.962
[2018.05.12-01.56.43:155][198]LogBlueprintUserMessages: Late PlayInEditor Detection: Level '/Game/2DSideScrollerBP/Maps/2DSideScrollerExampleMap.2DSideScrollerExampleMap:PersistentLevel' has LevelScriptBlueprint '/Game/2DSideScrollerBP/Maps/2DSideScrollerExampleMap.2DSideScrollerExampleMap:PersistentLevel.2DSideScrollerExampleMap' with GeneratedClass '/Game/2DSideScrollerBP/Maps/2DSideScrollerExampleMap.2DSideScrollerExampleMap_C' with ClassGeneratedBy '/Game/2DSideScrollerBP/Maps/2DSideScrollerExampleMap.2DSideScrollerExampleMap:PersistentLevel.2DSideScrollerExampleMap'
[2018.05.12-02.25.17:404][702]LogSavePackage: Save=346.18ms
[2018.05.12-02.25.17:404][702]LogSavePackage: Moving '../../../../../../Users/Charlie.CHARLIE-SAN/Documents/GitHub/UE4JAM/ue4jam/Saved/2DSideScrollerExampleMap2A0491954B721B497E6A3FAD3C4E6376.tmp' to '../../../../../../Users/Charlie.CHARLIE-SAN/Documents/GitHub/UE4JAM/ue4jam/Content/2DSideScrollerBP/Maps/2DSideScrollerExampleMap.umap'
[2018.05.12-02.25.17:440][702]LogSavePackage: Display: Finished SavePackage ../../../../../../Users/Charlie.CHARLIE-SAN/Documents/GitHub/UE4JAM/ue4jam/Content/2DSideScrollerBP/Maps/2DSideScrollerExampleMap.umap
[2018.05.12-02.25.17:502][702]LogFileHelpers: Saving map '2DSideScrollerExampleMap' took 0.873
[2018.05.12-02.25.17:548][702]LogSavePackage: Save=36.58ms
[2018.05.12-02.25.17:548][702]LogSavePackage: Moving '../../../../../../Users/Charlie.CHARLIE-SAN/Documents/GitHub/UE4JAM/ue4jam/Saved/Scroll067D45DB452C5587EB6A84A0A210CB3F.tmp' to '../../../../../../Users/Charlie.CHARLIE-SAN/Documents/GitHub/UE4JAM/ue4jam/Content/2DSideScrollerBP/Blueprints/Assets/Widgets/Scroll.uasset'
[2018.05.12-02.25.17:554][702]LogSavePackage: Display: Finished SavePackage ../../../../../../Users/Charlie.CHARLIE-SAN/Documents/GitHub/UE4JAM/ue4jam/Content/2DSideScrollerBP/Blueprints/Assets/Widgets/Scroll.uasset
[2018.05.12-02.25.17:688][702]LogSavePackage: Save=94.37ms
[2018.05.12-02.25.17:688][702]LogSavePackage: Moving '../../../../../../Users/Charlie.CHARLIE-SAN/Documents/GitHub/UE4JAM/ue4jam/Saved/leadAA67872E40ADA036914E9992D75FB41B.tmp' to '../../../../../../Users/Charlie.CHARLIE-SAN/Documents/GitHub/UE4JAM/ue4jam/Content/2DSideScrollerBP/Blueprints/Assets/Widgets/lead.uasset'
[2018.05.12-02.25.17:693][702]LogSavePackage: Display: Finished SavePackage ../../../../../../Users/Charlie.CHARLIE-SAN/Documents/GitHub/UE4JAM/ue4jam/Content/2DSideScrollerBP/Blueprints/Assets/Widgets/lead.uasset
[2018.05.12-02.31.50:887][356]LogWindowsTextInputMethodSystem: Display: IME system now deactivated.
[2018.05.12-02.31.51:055][356]LogBlueprintUserMessages: Early EndPlayMap Detection: Level '/Game/2DSideScrollerBP/Maps/2DSideScrollerExampleMap.2DSideScrollerExampleMap:PersistentLevel' has LevelScriptBlueprint '/Game/2DSideScrollerBP/Maps/2DSideScrollerExampleMap.2DSideScrollerExampleMap:PersistentLevel.2DSideScrollerExampleMap' with GeneratedClass '/Game/2DSideScrollerBP/Maps/2DSideScrollerExampleMap.2DSideScrollerExampleMap_C' with ClassGeneratedBy '/Game/2DSideScrollerBP/Maps/2DSideScrollerExampleMap.2DSideScrollerExampleMap:PersistentLevel.2DSideScrollerExampleMap'
[2018.05.12-02.31.51:188][356]LogBlueprintUserMessages: Late EndPlayMap Detection: Level '/Game/2DSideScrollerBP/Maps/2DSideScrollerExampleMap.2DSideScrollerExampleMap:PersistentLevel' has LevelScriptBlueprint '/Game/2DSideScrollerBP/Maps/2DSideScrollerExampleMap.2DSideScrollerExampleMap:PersistentLevel.2DSideScrollerExampleMap' with GeneratedClass '/Game/2DSideScrollerBP/Maps/2DSideScrollerExampleMap.2DSideScrollerExampleMap_C' with ClassGeneratedBy '/Game/2DSideScrollerBP/Maps/2DSideScrollerExampleMap.2DSideScrollerExampleMap:PersistentLevel.2DSideScrollerExampleMap'
[2018.05.12-02.31.51:790][357]Cmd: QUIT_EDITOR
[2018.05.12-02.31.53:161][357]LogExit: Preparing to exit.
[2018.05.12-02.31.54:645][357]LogDirectoryWatcher: A directory notification for 'C:/Users/Charlie.CHARLIE-SAN/Documents/GitHub/UE4JAM/ue4jam/Content/' was aborted.
[2018.05.12-02.31.54:921][357]LogExit: Editor shut down
[2018.05.12-02.31.54:956][357]LogExit: Transaction tracking system shut down
[2018.05.12-02.31.55:290][357]LogDirectoryWatcher: A directory notification for '../../../Engine/Content/' was aborted.
[2018.05.12-02.31.55:290][357]LogDirectoryWatcher: A directory notification for '../../../../../../Users/Charlie.CHARLIE-SAN/Documents/GitHub/UE4JAM/ue4jam/Content/' was aborted.
[2018.05.12-02.31.55:290][357]LogDirectoryWatcher: A directory notification for '../../../Engine/Plugins/2D/Paper2D/Content/' was aborted.
[2018.05.12-02.31.55:290][357]LogDirectoryWatcher: A directory notification for '../../../Engine/Plugins/Runtime/Oculus/OculusVR/Content/' was aborted.
[2018.05.12-02.31.55:290][357]LogDirectoryWatcher: A directory notification for '../../../Engine/Plugins/Runtime/Steam/SteamVR/Content/' was aborted.
[2018.05.12-02.31.58:187][357]LogExit: Object subsystem successfully closed.
[2018.05.12-02.31.58:466][357]LogD3D11RHI: Shutdown
[2018.05.12-02.31.58:476][357]LogD3D11RHI: CleanupD3DDevice
[2018.05.12-02.31.58:986][357]LogD3D11RHI: ~FD3D11DynamicRHI
[2018.05.12-02.32.00:154][357]LogModuleManager: Shutting down and abandoning module MovieSceneCapture (538)
[2018.05.12-02.32.00:154][357]LogModuleManager: Shutting down and abandoning module SequencerWidgets (536)
[2018.05.12-02.32.00:154][357]LogModuleManager: Shutting down and abandoning module BlueprintGraph (534)
[2018.05.12-02.32.00:154][357]LogModuleManager: Shutting down and abandoning module BlueprintProfiler (532)
[2018.05.12-02.32.00:170][357]LogModuleManager: Shutting down and abandoning module HierarchicalLODOutliner (530)
[2018.05.12-02.32.00:170][357]LogModuleManager: Shutting down and abandoning module SceneOutliner (528)
[2018.05.12-02.32.00:177][357]LogModuleManager: Shutting down and abandoning module AddContentDialog (526)
[2018.05.12-02.32.00:185][357]LogDirectoryWatcher: A directory notification for 'C:/Program Files/Epic Games/UE_4.17/FeaturePacks/' was aborted.
[2018.05.12-02.32.00:202][357]LogModuleManager: Shutting down and abandoning module WidgetCarousel (525)
[2018.05.12-02.32.00:202][357]LogModuleManager: Shutting down and abandoning module EditorWidgets (522)
[2018.05.12-02.32.00:202][357]LogModuleManager: Shutting down and abandoning module CollectionManager (520)
[2018.05.12-02.32.00:212][357]LogDirectoryWatcher: A directory notification for 'C:/Users/Charlie.CHARLIE-SAN/Documents/GitHub/UE4JAM/ue4jam/Content/Collections/' was aborted.
[2018.05.12-02.32.00:212][357]LogDirectoryWatcher: A directory notification for 'C:/Users/Charlie.CHARLIE-SAN/Documents/GitHub/UE4JAM/ue4jam/Content/Developers/Charlie/Collections/' was aborted.
[2018.05.12-02.32.00:212][357]LogDirectoryWatcher: A directory notification for 'C:/Users/Charlie.CHARLIE-SAN/Documents/GitHub/UE4JAM/ue4jam/Saved/Collections/' was aborted.
[2018.05.12-02.32.00:212][357]LogModuleManager: Shutting down and abandoning module StatsViewer (518)
[2018.05.12-02.32.00:232][357]LogModuleManager: Shutting down and abandoning module FoliageEdit (516)
[2018.05.12-02.32.00:232][357]LogModuleManager: Shutting down and abandoning module LandscapeEditor (514)
[2018.05.12-02.32.00:241][357]LogModuleManager: Shutting down and abandoning module MeshPaintMode (512)
[2018.05.12-02.32.00:241][357]LogModuleManager: Shutting down and abandoning module SceneDepthPickerMode (510)
[2018.05.12-02.32.00:241][357]LogModuleManager: Shutting down and abandoning module ActorPickerMode (508)
[2018.05.12-02.32.00:241][357]LogModuleManager: Shutting down and abandoning module GeometryMode (506)
[2018.05.12-02.32.00:241][357]LogModuleManager: Shutting down and abandoning module TextureAlignMode (504)
[2018.05.12-02.32.00:241][357]LogModuleManager: Shutting down and abandoning module BspMode (502)
[2018.05.12-02.32.00:249][357]LogModuleManager: Shutting down and abandoning module PIEPreviewDeviceProfileSelector (500)
[2018.05.12-02.32.00:249][357]LogModuleManager: Shutting down and abandoning module HardwareSurvey (498)
[2018.05.12-02.32.00:249][357]LogModuleManager: Shutting down and abandoning module SequenceRecorderSections (496)
[2018.05.12-02.32.00:264][357]LogModuleManager: Shutting down and abandoning module AutomationWorker (494)
[2018.05.12-02.32.00:272][357]LogModuleManager: Shutting down and abandoning module MatineeToLevelSequence (492)
[2018.05.12-02.32.00:290][357]LogModuleManager: Shutting down and abandoning module LevelSequenceEditor (490)
[2018.05.12-02.32.00:321][357]LogModuleManager: Shutting down and abandoning module PlacementMode (489)
[2018.05.12-02.32.00:321][357]LogModuleManager: Shutting down and abandoning module WmfMediaFactory (486)
[2018.05.12-02.32.00:321][357]LogModuleManager: Shutting down and abandoning module WmfMediaEditor (484)
[2018.05.12-02.32.00:321][357]LogModuleManager: Shutting down and abandoning module AvfMediaFactory (482)
[2018.05.12-02.32.00:322][357]LogModuleManager: Shutting down and abandoning module AvfMediaEditor (480)
[2018.05.12-02.32.00:322][357]LogModuleManager: Shutting down and abandoning module AndroidMediaFactory (478)
[2018.05.12-02.32.00:322][357]LogModuleManager: Shutting down and abandoning module Media (477)
[2018.05.12-02.32.00:322][357]LogModuleManager: Shutting down and abandoning module AndroidMediaEditor (474)
[2018.05.12-02.32.00:322][357]LogModuleManager: Shutting down and abandoning module CharacterAI (472)
[2018.05.12-02.32.00:322][357]LogModuleManager: Shutting down and abandoning module AudioCapture (470)
[2018.05.12-02.32.00:322][357]LogModuleManager: Shutting down and abandoning module SequenceRecorder (469)
[2018.05.12-02.32.00:331][357]LogModuleManager: Shutting down and abandoning module SmartSnapping (466)
[2018.05.12-02.32.00:331][357]LogModuleManager: Shutting down and abandoning module SessionServices (464)
[2018.05.12-02.32.00:331][357]LogModuleManager: Shutting down and abandoning module ViewportSnapping (462)
[2018.05.12-02.32.00:331][357]LogModuleManager: Shutting down and abandoning module ViewportInteraction (460)
[2018.05.12-02.32.00:331][357]LogModuleManager: Shutting down and abandoning module ClothPainter (458)
[2018.05.12-02.32.00:352][357]LogModuleManager: Shutting down and abandoning module LogVisualizer (456)
[2018.05.12-02.32.00:366][357]LogModuleManager: Shutting down and abandoning module IntroTutorials (454)
[2018.05.12-02.32.00:379][357]LogModuleManager: Shutting down and abandoning module GameProjectGeneration (453)
[2018.05.12-02.32.00:398][357]LogModuleManager: Shutting down and abandoning module IOSPlatformEditor (450)
[2018.05.12-02.32.00:406][357]LogModuleManager: Shutting down and abandoning module HTML5PlatformEditor (448)
[2018.05.12-02.32.00:406][357]LogModuleManager: Shutting down and abandoning module AndroidPlatformEditor (446)
[2018.05.12-02.32.00:406][357]LogModuleManager: Shutting down and abandoning module AndroidDeviceDetection (445)
[2018.05.12-02.32.00:848][357]LogModuleManager: Shutting down and abandoning module WindowsPlatformEditor (442)
[2018.05.12-02.32.00:848][357]LogModuleManager: Shutting down and abandoning module IOSRuntimeSettings (440)
[2018.05.12-02.32.00:848][357]LogModuleManager: Shutting down and abandoning module AndroidRuntimeSettings (438)
[2018.05.12-02.32.00:848][357]LogModuleManager: Shutting down and abandoning module InputBindingEditor (436)
[2018.05.12-02.32.00:866][357]LogModuleManager: Shutting down and abandoning module MergeActors (434)
[2018.05.12-02.32.00:882][357]LogModuleManager: Shutting down and abandoning module SizeMap (432)
[2018.05.12-02.32.00:882][357]LogModuleManager: Shutting down and abandoning module TreeMap (430)
[2018.05.12-02.32.00:897][357]LogModuleManager: Shutting down and abandoning module ReferenceViewer (428)
[2018.05.12-02.32.00:897][357]LogModuleManager: Shutting down and abandoning module LocalizationDashboard (426)
[2018.05.12-02.32.00:910][357]LogModuleManager: Shutting down and abandoning module LocalizationService (425)
[2018.05.12-02.32.00:916][357]LogModuleManager: Shutting down and abandoning module HardwareTargeting (422)
[2018.05.12-02.32.00:916][357]LogModuleManager: Shutting down and abandoning module DeviceProfileEditor (420)
[2018.05.12-02.32.00:924][357]LogModuleManager: Shutting down and abandoning module UndoHistory (418)
[2018.05.12-02.32.00:924][357]LogModuleManager: Shutting down and abandoning module XmlParser (416)
[2018.05.12-02.32.00:931][357]LogModuleManager: Shutting down and abandoning module Blutility (414)
[2018.05.12-02.32.00:931][357]LogModuleManager: Shutting down and abandoning module ProjectSettingsViewer (412)
[2018.05.12-02.32.00:931][357]LogModuleManager: Shutting down and abandoning module ProjectTargetPlatformEditor (411)
[2018.05.12-02.32.00:931][357]LogModuleManager: Shutting down and abandoning module EditorSettingsViewer (408)
[2018.05.12-02.32.00:931][357]LogModuleManager: Shutting down and abandoning module SettingsEditor (406)
[2018.05.12-02.32.00:960][357]LogModuleManager: Shutting down and abandoning module ProjectLauncher (404)
[2018.05.12-02.32.00:970][357]LogModuleManager: Shutting down and abandoning module SessionFrontend (402)
[2018.05.12-02.32.00:978][357]LogModuleManager: Shutting down and abandoning module ProfilerClient (400)
[2018.05.12-02.32.00:996][357]LogModuleManager: Shutting down and abandoning module DeviceManager (398)
[2018.05.12-02.32.01:011][357]LogModuleManager: Shutting down and abandoning module TargetDeviceServices (397)
[2018.05.12-02.32.01:083][357]LogModuleManager: Shutting down and abandoning module AutomationController (394)
[2018.05.12-02.32.01:100][357]LogModuleManager: Shutting down and abandoning module AutomationWindow (392)
[2018.05.12-02.32.01:119][357]LogModuleManager: Shutting down and abandoning module Layers (390)
[2018.05.12-02.32.01:129][357]LogModuleManager: Shutting down and abandoning module ComponentVisualizers (388)
[2018.05.12-02.32.01:129][357]LogModuleManager: Shutting down and abandoning module DetailCustomizations (386)
[2018.05.12-02.32.01:139][357]LogModuleManager: Shutting down and abandoning module PackagesDialog (384)
[2018.05.12-02.32.01:139][357]LogModuleManager: Shutting down and abandoning module Persona (382)
[2018.05.12-02.32.01:160][357]LogModuleManager: Shutting down and abandoning module AdvancedPreviewScene (381)
[2018.05.12-02.32.01:160][357]LogModuleManager: Shutting down and abandoning module AnimGraph (379)
[2018.05.12-02.32.01:168][357]LogModuleManager: Shutting down and abandoning module Kismet (376)
[2018.05.12-02.32.01:188][357]LogModuleManager: Shutting down and abandoning module ClassViewer (374)
[2018.05.12-02.32.01:188][357]LogModuleManager: Shutting down and abandoning module Toolbox (372)
[2018.05.12-02.32.01:189][357]LogModuleManager: Shutting down and abandoning module ModuleUI (370)
[2018.05.12-02.32.01:215][357]LogModuleManager: Shutting down and abandoning module MovieSceneTools (368)
[2018.05.12-02.32.01:249][357]LogModuleManager: Shutting down and abandoning module OutputLog (366)
[2018.05.12-02.32.01:249][357]LogModuleManager: Shutting down and abandoning module GammaUI (364)
[2018.05.12-02.32.01:258][357]LogModuleManager: Shutting down and abandoning module Documentation (362)
[2018.05.12-02.32.01:260][357]LogModuleManager: Shutting down and abandoning module MovieSceneTracks (360)
[2018.05.12-02.32.01:260][357]LogModuleManager: Shutting down and abandoning module MovieScene (358)
[2018.05.12-02.32.01:260][357]LogModuleManager: Shutting down and abandoning module Niagara (356)
[2018.05.12-02.32.01:260][357]LogModuleManager: Shutting down and abandoning module NiagaraEditor (355)
[2018.05.12-02.32.01:286][357]LogModuleManager: Shutting down and abandoning module StreamingPauseRendering (352)
[2018.05.12-02.32.01:286][357]LogModuleManager: Shutting down and abandoning module LauncherPlatform (350)
[2018.05.12-02.32.01:286][357]LogModuleManager: Shutting down and abandoning module AnalyticsET (348)
[2018.05.12-02.32.01:286][357]LogModuleManager: Shutting down and abandoning module PortalServices (346)
[2018.05.12-02.32.01:286][357]LogModuleManager: Shutting down and abandoning module PortalRpc (344)
[2018.05.12-02.32.01:286][357]LogModuleManager: Shutting down and abandoning module MessagingRpc (342)
[2018.05.12-02.32.01:286][357]LogModuleManager: Shutting down and abandoning module AIModule (340)
[2018.05.12-02.32.01:286][357]LogModuleManager: Shutting down and abandoning module GameplayDebugger (339)
[2018.05.12-02.32.01:287][357]LogModuleManager: Shutting down and abandoning module AITestSuite (337)
[2018.05.12-02.32.01:303][357]LogModuleManager: Shutting down and abandoning module ProfilerService (334)
[2018.05.12-02.32.01:367][357]LogModuleManager: Shutting down and abandoning module TaskGraph (332)
[2018.05.12-02.32.01:384][357]LogModuleManager: Shutting down and abandoning module SteamVRController (330)
[2018.05.12-02.32.01:384][357]LogModuleManager: Shutting down and abandoning module ProceduralMeshComponentEditor (328)
[2018.05.12-02.32.01:385][357]LogModuleManager: Shutting down and abandoning module ProceduralMeshComponent (326)
[2018.05.12-02.32.01:385][357]LogModuleManager: Shutting down and abandoning module OculusInput (324)
[2018.05.12-02.32.01:394][357]LogModuleManager: Shutting down and abandoning module MobilePatchingUtils (322)
[2018.05.12-02.32.01:394][357]LogModuleManager: Shutting down and abandoning module CustomMeshComponent (320)
[2018.05.12-02.32.01:394][357]LogModuleManager: Shutting down and abandoning module CableComponent (318)
[2018.05.12-02.32.01:400][357]LogModuleManager: Shutting down and abandoning module ArchVisCharacter (316)
[2018.05.12-02.32.01:400][357]LogModuleManager: Shutting down and abandoning module AndroidPermission (314)
[2018.05.12-02.32.01:401][357]LogModuleManager: Shutting down and abandoning module MediaPlayerEditor (310)
[2018.05.12-02.32.01:421][357]LogModuleManager: Shutting down and abandoning module HTML5Networking (308)
[2018.05.12-02.32.01:421][357]LogModuleManager: Shutting down and abandoning module AlembicImporter (306)
[2018.05.12-02.32.01:430][357]LogModuleManager: Shutting down and abandoning module AlembicLibrary (305)
[2018.05.12-02.32.01:430][357]LogModuleManager: Shutting down and abandoning module GeometryCache (304)
[2018.05.12-02.32.01:430][357]LogModuleManager: Shutting down and abandoning module GeometryCacheEd (303)
[2018.05.12-02.32.01:430][357]LogModuleManager: Shutting down and abandoning module SpeedTreeImporter (298)
[2018.05.12-02.32.01:430][357]LogModuleManager: Shutting down and abandoning module PluginBrowser (296)
[2018.05.12-02.32.01:455][357]LogModuleManager: Shutting down and abandoning module MobileLauncherProfileWizard (294)
[2018.05.12-02.32.01:470][357]LogModuleManager: Shutting down and abandoning module VisualStudioSourceCodeAccess (292)
[2018.05.12-02.32.01:470][357]LogModuleManager: Shutting down and abandoning module DesktopPlatform (291)
[2018.05.12-02.32.01:477][357]LogModuleManager: Shutting down and abandoning module UObjectPlugin (288)
[2018.05.12-02.32.01:477][357]LogModuleManager: Shutting down and abandoning module SubversionSourceControl (286)
[2018.05.12-02.32.01:494][357]LogModuleManager: Shutting down and abandoning module PerforceSourceControl (284)
[2018.05.12-02.32.01:510][357]LogModuleManager: Shutting down and abandoning module GitSourceControl (282)
[2018.05.12-02.32.01:532][357]LogModuleManager: Shutting down and abandoning module SourceControl (281)
[2018.05.12-02.32.01:557][357]LogModuleManager: Shutting down and abandoning module LightPropagationVolumeEditor (278)
[2018.05.12-02.32.01:557][357]LogModuleManager: Shutting down and abandoning module PaperTiledImporter (276)
[2018.05.12-02.32.01:557][357]LogModuleManager: Shutting down and abandoning module PaperSpriteSheetImporter (274)
[2018.05.12-02.32.01:557][357]LogModuleManager: Shutting down and abandoning module Paper2DEditor (272)
[2018.05.12-02.32.01:571][357]LogModuleManager: Shutting down and abandoning module MeshPaint (271)
[2018.05.12-02.32.01:581][357]LogModuleManager: Shutting down and abandoning module LevelEditor (269)
[2018.05.12-02.32.01:597][357]LogModuleManager: Shutting down and abandoning module PixelInspectorModule (268)
[2018.05.12-02.32.01:617][357]LogModuleManager: Shutting down and abandoning module MainFrame (266)
[2018.05.12-02.32.01:617][357]LogModuleManager: Shutting down and abandoning module HotReload (265)
[2018.05.12-02.32.01:630][357]LogModuleManager: Shutting down and abandoning module RuntimePhysXCooking (260)
[2018.05.12-02.32.01:630][357]LogModuleManager: Shutting down and abandoning module PhysXVehiclesEditor (258)
[2018.05.12-02.32.01:630][357]LogModuleManager: Shutting down and abandoning module PhysXVehicles (256)
[2018.05.12-02.32.01:630][357]LogModuleManager: Shutting down and abandoning module OculusEditor (254)
[2018.05.12-02.32.01:630][357]LogModuleManager: Shutting down and abandoning module LocationServicesBPLibrary (252)
[2018.05.12-02.32.01:630][357]LogModuleManager: Shutting down and abandoning module ImmediatePhysicsEditor (250)
[2018.05.12-02.32.01:630][357]LogModuleManager: Shutting down and abandoning module ImmediatePhysics (248)
[2018.05.12-02.32.01:644][357]LogModuleManager: Shutting down and abandoning module UdpMessaging (246)
[2018.05.12-02.32.01:744][357]LogModuleManager: Shutting down and abandoning module TcpMessaging (244)
[2018.05.12-02.32.01:855][357]LogModuleManager: Shutting down and abandoning module GameplayTagsEditor (242)
[2018.05.12-02.32.01:876][357]LogModuleManager: Shutting down and abandoning module FacialAnimationEditor (240)
[2018.05.12-02.32.01:876][357]LogModuleManager: Shutting down and abandoning module FacialAnimation (238)
[2018.05.12-02.32.01:876][357]LogModuleManager: Shutting down and abandoning module AssetManagerEditor (236)
[2018.05.12-02.32.01:894][357]LogModuleManager: Shutting down and abandoning module GraphEditor (235)
[2018.05.12-02.32.01:894][357]LogModuleManager: Shutting down and abandoning module ContentBrowser (233)
[2018.05.12-02.32.01:896][357]LogModuleManager: Shutting down and abandoning module LightPropagationVolumeRuntime (230)
[2018.05.12-02.32.01:896][357]LogModuleManager: Shutting down and abandoning module Paper2D (228)
[2018.05.12-02.32.01:946][357]LogModuleManager: Shutting down and abandoning module WindowsMoviePlayer (226)
[2018.05.12-02.32.01:989][357]LogModuleManager: Shutting down and abandoning module WmfMedia (224)
[2018.05.12-02.32.02:018][357]LogModuleManager: Shutting down and abandoning module PacketHandler (222)
[2018.05.12-02.32.02:018][357]LogModuleManager: Shutting down and abandoning module ClothingSystemEditor (220)
[2018.05.12-02.32.02:030][357]LogModuleManager: Shutting down and abandoning module ClothingSystemRuntime (218)
[2018.05.12-02.32.02:059][357]LogModuleManager: Shutting down and abandoning module Overlay (216)
[2018.05.12-02.32.02:059][357]LogModuleManager: Shutting down and abandoning module OverlayEditor (215)
[2018.05.12-02.32.02:059][357]LogModuleManager: Shutting down and abandoning module MediaAssets (212)
[2018.05.12-02.32.02:060][357]LogModuleManager: Shutting down and abandoning module VREditor (210)
[2018.05.12-02.32.02:075][357]LogModuleManager: Shutting down and abandoning module StringTableEditor (208)
[2018.05.12-02.32.02:087][357]LogModuleManager: Shutting down and abandoning module GameplayTasksEditor (206)
[2018.05.12-02.32.02:087][357]LogModuleManager: Shutting down and abandoning module BehaviorTreeEditor (204)
[2018.05.12-02.32.02:145][357]LogModuleManager: Shutting down and abandoning module FunctionalTesting (202)
[2018.05.12-02.32.02:145][357]LogModuleManager: Shutting down and abandoning module CollisionAnalyzer (200)
[2018.05.12-02.32.02:153][357]LogModuleManager: Shutting down and abandoning module WorkspaceMenuStructure (199)
[2018.05.12-02.32.02:153][357]LogModuleManager: Shutting down and abandoning module UMG (196)
[2018.05.12-02.32.02:153][357]LogModuleManager: Shutting down and abandoning module UMGEditor (195)
[2018.05.12-02.32.02:153][357]LogModuleManager: Shutting down and abandoning module Sequencer (194)
[2018.05.12-02.32.02:153][357]LogModuleManager: Shutting down and abandoning module MessageLog (191)
[2018.05.12-02.32.02:153][357]LogModuleManager: Shutting down and abandoning module SlateReflector (186)
[2018.05.12-02.32.02:168][357]LogModuleManager: Shutting down and abandoning module Slate (184)
[2018.05.12-02.32.02:168][357]LogModuleManager: Shutting down and abandoning module EditorStyle (182)
[2018.05.12-02.32.02:237][357]LogModuleManager: Shutting down and abandoning module MRMesh (180)
[2018.05.12-02.32.02:237][357]LogModuleManager: Shutting down and abandoning module SourceCodeAccess (178)
[2018.05.12-02.32.02:237][357]LogModuleManager: Shutting down and abandoning module HeadMountedDisplay (176)
[2018.05.12-02.32.02:237][357]LogModuleManager: Shutting down and abandoning module XAudio2 (174)
[2018.05.12-02.32.02:237][357]LogModuleManager: Shutting down and abandoning module Networking (172)
[2018.05.12-02.32.02:237][357]LogModuleManager: Shutting down and abandoning module Core (168)
[2018.05.12-02.32.02:237][357]LogModuleManager: Shutting down and abandoning module KismetCompiler (164)
[2018.05.12-02.32.02:237][357]LogModuleManager: Shutting down and abandoning module LevelSequence (162)
[2018.05.12-02.32.02:237][357]LogModuleManager: Shutting down and abandoning module MeshUtilities (160)
[2018.05.12-02.32.02:273][357]LogModuleManager: Shutting down and abandoning module MeshMergeUtilities (159)
[2018.05.12-02.32.02:285][357]LogModuleManager: Shutting down and abandoning module MeshReductionInterface (158)
[2018.05.12-02.32.02:285][357]LogModuleManager: Shutting down and abandoning module SimplygonSwarm (157)
[2018.05.12-02.32.02:295][357]LogModuleManager: Shutting down and abandoning module SimplygonMeshReduction (155)
[2018.05.12-02.32.02:295][357]LogModuleManager: Shutting down and abandoning module QuadricMeshReduction (153)
[2018.05.12-02.32.02:317][357]LogModuleManager: Shutting down and abandoning module MaterialBaking (149)
[2018.05.12-02.32.02:327][357]LogModuleManager: Shutting down and abandoning module DirectoryWatcher (146)
[2018.05.12-02.32.02:333][357]LogModuleManager: Shutting down and abandoning module DerivedDataCache (144)
[2018.05.12-02.32.02:373][357]LogDerivedDataCache: Shutdown
[2018.05.12-02.32.02:373][357]LogModuleManager: Shutting down and abandoning module TargetPlatform (142)
[2018.05.12-02.32.02:374][357]LogModuleManager: Shutting down and abandoning module VulkanShaderFormat (141)
[2018.05.12-02.32.02:388][357]LogModuleManager: Shutting down and abandoning module ShaderFormatVectorVM (139)
[2018.05.12-02.32.02:401][357]LogModuleManager: Shutting down and abandoning module ShaderFormatOpenGL (137)
[2018.05.12-02.32.02:405][357]LogModuleManager: Shutting down and abandoning module ShaderFormatD3D (135)
[2018.05.12-02.32.02:417][357]LogModuleManager: Shutting down and abandoning module MetalShaderFormat (133)
[2018.05.12-02.32.02:431][357]LogModuleManager: Shutting down and abandoning module TextureFormatUncompressed (131)
[2018.05.12-02.32.02:431][357]LogModuleManager: Shutting down and abandoning module TextureFormatPVR (129)
[2018.05.12-02.32.02:431][357]LogModuleManager: Shutting down and abandoning module TextureFormatDXT (127)
[2018.05.12-02.32.02:444][357]LogModuleManager: Shutting down and abandoning module TextureFormatIntelISPCTexComp (125)
[2018.05.12-02.32.02:456][357]LogModuleManager: Shutting down and abandoning module TextureFormatASTC (123)
[2018.05.12-02.32.02:456][357]LogModuleManager: Shutting down and abandoning module ImageWrapper (122)
[2018.05.12-02.32.02:456][357]LogModuleManager: Shutting down and abandoning module TextureFormatAndroid (119)
[2018.05.12-02.32.02:456][357]LogModuleManager: Shutting down and abandoning module AudioFormatOpus (117)
[2018.05.12-02.32.02:456][357]LogModuleManager: Shutting down and abandoning module AudioFormatOgg (115)
[2018.05.12-02.32.02:456][357]LogModuleManager: Shutting down and abandoning module AudioFormatADPCM (113)
[2018.05.12-02.32.02:456][357]LogModuleManager: Shutting down and abandoning module LinuxTargetPlatform (111)
[2018.05.12-02.32.02:456][357]LogModuleManager: Shutting down and abandoning module LinuxServerTargetPlatform (109)
[2018.05.12-02.32.02:456][357]LogModuleManager: Shutting down and abandoning module LinuxNoEditorTargetPlatform (107)
[2018.05.12-02.32.02:456][357]LogModuleManager: Shutting down and abandoning module LinuxClientTargetPlatform (105)
[2018.05.12-02.32.02:456][357]LogModuleManager: Shutting down and abandoning module TVOSTargetPlatform (103)
[2018.05.12-02.32.02:456][357]LogModuleManager: Shutting down and abandoning module Messaging (101)
[2018.05.12-02.32.02:456][357]LogModuleManager: Shutting down and abandoning module IOSTargetPlatform (99)
[2018.05.12-02.32.02:457][357]LogModuleManager: Shutting down and abandoning module HTML5TargetPlatform (97)
[2018.05.12-02.32.02:457][357]LogModuleManager: Shutting down and abandoning module Android_PVRTCTargetPlatform (95)
[2018.05.12-02.32.02:457][357]LogModuleManager: Shutting down and abandoning module Android_MultiTargetPlatform (93)
[2018.05.12-02.32.02:457][357]LogModuleManager: Shutting down and abandoning module Android_ETC2TargetPlatform (91)
[2018.05.12-02.32.02:457][357]LogModuleManager: Shutting down and abandoning module Android_ETC1TargetPlatform (89)
[2018.05.12-02.32.02:457][357]LogModuleManager: Shutting down and abandoning module Android_DXTTargetPlatform (87)
[2018.05.12-02.32.02:457][357]LogModuleManager: Shutting down and abandoning module Android_ATCTargetPlatform (85)
[2018.05.12-02.32.02:457][357]LogModuleManager: Shutting down and abandoning module Android_ASTCTargetPlatform (83)
[2018.05.12-02.32.02:457][357]LogModuleManager: Shutting down and abandoning module AndroidTargetPlatform (81)
[2018.05.12-02.32.02:457][357]LogModuleManager: Shutting down and abandoning module WindowsTargetPlatform (79)
[2018.05.12-02.32.02:457][357]LogModuleManager: Shutting down and abandoning module WindowsServerTargetPlatform (77)
[2018.05.12-02.32.02:457][357]LogModuleManager: Shutting down and abandoning module WindowsNoEditorTargetPlatform (75)
[2018.05.12-02.32.02:457][357]LogModuleManager: Shutting down and abandoning module WindowsClientTargetPlatform (73)
[2018.05.12-02.32.02:457][357]LogModuleManager: Shutting down and abandoning module MacTargetPlatform (71)
[2018.05.12-02.32.02:457][357]LogModuleManager: Shutting down and abandoning module MacServerTargetPlatform (69)
[2018.05.12-02.32.02:457][357]LogModuleManager: Shutting down and abandoning module MacNoEditorTargetPlatform (67)
[2018.05.12-02.32.02:457][357]LogModuleManager: Shutting down and abandoning module MacClientTargetPlatform (65)
[2018.05.12-02.32.02:457][357]LogModuleManager: Shutting down and abandoning module AllDesktopTargetPlatform (63)
[2018.05.12-02.32.02:457][357]LogModuleManager: Shutting down and abandoning module InputCore (60)
[2018.05.12-02.32.02:457][357]LogModuleManager: Shutting down and abandoning module Settings (58)
[2018.05.12-02.32.02:457][357]LogModuleManager: Shutting down and abandoning module PhysXCooking (56)
[2018.05.12-02.32.02:457][357]LogModuleManager: Shutting down and abandoning module SteamVR (54)
[2018.05.12-02.32.02:457][357]LogModuleManager: Shutting down and abandoning module OculusHMD (52)
[2018.05.12-02.32.02:463][357]LogModuleManager: Shutting down and abandoning module ExampleDeviceProfileSelector (50)
[2018.05.12-02.32.02:463][357]LogModuleManager: Shutting down and abandoning module OnlineBlueprintSupport (48)
[2018.05.12-02.32.02:463][357]LogModuleManager: Shutting down and abandoning module OnlineSubsystem (44)
[2018.05.12-02.32.02:463][357]LogOnline: Display: Unloading online subsystem: NULL
[2018.05.12-02.32.02:485][357]LogModuleManager: Shutting down and abandoning module XMPP (43)
[2018.05.12-02.32.02:508][357]LogModuleManager: Shutting down and abandoning module HTTP (41)
[2018.05.12-02.32.02:508][357]LogHttp: Display: Http module shutting down, but needs to wait on 1 outstanding Http requests:
[2018.05.12-02.32.02:515][357]LogHttp: Display: 	verb=[POST] url=[https://datarouter.ol.epicgames.com/datarouter/api/v1/public/data?SessionID=%7B9027E8B0-4714-0185-1A92-269BED0C02E0%7D&AppID=UEEditor.Rocket.Release&AppVersion=4.17.2-3658906%2B%2B%2BUE4%2BRelease-4.17&UserID=2d96614f43405f09b0b0be82ce8bbb24%7C49732d51d5944a2db6608e23e96bf5fb%7C2c4c1f75-4c89-448a-89df-a419b7b542ef&AppEnvironment=datacollector-binary&UploadType=eteventstream] status=Processing
[2018.05.12-02.32.02:538][357]LogModuleManager: Shutting down and abandoning module SSL (40)
[2018.05.12-02.32.02:550][357]LogModuleManager: Shutting down and abandoning module AnimationModifiers (36)
[2018.05.12-02.32.02:560][357]LogModuleManager: Shutting down and abandoning module PropertyEditor (35)
[2018.05.12-02.32.02:560][357]LogModuleManager: Shutting down and abandoning module AudioEditor (32)
[2018.05.12-02.32.02:599][357]LogModuleManager: Shutting down and abandoning module TextureCompressor (30)
[2018.05.12-02.32.02:599][357]LogModuleManager: Shutting down and abandoning module ShaderCore (28)
[2018.05.12-02.32.02:599][357]LogModuleManager: Shutting down and abandoning module Landscape (26)
[2018.05.12-02.32.02:599][357]LogModuleManager: Shutting down and abandoning module SlateRHIRenderer (24)
[2018.05.12-02.32.02:625][357]LogModuleManager: Shutting down and abandoning module OpenGLDrv (22)
[2018.05.12-02.32.02:637][357]LogModuleManager: Shutting down and abandoning module D3D11RHI (20)
[2018.05.12-02.32.02:637][357]LogModuleManager: Shutting down and abandoning module AnimGraphRuntime (18)
[2018.05.12-02.32.02:648][357]LogModuleManager: Shutting down and abandoning module Renderer (16)
[2018.05.12-02.32.02:648][357]LogModuleManager: Shutting down and abandoning module Engine (14)
[2018.05.12-02.32.02:648][357]LogModuleManager: Shutting down and abandoning module CoreUObject (12)
[2018.05.12-02.32.02:648][357]LogModuleManager: Shutting down and abandoning module NetworkFile (10)
[2018.05.12-02.32.02:655][357]LogModuleManager: Shutting down and abandoning module CookedIterativeFile (8)
[2018.05.12-02.32.02:655][357]LogModuleManager: Shutting down and abandoning module StreamingFile (6)
[2018.05.12-02.32.02:662][357]LogModuleManager: Shutting down and abandoning module SandboxFile (4)
[2018.05.12-02.32.02:669][357]LogModuleManager: Shutting down and abandoning module PakFile (2)
[2018.05.12-02.32.02:687][357]LogExit: Exiting.
[2018.05.12-02.32.02:708][357]Log file closed, 05/12/18 03:32:02
